{"/Users/enqurance/Desktop/BUAA/大三下/Agile/Agile_Frontend/src/components/RegisterPage.vue": {"path":"/Users/enqurance/Desktop/BUAA/大三下/Agile/Agile_Frontend/src/components/RegisterPage.vue","statementMap":{"0":{"start":{"line":4,"column":29},"end":{"line":4,"column":178}},"1":{"start":{"line":5,"column":0},"end":{"line":7,"column":3}},"2":{"start":{"line":8,"column":0},"end":{"line":8,"column":25}},"3":{"start":{"line":25,"column":0},"end":{"line":25,"column":13}},"4":{"start":{"line":27,"column":0},"end":{"line":29,"column":3}},"5":{"start":{"line":30,"column":0},"end":{"line":30,"column":24}},"6":{"start":{"line":31,"column":11},"end":{"line":31,"column":25}},"7":{"start":{"line":33,"column":36},"end":{"line":33,"column":80}},"8":{"start":{"line":34,"column":2},"end":{"line":36,"column":51}},"9":{"start":{"line":37,"column":2},"end":{"line":37,"column":49}}},"fnMap":{"0":{"name":"render","decl":{"start":{"line":32,"column":9},"end":{"line":32,"column":15}},"loc":{"start":{"line":32,"column":30},"end":{"line":37,"column":1}},"line":32}},"branchMap":{"0":{"loc":{"start":{"line":34,"column":9},"end":{"line":36,"column":50}},"type":"cond-expr","locations":[{"start":{"line":34,"column":34},"end":{"line":36,"column":4}},{"start":{"line":36,"column":8},"end":{"line":36,"column":50}}],"line":34}},"s":{"0":1,"1":1,"2":1,"3":1,"4":1,"5":1,"6":1,"7":2,"8":2,"9":1},"f":{"0":2},"b":{"0":[1,1]},"inputSourceMap":{"0":"{","1":"\"","2":"v","3":"e","4":"r","5":"s","6":"i","7":"o","8":"n","9":"\"","10":":","11":"3","12":",","13":"\"","14":"s","15":"o","16":"u","17":"r","18":"c","19":"e","20":"s","21":"\"","22":":","23":"[","24":"\"","25":"/","26":"U","27":"s","28":"e","29":"r","30":"s","31":"/","32":"e","33":"n","34":"q","35":"u","36":"r","37":"a","38":"n","39":"c","40":"e","41":"/","42":"D","43":"e","44":"s","45":"k","46":"t","47":"o","48":"p","49":"/","50":"B","51":"U","52":"A","53":"A","54":"/","55":"大","56":"三","57":"下","58":"/","59":"A","60":"g","61":"i","62":"l","63":"e","64":"/","65":"A","66":"g","67":"i","68":"l","69":"e","70":"_","71":"F","72":"r","73":"o","74":"n","75":"t","76":"e","77":"n","78":"d","79":"/","80":"s","81":"r","82":"c","83":"/","84":"c","85":"o","86":"m","87":"p","88":"o","89":"n","90":"e","91":"n","92":"t","93":"s","94":"/","95":"R","96":"e","97":"g","98":"i","99":"s","100":"t","101":"e","102":"r","103":"P","104":"a","105":"g","106":"e","107":".","108":"v","109":"u","110":"e","111":"\"","112":"]","113":",","114":"\"","115":"n","116":"a","117":"m","118":"e","119":"s","120":"\"","121":":","122":"[","123":"]","124":",","125":"\"","126":"m","127":"a","128":"p","129":"p","130":"i","131":"n","132":"g","133":"s","134":"\"","135":":","136":"\"","137":";","138":";","139":";","140":";","141":";","142":";","143":";","144":";","145":"A","146":"A","147":"K","148":"A","149":";","150":"A","151":"A","152":"A","153":"A","154":";","155":"A","156":"A","157":"A","158":"A","159":";","160":"A","161":"A","162":"A","163":"g","164":"E","165":";","166":"A","167":"A","168":"A","169":"A","170":",","171":"e","172":"A","173":"E","174":"j","175":"D","176":";","177":"E","178":"A","179":"C","180":"X","181":",","182":"I","183":"A","184":"A","185":"I","186":",","187":"E","188":"A","189":"A","190":"E","191":",","192":"c","193":"A","194":"A","195":"c","196":";","197":"E","198":"A","199":"C","200":"p","201":"B","202":",","203":"U","204":"A","205":"A","206":"U","207":",","208":"E","209":"A","210":"A","211":"E","212":";","213":"I","214":"A","215":"A","216":"C","217":",","218":"c","219":"A","220":"A","221":"c","222":";","223":"I","224":"A","225":"A","226":"d","227":";","228":"I","229":"A","230":"A","231":"A","232":";","233":"I","234":"A","235":"A","236":"A","237":";","238":"I","239":"A","240":"A","241":"A","242":";","243":"E","244":"A","245":"A","246":"c","247":";","248":"A","249":"A","250":"C","251":"/","252":"B","253":",","254":"C","255":"A","256":"A","257":"C","258":";","259":"A","260":"A","261":"A","262":"A","263":";","264":"A","265":"A","266":"A","267":"A","268":"\"","269":",","270":"\"","271":"f","272":"i","273":"l","274":"e","275":"\"","276":":","277":"\"","278":"/","279":"U","280":"s","281":"e","282":"r","283":"s","284":"/","285":"e","286":"n","287":"q","288":"u","289":"r","290":"a","291":"n","292":"c","293":"e","294":"/","295":"D","296":"e","297":"s","298":"k","299":"t","300":"o","301":"p","302":"/","303":"B","304":"U","305":"A","306":"A","307":"/","308":"大","309":"三","310":"下","311":"/","312":"A","313":"g","314":"i","315":"l","316":"e","317":"/","318":"A","319":"g","320":"i","321":"l","322":"e","323":"_","324":"F","325":"r","326":"o","327":"n","328":"t","329":"e","330":"n","331":"d","332":"/","333":"s","334":"r","335":"c","336":"/","337":"c","338":"o","339":"m","340":"p","341":"o","342":"n","343":"e","344":"n","345":"t","346":"s","347":"/","348":"R","349":"e","350":"g","351":"i","352":"s","353":"t","354":"e","355":"r","356":"P","357":"a","358":"g","359":"e","360":".","361":"v","362":"u","363":"e","364":"\"","365":",","366":"\"","367":"s","368":"o","369":"u","370":"r","371":"c","372":"e","373":"s","374":"C","375":"o","376":"n","377":"t","378":"e","379":"n","380":"t","381":"\"","382":":","383":"[","384":"\"","385":"<","386":"t","387":"e","388":"m","389":"p","390":"l","391":"a","392":"t","393":"e","394":">","395":"\\","396":"n","397":" ","398":" ","399":" ","400":" ","401":"<","402":"P","403":"C","404":"R","405":"e","406":"g","407":"i","408":"s","409":"t","410":"e","411":"r","412":"P","413":"a","414":"g","415":"e","416":" ","417":"v","418":"-","419":"i","420":"f","421":"=","422":"\\","423":"\"","424":"t","425":"h","426":"i","427":"s","428":".","429":"$","430":"d","431":"e","432":"v","433":"i","434":"c","435":"e","436":"=","437":"=","438":"=","439":"'","440":"p","441":"c","442":"'","443":"\\","444":"\"","445":"/","446":">","447":"\\","448":"n","449":"<","450":"/","451":"t","452":"e","453":"m","454":"p","455":"l","456":"a","457":"t","458":"e","459":">","460":"\\","461":"n","462":"\\","463":"n","464":"<","465":"s","466":"c","467":"r","468":"i","469":"p","470":"t","471":">","472":"\\","473":"n","474":"i","475":"m","476":"p","477":"o","478":"r","479":"t","480":" ","481":"P","482":"C","483":"R","484":"e","485":"g","486":"i","487":"s","488":"t","489":"e","490":"r","491":"P","492":"a","493":"g","494":"e","495":" ","496":"f","497":"r","498":"o","499":"m","500":" ","501":"\\","502":"\"","503":"@","504":"/","505":"c","506":"o","507":"m","508":"p","509":"o","510":"n","511":"e","512":"n","513":"t","514":"s","515":"/","516":"p","517":"c","518":"/","519":"P","520":"C","521":"R","522":"e","523":"g","524":"i","525":"s","526":"t","527":"e","528":"r","529":"V","530":"i","531":"e","532":"w","533":".","534":"v","535":"u","536":"e","537":"\\","538":"\"","539":";","540":"\\","541":"n","542":"\\","543":"n","544":"e","545":"x","546":"p","547":"o","548":"r","549":"t","550":" ","551":"d","552":"e","553":"f","554":"a","555":"u","556":"l","557":"t","558":" ","559":"{","560":"\\","561":"n","562":" ","563":" ","564":" ","565":" ","566":"n","567":"a","568":"m","569":"e","570":":","571":" ","572":"\\","573":"\"","574":"R","575":"e","576":"g","577":"i","578":"s","579":"t","580":"e","581":"r","582":"P","583":"a","584":"g","585":"e","586":"\\","587":"\"","588":",","589":"\\","590":"n","591":" ","592":" ","593":" ","594":" ","595":"c","596":"o","597":"m","598":"p","599":"o","600":"n","601":"e","602":"n","603":"t","604":"s","605":":","606":" ","607":"{","608":"P","609":"C","610":"R","611":"e","612":"g","613":"i","614":"s","615":"t","616":"e","617":"r","618":"P","619":"a","620":"g","621":"e","622":"}","623":",","624":"\\","625":"n","626":"}","627":"\\","628":"n","629":"<","630":"/","631":"s","632":"c","633":"r","634":"i","635":"p","636":"t","637":">","638":"\\","639":"n","640":"\\","641":"n","642":"<","643":"s","644":"t","645":"y","646":"l","647":"e","648":" ","649":"s","650":"c","651":"o","652":"p","653":"e","654":"d","655":">","656":"\\","657":"n","658":"\\","659":"n","660":"<","661":"/","662":"s","663":"t","664":"y","665":"l","666":"e","667":">","668":"\"","669":"]","670":"}"},"_coverageSchema":"1a1c01bbd47fc00a2c39e90264f33305004495a9","hash":"900d3bc7c2f9d676c5a8be6b1980abbba601752f"}
,"/Users/enqurance/Desktop/BUAA/大三下/Agile/Agile_Frontend/src/components/pc/PCRegisterView.vue": {"path":"/Users/enqurance/Desktop/BUAA/大三下/Agile/Agile_Frontend/src/components/pc/PCRegisterView.vue","statementMap":{"0":{"start":{"line":4,"column":29},"end":{"line":4,"column":178}},"1":{"start":{"line":5,"column":0},"end":{"line":7,"column":3}},"2":{"start":{"line":8,"column":0},"end":{"line":8,"column":25}},"3":{"start":{"line":9,"column":0},"end":{"line":9,"column":44}},"4":{"start":{"line":245,"column":0},"end":{"line":245,"column":13}},"5":{"start":{"line":247,"column":0},"end":{"line":249,"column":3}},"6":{"start":{"line":250,"column":0},"end":{"line":250,"column":24}},"7":{"start":{"line":251,"column":11},"end":{"line":251,"column":25}},"8":{"start":{"line":252,"column":19},"end":{"line":254,"column":1}},"9":{"start":{"line":255,"column":32},"end":{"line":264,"column":22}},"10":{"start":{"line":265,"column":19},"end":{"line":267,"column":1}},"11":{"start":{"line":268,"column":19},"end":{"line":273,"column":1}},"12":{"start":{"line":275,"column":30},"end":{"line":275,"column":68}},"13":{"start":{"line":276,"column":34},"end":{"line":276,"column":76}},"14":{"start":{"line":277,"column":31},"end":{"line":277,"column":70}},"15":{"start":{"line":278,"column":31},"end":{"line":278,"column":70}},"16":{"start":{"line":279,"column":31},"end":{"line":279,"column":70}},"17":{"start":{"line":280,"column":30},"end":{"line":280,"column":68}},"18":{"start":{"line":281,"column":37},"end":{"line":281,"column":82}},"19":{"start":{"line":282,"column":29},"end":{"line":282,"column":66}},"20":{"start":{"line":283,"column":31},"end":{"line":283,"column":70}},"21":{"start":{"line":284,"column":2},"end":{"line":460,"column":55}},"22":{"start":{"line":289,"column":37},"end":{"line":454,"column":7}},"23":{"start":{"line":293,"column":39},"end":{"line":298,"column":57}},"24":{"start":{"line":295,"column":67},"end":{"line":295,"column":102}},"25":{"start":{"line":304,"column":39},"end":{"line":309,"column":57}},"26":{"start":{"line":306,"column":67},"end":{"line":306,"column":99}},"27":{"start":{"line":319,"column":39},"end":{"line":324,"column":57}},"28":{"start":{"line":321,"column":67},"end":{"line":321,"column":103}},"29":{"start":{"line":332,"column":39},"end":{"line":344,"column":49}},"30":{"start":{"line":341,"column":41},"end":{"line":341,"column":165}},"31":{"start":{"line":350,"column":39},"end":{"line":356,"column":57}},"32":{"start":{"line":353,"column":67},"end":{"line":353,"column":103}},"33":{"start":{"line":362,"column":39},"end":{"line":368,"column":57}},"34":{"start":{"line":365,"column":67},"end":{"line":365,"column":103}},"35":{"start":{"line":374,"column":39},"end":{"line":391,"column":40}},"36":{"start":{"line":376,"column":67},"end":{"line":376,"column":99}},"37":{"start":{"line":380,"column":41},"end":{"line":389,"column":11}},"38":{"start":{"line":397,"column":39},"end":{"line":411,"column":40}},"39":{"start":{"line":399,"column":67},"end":{"line":399,"column":100}},"40":{"start":{"line":403,"column":41},"end":{"line":409,"column":11}},"41":{"start":{"line":417,"column":39},"end":{"line":431,"column":40}},"42":{"start":{"line":419,"column":67},"end":{"line":419,"column":100}},"43":{"start":{"line":422,"column":41},"end":{"line":422,"column":73}},"44":{"start":{"line":426,"column":67},"end":{"line":426,"column":100}},"45":{"start":{"line":429,"column":41},"end":{"line":429,"column":73}},"46":{"start":{"line":434,"column":39},"end":{"line":451,"column":9}},"47":{"start":{"line":437,"column":41},"end":{"line":449,"column":39}},"48":{"start":{"line":441,"column":43},"end":{"line":441,"column":78}},"49":{"start":{"line":447,"column":43},"end":{"line":447,"column":77}},"50":{"start":{"line":461,"column":2},"end":{"line":461,"column":49}}},"fnMap":{"0":{"name":"render","decl":{"start":{"line":274,"column":9},"end":{"line":274,"column":15}},"loc":{"start":{"line":274,"column":30},"end":{"line":461,"column":1}},"line":274},"1":{"name":"(anonymous_1)","decl":{"start":{"line":289,"column":31},"end":{"line":289,"column":32}},"loc":{"start":{"line":289,"column":37},"end":{"line":454,"column":7}},"line":289},"2":{"name":"(anonymous_2)","decl":{"start":{"line":293,"column":33},"end":{"line":293,"column":34}},"loc":{"start":{"line":293,"column":39},"end":{"line":298,"column":57}},"line":293},"3":{"name":"(anonymous_3)","decl":{"start":{"line":295,"column":57},"end":{"line":295,"column":58}},"loc":{"start":{"line":295,"column":67},"end":{"line":295,"column":102}},"line":295},"4":{"name":"(anonymous_4)","decl":{"start":{"line":304,"column":33},"end":{"line":304,"column":34}},"loc":{"start":{"line":304,"column":39},"end":{"line":309,"column":57}},"line":304},"5":{"name":"(anonymous_5)","decl":{"start":{"line":306,"column":57},"end":{"line":306,"column":58}},"loc":{"start":{"line":306,"column":67},"end":{"line":306,"column":99}},"line":306},"6":{"name":"(anonymous_6)","decl":{"start":{"line":319,"column":33},"end":{"line":319,"column":34}},"loc":{"start":{"line":319,"column":39},"end":{"line":324,"column":57}},"line":319},"7":{"name":"(anonymous_7)","decl":{"start":{"line":321,"column":57},"end":{"line":321,"column":58}},"loc":{"start":{"line":321,"column":67},"end":{"line":321,"column":103}},"line":321},"8":{"name":"(anonymous_8)","decl":{"start":{"line":332,"column":33},"end":{"line":332,"column":34}},"loc":{"start":{"line":332,"column":39},"end":{"line":344,"column":49}},"line":332},"9":{"name":"(anonymous_9)","decl":{"start":{"line":341,"column":35},"end":{"line":341,"column":36}},"loc":{"start":{"line":341,"column":41},"end":{"line":341,"column":165}},"line":341},"10":{"name":"(anonymous_10)","decl":{"start":{"line":350,"column":33},"end":{"line":350,"column":34}},"loc":{"start":{"line":350,"column":39},"end":{"line":356,"column":57}},"line":350},"11":{"name":"(anonymous_11)","decl":{"start":{"line":353,"column":57},"end":{"line":353,"column":58}},"loc":{"start":{"line":353,"column":67},"end":{"line":353,"column":103}},"line":353},"12":{"name":"(anonymous_12)","decl":{"start":{"line":362,"column":33},"end":{"line":362,"column":34}},"loc":{"start":{"line":362,"column":39},"end":{"line":368,"column":57}},"line":362},"13":{"name":"(anonymous_13)","decl":{"start":{"line":365,"column":57},"end":{"line":365,"column":58}},"loc":{"start":{"line":365,"column":67},"end":{"line":365,"column":103}},"line":365},"14":{"name":"(anonymous_14)","decl":{"start":{"line":374,"column":33},"end":{"line":374,"column":34}},"loc":{"start":{"line":374,"column":39},"end":{"line":391,"column":40}},"line":374},"15":{"name":"(anonymous_15)","decl":{"start":{"line":376,"column":57},"end":{"line":376,"column":58}},"loc":{"start":{"line":376,"column":67},"end":{"line":376,"column":99}},"line":376},"16":{"name":"(anonymous_16)","decl":{"start":{"line":380,"column":35},"end":{"line":380,"column":36}},"loc":{"start":{"line":380,"column":41},"end":{"line":389,"column":11}},"line":380},"17":{"name":"(anonymous_17)","decl":{"start":{"line":397,"column":33},"end":{"line":397,"column":34}},"loc":{"start":{"line":397,"column":39},"end":{"line":411,"column":40}},"line":397},"18":{"name":"(anonymous_18)","decl":{"start":{"line":399,"column":57},"end":{"line":399,"column":58}},"loc":{"start":{"line":399,"column":67},"end":{"line":399,"column":100}},"line":399},"19":{"name":"(anonymous_19)","decl":{"start":{"line":403,"column":35},"end":{"line":403,"column":36}},"loc":{"start":{"line":403,"column":41},"end":{"line":409,"column":11}},"line":403},"20":{"name":"(anonymous_20)","decl":{"start":{"line":417,"column":33},"end":{"line":417,"column":34}},"loc":{"start":{"line":417,"column":39},"end":{"line":431,"column":40}},"line":417},"21":{"name":"(anonymous_21)","decl":{"start":{"line":419,"column":57},"end":{"line":419,"column":58}},"loc":{"start":{"line":419,"column":67},"end":{"line":419,"column":100}},"line":419},"22":{"name":"(anonymous_22)","decl":{"start":{"line":422,"column":35},"end":{"line":422,"column":36}},"loc":{"start":{"line":422,"column":41},"end":{"line":422,"column":73}},"line":422},"23":{"name":"(anonymous_23)","decl":{"start":{"line":426,"column":57},"end":{"line":426,"column":58}},"loc":{"start":{"line":426,"column":67},"end":{"line":426,"column":100}},"line":426},"24":{"name":"(anonymous_24)","decl":{"start":{"line":429,"column":35},"end":{"line":429,"column":36}},"loc":{"start":{"line":429,"column":41},"end":{"line":429,"column":73}},"line":429},"25":{"name":"(anonymous_25)","decl":{"start":{"line":434,"column":33},"end":{"line":434,"column":34}},"loc":{"start":{"line":434,"column":39},"end":{"line":451,"column":9}},"line":434},"26":{"name":"(anonymous_26)","decl":{"start":{"line":437,"column":35},"end":{"line":437,"column":36}},"loc":{"start":{"line":437,"column":41},"end":{"line":449,"column":39}},"line":437},"27":{"name":"(anonymous_27)","decl":{"start":{"line":441,"column":37},"end":{"line":441,"column":38}},"loc":{"start":{"line":441,"column":43},"end":{"line":441,"column":78}},"line":441},"28":{"name":"(anonymous_28)","decl":{"start":{"line":447,"column":37},"end":{"line":447,"column":38}},"loc":{"start":{"line":447,"column":43},"end":{"line":447,"column":77}},"line":447}},"branchMap":{"0":{"loc":{"start":{"line":295,"column":31},"end":{"line":295,"column":103}},"type":"binary-expr","locations":[{"start":{"line":295,"column":31},"end":{"line":295,"column":40}},{"start":{"line":295,"column":45},"end":{"line":295,"column":102}}],"line":295},"1":{"loc":{"start":{"line":306,"column":31},"end":{"line":306,"column":100}},"type":"binary-expr","locations":[{"start":{"line":306,"column":31},"end":{"line":306,"column":40}},{"start":{"line":306,"column":45},"end":{"line":306,"column":99}}],"line":306},"2":{"loc":{"start":{"line":321,"column":31},"end":{"line":321,"column":104}},"type":"binary-expr","locations":[{"start":{"line":321,"column":31},"end":{"line":321,"column":40}},{"start":{"line":321,"column":45},"end":{"line":321,"column":103}}],"line":321},"3":{"loc":{"start":{"line":341,"column":94},"end":{"line":341,"column":148}},"type":"cond-expr","locations":[{"start":{"line":341,"column":115},"end":{"line":341,"column":138}},{"start":{"line":341,"column":141},"end":{"line":341,"column":148}}],"line":341},"4":{"loc":{"start":{"line":353,"column":31},"end":{"line":353,"column":104}},"type":"binary-expr","locations":[{"start":{"line":353,"column":31},"end":{"line":353,"column":40}},{"start":{"line":353,"column":45},"end":{"line":353,"column":103}}],"line":353},"5":{"loc":{"start":{"line":365,"column":31},"end":{"line":365,"column":104}},"type":"binary-expr","locations":[{"start":{"line":365,"column":31},"end":{"line":365,"column":40}},{"start":{"line":365,"column":45},"end":{"line":365,"column":103}}],"line":365},"6":{"loc":{"start":{"line":376,"column":31},"end":{"line":376,"column":100}},"type":"binary-expr","locations":[{"start":{"line":376,"column":31},"end":{"line":376,"column":40}},{"start":{"line":376,"column":45},"end":{"line":376,"column":99}}],"line":376},"7":{"loc":{"start":{"line":399,"column":31},"end":{"line":399,"column":101}},"type":"binary-expr","locations":[{"start":{"line":399,"column":31},"end":{"line":399,"column":40}},{"start":{"line":399,"column":45},"end":{"line":399,"column":100}}],"line":399},"8":{"loc":{"start":{"line":419,"column":31},"end":{"line":419,"column":101}},"type":"binary-expr","locations":[{"start":{"line":419,"column":31},"end":{"line":419,"column":40}},{"start":{"line":419,"column":45},"end":{"line":419,"column":100}}],"line":419},"9":{"loc":{"start":{"line":426,"column":31},"end":{"line":426,"column":101}},"type":"binary-expr","locations":[{"start":{"line":426,"column":31},"end":{"line":426,"column":40}},{"start":{"line":426,"column":45},"end":{"line":426,"column":100}}],"line":426}},"s":{"0":2,"1":2,"2":2,"3":2,"4":2,"5":2,"6":2,"7":2,"8":2,"9":2,"10":2,"11":2,"12":2,"13":2,"14":2,"15":2,"16":2,"17":2,"18":2,"19":2,"20":2,"21":2,"22":2,"23":4,"24":0,"25":4,"26":0,"27":4,"28":0,"29":2,"30":4,"31":4,"32":0,"33":4,"34":0,"35":4,"36":0,"37":2,"38":4,"39":0,"40":2,"41":2,"42":0,"43":2,"44":0,"45":2,"46":2,"47":2,"48":4,"49":4,"50":2},"f":{"0":2,"1":2,"2":4,"3":0,"4":4,"5":0,"6":4,"7":0,"8":2,"9":4,"10":4,"11":0,"12":4,"13":0,"14":4,"15":0,"16":2,"17":4,"18":0,"19":2,"20":2,"21":0,"22":2,"23":0,"24":2,"25":2,"26":2,"27":4,"28":4},"b":{"0":[4,2],"1":[4,2],"2":[4,2],"3":[0,4],"4":[4,2],"5":[4,2],"6":[4,2],"7":[4,2],"8":[2,2],"9":[2,2]},"inputSourceMap":{"0":"{","1":"\"","2":"v","3":"e","4":"r","5":"s","6":"i","7":"o","8":"n","9":"\"","10":":","11":"3","12":",","13":"\"","14":"s","15":"o","16":"u","17":"r","18":"c","19":"e","20":"s","21":"\"","22":":","23":"[","24":"\"","25":"/","26":"U","27":"s","28":"e","29":"r","30":"s","31":"/","32":"e","33":"n","34":"q","35":"u","36":"r","37":"a","38":"n","39":"c","40":"e","41":"/","42":"D","43":"e","44":"s","45":"k","46":"t","47":"o","48":"p","49":"/","50":"B","51":"U","52":"A","53":"A","54":"/","55":"大","56":"三","57":"下","58":"/","59":"A","60":"g","61":"i","62":"l","63":"e","64":"/","65":"A","66":"g","67":"i","68":"l","69":"e","70":"_","71":"F","72":"r","73":"o","74":"n","75":"t","76":"e","77":"n","78":"d","79":"/","80":"s","81":"r","82":"c","83":"/","84":"c","85":"o","86":"m","87":"p","88":"o","89":"n","90":"e","91":"n","92":"t","93":"s","94":"/","95":"p","96":"c","97":"/","98":"P","99":"C","100":"R","101":"e","102":"g","103":"i","104":"s","105":"t","106":"e","107":"r","108":"V","109":"i","110":"e","111":"w","112":".","113":"v","114":"u","115":"e","116":"\"","117":"]","118":",","119":"\"","120":"n","121":"a","122":"m","123":"e","124":"s","125":"\"","126":":","127":"[","128":"]","129":",","130":"\"","131":"m","132":"a","133":"p","134":"p","135":"i","136":"n","137":"g","138":"s","139":"\"","140":":","141":"\"","142":";","143":";","144":";","145":";","146":";","147":";","148":";","149":";","150":";","151":"A","152":"A","153":"u","154":"E","155":"A","156":";","157":"A","158":"A","159":"A","160":"A","161":";","162":"A","163":"A","164":"A","165":"A","166":";","167":"A","168":"A","169":"C","170":"A","171":";","172":"A","173":"A","174":"A","175":"A","176":";","177":"A","178":"A","179":"A","180":"A","181":";","182":"A","183":"A","184":"A","185":"g","186":"H","187":";","188":"A","189":"A","190":"A","191":"A","192":",","193":"e","194":"A","195":"E","196":"j","197":"G","198":";","199":"E","200":"A","201":"C","202":"X","203":",","204":"I","205":"A","206":"A","207":"I","208":",","209":"E","210":"A","211":"A","212":"E","213":",","214":"g","215":"B","216":"A","217":"A","218":"g","219":"B","220":";","221":"E","222":"A","223":"C","224":"t","225":"B","226":",","227":"U","228":"A","229":"A","230":"U","231":",","232":"E","233":"A","234":"A","235":"E","236":";","237":"I","238":"A","239":"C","240":"R","241":",","242":"S","243":"A","244":"A","245":"S","246":";","247":"I","248":"A","249":"A","250":"T","251":";","252":"I","253":"A","254":"A","255":"A","256":";","257":"I","258":"A","259":"A","260":"A","261":";","262":"I","263":"A","264":"A","265":"A","266":",","267":"O","268":"A","269":"A","270":"S","271":";","272":"I","273":"A","274":"C","275":"T","276":",","277":"O","278":"A","279":"A","280":"O","281":";","282":"I","283":"A","284":"A","285":"P","286":";","287":"I","288":"A","289":"A","290":"A","291":";","292":"I","293":"A","294":"A","295":"A","296":";","297":"I","298":"A","299":"A","300":"A","301":",","302":"O","303":"A","304":"A","305":"O","306":";","307":"I","308":"A","309":"C","310":"P","311":",","312":"U","313":"A","314":"A","315":"U","316":";","317":"I","318":"A","319":"A","320":"V","321":";","322":"I","323":"A","324":"A","325":"A","326":";","327":"I","328":"A","329":"A","330":"A","331":";","332":"I","333":"A","334":"A","335":"A","336":",","337":"U","338":"A","339":"A","340":"U","341":";","342":"I","343":"A","344":"C","345":"V","346":",","347":"a","348":"A","349":"A","350":"a","351":";","352":"I","353":"A","354":"A","355":"b","356":";","357":"I","358":"A","359":"A","360":"A","361":";","362":"I","363":"A","364":"A","365":"A","366":";","367":"I","368":"A","369":"A","370":"A","371":",","372":"a","373":"A","374":"A","375":"a","376":";","377":"I","378":"A","379":"C","380":"b","381":",","382":"Q","383":"A","384":"A","385":"Q","386":";","387":"I","388":"A","389":"A","390":"R","391":";","392":"I","393":"A","394":"A","395":"A","396":";","397":"I","398":"A","399":"A","400":"A","401":";","402":"I","403":"A","404":"A","405":"A","406":",","407":"Q","408":"A","409":"A","410":"Q","411":";","412":"I","413":"A","414":"C","415":"R","416":",","417":"Q","418":"A","419":"A","420":"Q","421":";","422":"I","423":"A","424":"A","425":"R","426":";","427":"I","428":"A","429":"A","430":"A","431":";","432":"I","433":"A","434":"A","435":"A","436":";","437":"I","438":"A","439":"A","440":"A","441":",","442":"Q","443":"A","444":"A","445":"Q","446":";","447":"I","448":"A","449":"C","450":"R","451":",","452":"O","453":"A","454":"A","455":"O","456":";","457":"I","458":"A","459":"A","460":"P","461":";","462":"I","463":"A","464":"A","465":"A","466":";","467":"I","468":"A","469":"A","470":"A","471":";","472":"I","473":"A","474":"A","475":"A","476":",","477":"O","478":"A","479":"A","480":"O","481":";","482":"I","483":"A","484":"C","485":"P","486":",","487":"M","488":"A","489":"A","490":"M","491":";","492":"I","493":"A","494":"A","495":"N","496":";","497":"I","498":"A","499":"A","500":"A","501":";","502":"I","503":"A","504":"A","505":"A","506":";","507":"I","508":"A","509":"A","510":"A","511":",","512":"M","513":"A","514":"A","515":"M","516":";","517":"I","518":"A","519":"C","520":"N","521":",","522":"Q","523":"A","524":"A","525":"Q","526":";","527":"I","528":"A","529":"A","530":"R","531":";","532":"I","533":"A","534":"A","535":"A","536":";","537":"I","538":"A","539":"A","540":"A","541":";","542":"I","543":"A","544":"A","545":"A","546":";","547":"E","548":"A","549":"C","550":"A","551":",","552":"C","553":"A","554":"A","555":"C","556":";","557":"E","558":"A","559":"C","560":"L","561":",","562":"I","563":"A","564":"A","565":"I","566":",","567":"G","568":"A","569":"A","570":"G","571":";","572":"I","573":"A","574":"C","575":"H","576":",","577":"O","578":"A","579":"A","580":"O","581":";","582":"M","583":"A","584":"C","585":"H","586":",","587":"S","588":"A","589":"A","590":"S","591":",","592":"E","593":"A","594":"A","595":"E","596":",","597":"C","598":"A","599":"A","600":"C","601":";","602":"M","603":"A","604":"C","605":"Z","606":",","607":"Y","608":"A","609":"A","610":"Y","611":",","612":"E","613":"A","614":"A","615":"E","616":";","617":"Q","618":"A","619":"C","620":"V","621":",","622":"Q","623":"A","624":"A","625":"Q","626":",","627":"E","628":"A","629":"A","630":"E","631":",","632":"E","633":"A","634":"A","635":"E","636":";","637":"Q","638":"A","639":"C","640":"Z","641":",","642":"K","643":"A","644":"A","645":"K","646":",","647":"E","648":"A","649":"A","650":"E","651":",","652":"E","653":"A","654":"A","655":"E","656":";","657":"Q","658":"A","659":"C","660":"T","661":",","662":"S","663":"A","664":"A","665":"S","666":",","667":"E","668":"A","669":"A","670":"E","671":",","672":"E","673":"A","674":"A","675":"E","676":";","677":"Q","678":"A","679":"C","680":"b","681":",","682":"S","683":"A","684":"A","685":"S","686":",","687":"E","688":"A","689":"A","690":"E","691":",","692":"E","693":"A","694":"A","695":"E","696":";","697":"Q","698":"A","699":"C","700":"b","701":",","702":"S","703":"A","704":"A","705":"S","706":",","707":"E","708":"A","709":"A","710":"E","711":",","712":"E","713":"A","714":"A","715":"E","716":";","717":"Q","718":"A","719":"C","720":"b","721":",","722":"K","723":"A","724":"A","725":"K","726":",","727":"E","728":"A","729":"A","730":"E","731":",","732":"E","733":"A","734":"A","735":"E","736":";","737":"Q","738":"A","739":"C","740":"T","741":",","742":"M","743":"A","744":"A","745":"M","746":",","747":"E","748":"A","749":"A","750":"E","751":",","752":"E","753":"A","754":"A","755":"E","756":";","757":"Q","758":"A","759":"C","760":"V","761":",","762":"M","763":"A","764":"A","765":"M","766":",","767":"E","768":"A","769":"A","770":"E","771":",","772":"C","773":"A","774":"A","775":"C","776":";","777":"M","778":"A","779":"C","780":"b","781":",","782":"C","783":"A","784":"A","785":"C","786":";","787":"M","788":"A","789":"E","790":"D","791":",","792":"M","793":"A","794":"A","795":"M","796":",","797":"E","798":"A","799":"A","800":"E","801":",","802":"K","803":"A","804":"A","805":"K","806":";","807":"M","808":"A","809":"E","810":"b","811":",","812":"a","813":"A","814":"A","815":"a","816":",","817":"E","818":"A","819":"A","820":"E","821":",","822":"C","823":"A","824":"C","825":"X","826":";","827":"Q","828":"A","829":"A","830":"E","831":",","832":"Q","833":"A","834":"A","835":"Q","836":",","837":"E","838":"A","839":"A","840":"E","841":",","842":"I","843":"A","844":"A","845":"I","846":";","847":"Q","848":"A","849":"A","850":"E","851":",","852":"O","853":"A","854":"A","855":"O","856":",","857":"E","858":"A","859":"A","860":"E","861":",","862":"S","863":"A","864":"A","865":"S","866":";","867":"Q","868":"A","869":"A","870":"E","871":",","872":"O","873":"A","874":"A","875":"O","876":",","877":"E","878":"A","879":"A","880":"E","881":",","882":"C","883":"A","884":"A","885":"C","886":",","887":"M","888":"A","889":"A","890":"M","891":",","892":"E","893":"A","894":"A","895":"E","896":",","897":"Q","898":"A","899":"A","900":"Q","901":";","902":"M","903":"A","904":"A","905":"E","906":",","907":"C","908":"A","909":"A","910":"C","911":",","912":"E","913":"A","914":"C","915":"n","916":"E","917":";","918":"Q","919":"A","920":"A","921":"E","922":",","923":"G","924":"A","925":"A","926":"G","927":",","928":"E","929":"A","930":"A","931":"E","932":",","933":"C","934":"A","935":"A","936":"C","937":";","938":"Q","939":"A","940":"A","941":"E","942":",","943":"G","944":"A","945":"A","946":"G","947":",","948":"E","949":"A","950":"A","951":"E","952":",","953":"E","954":"A","955":"A","956":"E","957":";","958":"Q","959":"A","960":"A","961":"E","962":",","963":"O","964":"A","965":"A","966":"O","967":",","968":"E","969":"A","970":"A","971":"E","972":",","973":"a","974":"A","975":"A","976":"a","977":";","978":"Q","979":"A","980":"A","981":"E","982":",","983":"O","984":"A","985":"A","986":"O","987":",","988":"E","989":"A","990":"A","991":"E","992":",","993":"C","994":"A","995":"A","996":"C","997":",","998":"M","999":"A","1000":"A","1001":"M","1002":",","1003":"E","1004":"A","1005":"A","1006":"E","1007":",","1008":"Q","1009":"A","1010":"A","1011":"Q","1012":";","1013":"M","1014":"A","1015":"A","1016":"E","1017":",","1018":"C","1019":"A","1020":"A","1021":"C","1022":",","1023":"C","1024":"A","1025":"C","1026":"3","1027":"E","1028":";","1029":"M","1030":"A","1031":"E","1032":"D","1033":",","1034":"U","1035":"A","1036":"A","1037":"U","1038":",","1039":"E","1040":"A","1041":"A","1042":"E","1043":",","1044":"C","1045":"A","1046":"C","1047":"R","1048":";","1049":"Q","1050":"A","1051":"A","1052":"E","1053":",","1054":"Q","1055":"A","1056":"A","1057":"Q","1058":",","1059":"E","1060":"A","1061":"A","1062":"E","1063":",","1064":"I","1065":"A","1066":"A","1067":"I","1068":";","1069":"Q","1070":"A","1071":"A","1072":"E","1073":",","1074":"O","1075":"A","1076":"A","1077":"O","1078":",","1079":"E","1080":"A","1081":"A","1082":"E","1083":",","1084":"Q","1085":"A","1086":"A","1087":"Q","1088":";","1089":"Q","1090":"A","1091":"A","1092":"E","1093":",","1094":"O","1095":"A","1096":"A","1097":"O","1098":",","1099":"E","1100":"A","1101":"A","1102":"E","1103":",","1104":"C","1105":"A","1106":"A","1107":"C","1108":",","1109":"M","1110":"A","1111":"A","1112":"M","1113":",","1114":"E","1115":"A","1116":"A","1117":"E","1118":",","1119":"Q","1120":"A","1121":"A","1122":"Q","1123":";","1124":"M","1125":"A","1126":"A","1127":"E","1128":",","1129":"C","1130":"A","1131":"A","1132":"C","1133":",","1134":"E","1135":"A","1136":"C","1137":"l","1138":"E","1139":";","1140":"Q","1141":"A","1142":"A","1143":"E","1144":",","1145":"I","1146":"A","1147":"A","1148":"I","1149":",","1150":"E","1151":"A","1152":"A","1153":"E","1154":",","1155":"O","1156":"A","1157":"A","1158":"O","1159":";","1160":"Q","1161":"A","1162":"A","1163":"E","1164":",","1165":"O","1166":"A","1167":"A","1168":"O","1169":",","1170":"E","1171":"A","1172":"A","1173":"E","1174":",","1175":"Y","1176":"A","1177":"A","1178":"Y","1179":";","1180":"Q","1181":"A","1182":"A","1183":"E","1184":",","1185":"O","1186":"A","1187":"A","1188":"O","1189":",","1190":"E","1191":"A","1192":"A","1193":"E","1194":",","1195":"C","1196":"A","1197":"A","1198":"C","1199":",","1200":"M","1201":"A","1202":"A","1203":"M","1204":",","1205":"E","1206":"A","1207":"A","1208":"E","1209":",","1210":"Q","1211":"A","1212":"A","1213":"Q","1214":";","1215":"M","1216":"A","1217":"A","1218":"E","1219":",","1220":"C","1221":"A","1222":"A","1223":"C","1224":",","1225":"C","1226":"A","1227":"C","1228":"x","1229":"E","1230":";","1231":"M","1232":"A","1233":"E","1234":"D","1235":",","1236":"c","1237":"A","1238":"A","1239":"c","1240":",","1241":"E","1242":"A","1243":"A","1244":"E","1245":",","1246":"C","1247":"A","1248":"C","1249":"Z","1250":";","1251":"Q","1252":"A","1253":"A","1254":"E","1255":",","1256":"Q","1257":"A","1258":"A","1259":"Q","1260":",","1261":"E","1262":"A","1263":"A","1264":"E","1265":",","1266":"I","1267":"A","1268":"A","1269":"I","1270":";","1271":"Q","1272":"A","1273":"A","1274":"E","1275":",","1276":"O","1277":"A","1278":"A","1279":"O","1280":",","1281":"E","1282":"A","1283":"A","1284":"E","1285":",","1286":"S","1287":"A","1288":"A","1289":"S","1290":";","1291":"Q","1292":"A","1293":"A","1294":"E","1295":",","1296":"O","1297":"A","1298":"A","1299":"O","1300":",","1301":"E","1302":"A","1303":"A","1304":"E","1305":",","1306":"C","1307":"A","1308":"A","1309":"C","1310":",","1311":"M","1312":"A","1313":"A","1314":"M","1315":",","1316":"E","1317":"A","1318":"A","1319":"E","1320":",","1321":"Q","1322":"A","1323":"A","1324":"Q","1325":";","1326":"M","1327":"A","1328":"A","1329":"E","1330":",","1331":"C","1332":"A","1333":"A","1334":"C","1335":",","1336":"E","1337":"A","1338":"C","1339":"n","1340":"E","1341":";","1342":"Q","1343":"A","1344":"A","1345":"E","1346":",","1347":"O","1348":"A","1349":"A","1350":"O","1351":",","1352":"E","1353":"A","1354":"A","1355":"E","1356":",","1357":"S","1358":"A","1359":"A","1360":"S","1361":";","1362":"Q","1363":"A","1364":"A","1365":"E","1366":",","1367":"O","1368":"A","1369":"A","1370":"O","1371":",","1372":"E","1373":"A","1374":"A","1375":"E","1376":",","1377":"Y","1378":"A","1379":"A","1380":"Y","1381":";","1382":"Q","1383":"A","1384":"A","1385":"E","1386":",","1387":"O","1388":"A","1389":"A","1390":"O","1391":",","1392":"E","1393":"A","1394":"A","1395":"E","1396":",","1397":"C","1398":"A","1399":"A","1400":"C","1401":",","1402":"M","1403":"A","1404":"A","1405":"M","1406":",","1407":"E","1408":"A","1409":"A","1410":"E","1411":",","1412":"Q","1413":"A","1414":"A","1415":"Q","1416":";","1417":"M","1418":"A","1419":"A","1420":"E","1421":",","1422":"C","1423":"A","1424":"A","1425":"C","1426":",","1427":"C","1428":"A","1429":"C","1430":"7","1431":"E","1432":";","1433":"M","1434":"A","1435":"E","1436":"D","1437":",","1438":"a","1439":"A","1440":"A","1441":"a","1442":",","1443":"E","1444":"A","1445":"A","1446":"E","1447":",","1448":"C","1449":"A","1450":"C","1451":"X","1452":";","1453":"Q","1454":"A","1455":"A","1456":"E","1457":",","1458":"Q","1459":"A","1460":"A","1461":"Q","1462":",","1463":"E","1464":"A","1465":"A","1466":"E","1467":",","1468":"I","1469":"A","1470":"A","1471":"I","1472":";","1473":"Q","1474":"A","1475":"A","1476":"E","1477":",","1478":"O","1479":"A","1480":"A","1481":"O","1482":",","1483":"E","1484":"A","1485":"A","1486":"E","1487":",","1488":"Q","1489":"A","1490":"A","1491":"Q","1492":";","1493":"Q","1494":"A","1495":"A","1496":"E","1497":",","1498":"O","1499":"A","1500":"A","1501":"O","1502":",","1503":"E","1504":"A","1505":"A","1506":"E","1507":",","1508":"C","1509":"A","1510":"A","1511":"C","1512":",","1513":"M","1514":"A","1515":"A","1516":"M","1517":",","1518":"E","1519":"A","1520":"A","1521":"E","1522":",","1523":"Q","1524":"A","1525":"A","1526":"Q","1527":";","1528":"M","1529":"A","1530":"A","1531":"E","1532":",","1533":"C","1534":"A","1535":"A","1536":"C","1537":",","1538":"E","1539":"A","1540":"C","1541":"l","1542":"E","1543":";","1544":"Q","1545":"A","1546":"A","1547":"E","1548":",","1549":"G","1550":"A","1551":"A","1552":"G","1553":",","1554":"E","1555":"A","1556":"A","1557":"E","1558":",","1559":"C","1560":"A","1561":"A","1562":"C","1563":";","1564":"Q","1565":"A","1566":"A","1567":"E","1568":",","1569":"G","1570":"A","1571":"A","1572":"G","1573":",","1574":"E","1575":"A","1576":"A","1577":"E","1578":",","1579":"E","1580":"A","1581":"A","1582":"E","1583":";","1584":"Q","1585":"A","1586":"A","1587":"E","1588":",","1589":"O","1590":"A","1591":"A","1592":"O","1593":",","1594":"E","1595":"A","1596":"A","1597":"E","1598":",","1599":"Y","1600":"A","1601":"A","1602":"Y","1603":";","1604":"Q","1605":"A","1606":"A","1607":"E","1608":",","1609":"O","1610":"A","1611":"A","1612":"O","1613":",","1614":"E","1615":"A","1616":"A","1617":"E","1618":",","1619":"C","1620":"A","1621":"A","1622":"C","1623":",","1624":"M","1625":"A","1626":"A","1627":"M","1628":",","1629":"E","1630":"A","1631":"A","1632":"E","1633":",","1634":"Q","1635":"A","1636":"A","1637":"Q","1638":";","1639":"M","1640":"A","1641":"A","1642":"E","1643":",","1644":"C","1645":"A","1646":"A","1647":"C","1648":",","1649":"E","1650":"A","1651":"C","1652":"v","1653":"E","1654":";","1655":"Q","1656":"A","1657":"A","1658":"E","1659":",","1660":"O","1661":"A","1662":"A","1663":"O","1664":",","1665":"E","1666":"A","1667":"A","1668":"E","1669":",","1670":"k","1671":"D","1672":"A","1673":"A","1674":"k","1675":"D","1676":";","1677":"Q","1678":"A","1679":"A","1680":"E","1681":",","1682":"O","1683":"A","1684":"A","1685":"O","1686":",","1687":"E","1688":"A","1689":"A","1690":"E","1691":",","1692":"8","1693":"B","1694":"A","1695":"A","1696":"8","1697":"B","1698":";","1699":"Q","1700":"A","1701":"A","1702":"E","1703":",","1704":"O","1705":"A","1706":"A","1707":"O","1708":",","1709":"E","1710":"A","1711":"A","1712":"E","1713":",","1714":"C","1715":"A","1716":"A","1717":"C","1718":",","1719":"M","1720":"A","1721":"A","1722":"M","1723":",","1724":"E","1725":"A","1726":"A","1727":"E","1728":",","1729":"Q","1730":"A","1731":"A","1732":"Q","1733":";","1734":"M","1735":"A","1736":"A","1737":"E","1738":",","1739":"C","1740":"A","1741":"A","1742":"C","1743":",","1744":"C","1745":"A","1746":"C","1747":"x","1748":"I","1749":";","1750":"M","1751":"A","1752":"E","1753":"D","1754":",","1755":"c","1756":"A","1757":"A","1758":"c","1759":",","1760":"E","1761":"A","1762":"A","1763":"C","1764":",","1765":"C","1766":"A","1767":"C","1768":"X","1769":";","1770":"Q","1771":"A","1772":"A","1773":"E","1774":",","1775":"Q","1776":"A","1777":"A","1778":"Q","1779":",","1780":"E","1781":"A","1782":"A","1783":"E","1784":",","1785":"I","1786":"A","1787":"A","1788":"I","1789":";","1790":"Q","1791":"A","1792":"A","1793":"E","1794":",","1795":"O","1796":"A","1797":"A","1798":"O","1799":",","1800":"E","1801":"A","1802":"A","1803":"E","1804":",","1805":"S","1806":"A","1807":"A","1808":"S","1809":";","1810":"Q","1811":"A","1812":"A","1813":"E","1814":",","1815":"O","1816":"A","1817":"A","1818":"O","1819":",","1820":"E","1821":"A","1822":"A","1823":"E","1824":",","1825":"C","1826":"A","1827":"A","1828":"C","1829":",","1830":"M","1831":"A","1832":"A","1833":"M","1834":",","1835":"E","1836":"A","1837":"A","1838":"E","1839":",","1840":"Q","1841":"A","1842":"A","1843":"Q","1844":";","1845":"M","1846":"A","1847":"A","1848":"E","1849":",","1850":"C","1851":"A","1852":"A","1853":"C","1854":",","1855":"E","1856":"A","1857":"C","1858":"n","1859":"E","1860":";","1861":"Q","1862":"A","1863":"A","1864":"E","1865":",","1866":"S","1867":"A","1868":"A","1869":"S","1870":",","1871":"E","1872":"A","1873":"A","1874":"E","1875":",","1876":"C","1877":"A","1878":"A","1879":"C","1880":",","1881":"I","1882":"A","1883":"A","1884":"I","1885":",","1886":"E","1887":"A","1888":"A","1889":"E","1890":",","1891":"K","1892":"A","1893":"A","1894":"K","1895":",","1896":"E","1897":"A","1898":"A","1899":"E","1900":",","1901":"Q","1902":"A","1903":"A","1904":"Q","1905":",","1906":"K","1907":"A","1908":"A","1909":"K","1910":";","1911":"U","1912":"A","1913":"C","1914":"p","1915":"C","1916":",","1917":"I","1918":"A","1919":"A","1920":"I","1921":",","1922":"K","1923":"A","1924":"A","1925":"K","1926":",","1927":"K","1928":"A","1929":"A","1930":"K","1931":",","1932":"I","1933":"A","1934":"A","1935":"I","1936":",","1937":"C","1938":"A","1939":"A","1940":"C","1941":",","1942":"Y","1943":"A","1944":"A","1945":"Y","1946":",","1947":"C","1948":"A","1949":"A","1950":"C","1951":",","1952":"S","1953":"A","1954":"A","1955":"S","1956":",","1957":"E","1958":"A","1959":"A","1960":"E","1961":";","1962":"Y","1963":"A","1964":"C","1965":"v","1966":"C","1967":",","1968":"Q","1969":"A","1970":"A","1971":"Q","1972":",","1973":"C","1974":"A","1975":"A","1976":"C","1977":",","1978":"I","1979":"A","1980":"A","1981":"I","1982":",","1983":"K","1984":"A","1985":"A","1986":"K","1987":",","1988":"C","1989":"A","1990":"A","1991":"C","1992":",","1993":"a","1994":"A","1995":"A","1996":"a","1997":",","1998":"C","1999":"A","2000":"A","2001":"C","2002":",","2003":"C","2004":"A","2005":"A","2006":"C","2007":";","2008":"U","2009":"A","2010":"C","2011":"t","2012":"C","2013":",","2014":"C","2015":"A","2016":"A","2017":"C","2018":",","2019":"M","2020":"A","2021":"A","2022":"M","2023":";","2024":"Y","2025":"A","2026":"C","2027":"H","2028":",","2029":"Q","2030":"A","2031":"A","2032":"Q","2033":",","2034":"C","2035":"A","2036":"A","2037":"C","2038":",","2039":"C","2040":"A","2041":"A","2042":"C","2043":";","2044":"U","2045":"A","2046":"C","2047":"d","2048":";","2049":"Q","2050":"A","2051":"C","2052":"J","2053":",","2054":"C","2055":"A","2056":"A","2057":"C","2058":";","2059":"Q","2060":"A","2061":"A","2062":"E","2063":",","2064":"O","2065":"A","2066":"A","2067":"O","2068":",","2069":"E","2070":"A","2071":"A","2072":"E","2073":",","2074":"C","2075":"A","2076":"A","2077":"C","2078":",","2079":"M","2080":"A","2081":"A","2082":"M","2083":",","2084":"E","2085":"A","2086":"A","2087":"E","2088":",","2089":"Q","2090":"A","2091":"A","2092":"Q","2093":";","2094":"M","2095":"A","2096":"A","2097":"E","2098":",","2099":"C","2100":"A","2101":"A","2102":"C","2103":",","2104":"C","2105":"A","2106":"C","2107":"n","2108":"C","2109":";","2110":"M","2111":"A","2112":"C","2113":"D","2114":",","2115":"U","2116":"A","2117":"A","2118":"U","2119":",","2120":"E","2121":"A","2122":"A","2123":"C","2124":",","2125":"C","2126":"A","2127":"A","2128":"C","2129":";","2130":"Q","2131":"A","2132":"A","2133":"E","2134":",","2135":"Q","2136":"A","2137":"A","2138":"Q","2139":",","2140":"E","2141":"A","2142":"A","2143":"E","2144":",","2145":"I","2146":"A","2147":"A","2148":"I","2149":";","2150":"Q","2151":"A","2152":"A","2153":"E","2154":",","2155":"O","2156":"A","2157":"A","2158":"O","2159":",","2160":"E","2161":"A","2162":"A","2163":"E","2164":",","2165":"O","2166":"A","2167":"A","2168":"O","2169":";","2170":"Q","2171":"A","2172":"A","2173":"E","2174":",","2175":"O","2176":"A","2177":"A","2178":"O","2179":",","2180":"E","2181":"A","2182":"A","2183":"E","2184":";","2185":"M","2186":"A","2187":"A","2188":"S","2189":",","2190":"C","2191":"A","2192":"A","2193":"C","2194":",","2195":"C","2196":"A","2197":"A","2198":"C","2199":";","2200":"M","2201":"A","2202":"C","2203":"p","2204":"E","2205":",","2206":"W","2207":"A","2208":"A","2209":"W","2210":",","2211":"E","2212":"A","2213":"A","2214":"C","2215":",","2216":"C","2217":"A","2218":"A","2219":"C","2220":";","2221":"Q","2222":"A","2223":"A","2224":"E","2225":",","2226":"Q","2227":"A","2228":"A","2229":"Q","2230":",","2231":"E","2232":"A","2233":"A","2234":"E","2235":",","2236":"I","2237":"A","2238":"A","2239":"I","2240":";","2241":"Q","2242":"A","2243":"A","2244":"E","2245":",","2246":"O","2247":"A","2248":"A","2249":"O","2250":",","2251":"E","2252":"A","2253":"A","2254":"E","2255":",","2256":"O","2257":"A","2258":"A","2259":"O","2260":";","2261":"Q","2262":"A","2263":"A","2264":"E","2265":",","2266":"O","2267":"A","2268":"A","2269":"O","2270":",","2271":"E","2272":"A","2273":"A","2274":"E","2275":";","2276":"M","2277":"A","2278":"A","2279":"S","2280":",","2281":"C","2282":"A","2283":"A","2284":"C","2285":",","2286":"C","2287":"A","2288":"A","2289":"C","2290":";","2291":"M","2292":"A","2293":"C","2294":"r","2295":"E","2296":",","2297":"W","2298":"A","2299":"A","2300":"W","2301":",","2302":"E","2303":"A","2304":"A","2305":"C","2306":",","2307":"C","2308":"A","2309":"C","2310":"R","2311":";","2312":"Q","2313":"A","2314":"A","2315":"C","2316":",","2317":"S","2318":"A","2319":"A","2320":"S","2321":",","2322":"E","2323":"A","2324":"A","2325":"E","2326":",","2327":"C","2328":"A","2329":"A","2330":"C","2331":",","2332":"I","2333":"A","2334":"A","2335":"I","2336":",","2337":"E","2338":"A","2339":"A","2340":"E","2341":",","2342":"K","2343":"A","2344":"A","2345":"K","2346":",","2347":"E","2348":"A","2349":"A","2350":"E","2351":",","2352":"Q","2353":"A","2354":"A","2355":"Q","2356":",","2357":"K","2358":"A","2359":"A","2360":"K","2361":";","2362":"U","2363":"A","2364":"C","2365":"n","2366":"C","2367":",","2368":"I","2369":"A","2370":"A","2371":"I","2372":",","2373":"K","2374":"A","2375":"A","2376":"K","2377":",","2378":"K","2379":"A","2380":"A","2381":"K","2382":",","2383":"C","2384":"A","2385":"A","2386":"C","2387":",","2388":"C","2389":"A","2390":"A","2391":"C","2392":",","2393":"E","2394":"A","2395":"A","2396":"E","2397":";","2398":"Y","2399":"A","2400":"C","2401":"d","2402":",","2403":"Q","2404":"A","2405":"A","2406":"Q","2407":",","2408":"C","2409":"A","2410":"A","2411":"C","2412":",","2413":"I","2414":"A","2415":"A","2416":"I","2417":",","2418":"K","2419":"A","2420":"A","2421":"K","2422":",","2423":"C","2424":"A","2425":"A","2426":"C","2427":",","2428":"O","2429":"A","2430":"A","2431":"O","2432":",","2433":"C","2434":"A","2435":"A","2436":"C","2437":",","2438":"C","2439":"A","2440":"A","2441":"C","2442":";","2443":"U","2444":"A","2445":"C","2446":"h","2447":"C","2448":",","2449":"C","2450":"A","2451":"A","2452":"C","2453":",","2454":"M","2455":"A","2456":"A","2457":"M","2458":";","2459":"Y","2460":"A","2461":"C","2462":"P","2463":",","2464":"Q","2465":"A","2466":"A","2467":"Q","2468":",","2469":"C","2470":"A","2471":"A","2472":"C","2473":",","2474":"C","2475":"A","2476":"A","2477":"C","2478":";","2479":"U","2480":"A","2481":"C","2482":"V","2483":";","2484":"Q","2485":"A","2486":"C","2487":"J","2488":",","2489":"C","2490":"A","2491":"A","2492":"C","2493":";","2494":"Q","2495":"A","2496":"A","2497":"C","2498":",","2499":"O","2500":"A","2501":"A","2502":"O","2503":",","2504":"E","2505":"A","2506":"A","2507":"E","2508":";","2509":"M","2510":"A","2511":"A","2512":"Q","2513":",","2514":"C","2515":"A","2516":"A","2517":"C","2518":";","2519":"I","2520":"A","2521":"E","2522":"5","2523":"B","2524":",","2525":"C","2526":"A","2527":"A","2528":"C","2529":";","2530":"E","2531":"A","2532":"C","2533":"L","2534":",","2535":"C","2536":"A","2537":"A","2538":"C","2539":";","2540":"E","2541":"A","2542":"E","2543":"D","2544":",","2545":"O","2546":"A","2547":"A","2548":"O","2549":",","2550":"E","2551":"A","2552":"A","2553":"E","2554":";","2555":"I","2556":"A","2557":"C","2558":"L","2559":",","2560":"a","2561":"A","2562":"A","2563":"a","2564":",","2565":"G","2566":"A","2567":"A","2568":"G","2569":";","2570":"M","2571":"A","2572":"C","2573":"Z","2574":",","2575":"I","2576":"A","2577":"A","2578":"I","2579":",","2580":"C","2581":"A","2582":"A","2583":"C","2584":",","2585":"K","2586":"A","2587":"A","2588":"K","2589":",","2590":"C","2591":"A","2592":"A","2593":"C","2594":",","2595":"Y","2596":"A","2597":"A","2598":"Y","2599":",","2600":"C","2601":"A","2602":"A","2603":"C","2604":",","2605":"a","2606":"A","2607":"A","2608":"a","2609":",","2610":"C","2611":"A","2612":"A","2613":"C","2614":",","2615":"O","2616":"A","2617":"A","2618":"O","2619":",","2620":"E","2621":"A","2622":"A","2623":"E","2624":",","2625":"K","2626":"A","2627":"A","2628":"K","2629":",","2630":"I","2631":"A","2632":"A","2633":"I","2634":";","2635":"Q","2636":"A","2637":"C","2638":"p","2639":"D","2640":",","2641":"I","2642":"A","2643":"A","2644":"I","2645":",","2646":"C","2647":"A","2648":"A","2649":"C","2650":",","2651":"I","2652":"A","2653":"A","2654":"I","2655":",","2656":"C","2657":"A","2658":"A","2659":"C","2660":",","2661":"Y","2662":"A","2663":"A","2664":"Y","2665":",","2666":"C","2667":"A","2668":"A","2669":"C","2670":",","2671":"K","2672":"A","2673":"A","2674":"K","2675":",","2676":"E","2677":"A","2678":"A","2679":"E","2680":";","2681":"U","2682":"A","2683":"C","2684":"1","2685":"B","2686":",","2687":"I","2688":"A","2689":"A","2690":"I","2691":",","2692":"C","2693":"A","2694":"A","2695":"C","2696":",","2697":"Q","2698":"A","2699":"A","2700":"Q","2701":",","2702":"C","2703":"A","2704":"A","2705":"C","2706":",","2707":"K","2708":"A","2709":"A","2710":"K","2711":",","2712":"C","2713":"A","2714":"A","2715":"C","2716":",","2717":"Q","2718":"A","2719":"A","2720":"Q","2721":",","2722":"C","2723":"A","2724":"A","2725":"C","2726":";","2727":"U","2728":"A","2729":"C","2730":"7","2731":"B","2732":";","2733":"Q","2734":"A","2735":"C","2736":"J","2737":";","2738":"Q","2739":"A","2740":"E","2741":"A","2742":",","2743":"I","2744":"A","2745":"A","2746":"I","2747":",","2748":"C","2749":"A","2750":"A","2751":"C","2752":",","2753":"K","2754":"A","2755":"A","2756":"K","2757":",","2758":"E","2759":"A","2760":"A","2761":"E","2762":";","2763":"U","2764":"A","2765":"C","2766":"R","2767":",","2768":"I","2769":"A","2770":"A","2771":"I","2772":",","2773":"C","2774":"A","2775":"A","2776":"C","2777":",","2778":"Q","2779":"A","2780":"A","2781":"Q","2782":",","2783":"C","2784":"A","2785":"A","2786":"C","2787":",","2788":"K","2789":"A","2790":"A","2791":"K","2792":",","2793":"C","2794":"A","2795":"A","2796":"C","2797":",","2798":"Y","2799":"A","2800":"A","2801":"Y","2802":",","2803":"C","2804":"A","2805":"A","2806":"C","2807":";","2808":"U","2809":"A","2810":"C","2811":"j","2812":"C","2813":";","2814":"Q","2815":"A","2816":"C","2817":"J","2818":";","2819":"Q","2820":"A","2821":"E","2822":"A","2823":",","2824":"O","2825":"A","2826":"A","2827":"O","2828":",","2829":"C","2830":"A","2831":"A","2832":"C","2833":",","2834":"G","2835":"A","2836":"A","2837":"G","2838":",","2839":"C","2840":"A","2841":"A","2842":"C","2843":",","2844":"I","2845":"A","2846":"A","2847":"I","2848":",","2849":"C","2850":"A","2851":"A","2852":"C","2853":";","2854":"Q","2855":"A","2856":"C","2857":"j","2858":"B","2859":",","2860":"I","2861":"A","2862":"A","2863":"I","2864":",","2865":"C","2866":"A","2867":"A","2868":"C","2869":",","2870":"M","2871":"A","2872":"A","2873":"M","2874":",","2875":"C","2876":"A","2877":"A","2878":"C","2879":",","2880":"G","2881":"A","2882":"A","2883":"G","2884":",","2885":"C","2886":"A","2887":"A","2888":"C","2889":",","2890":"a","2891":"A","2892":"A","2893":"a","2894":",","2895":"E","2896":"A","2897":"A","2898":"E","2899":";","2900":"U","2901":"A","2902":"C","2903":"3","2904":"B","2905":",","2906":"M","2907":"A","2908":"A","2909":"M","2910":",","2911":"E","2912":"A","2913":"A","2914":"E","2915":";","2916":"Y","2917":"A","2918":"C","2919":"J","2920":",","2921":"K","2922":"A","2923":"A","2924":"K","2925":",","2926":"E","2927":"A","2928":"A","2929":"E","2930":",","2931":"I","2932":"A","2933":"A","2934":"I","2935":",","2936":"C","2937":"A","2938":"A","2939":"C","2940":",","2941":"Y","2942":"A","2943":"A","2944":"Y","2945":",","2946":"C","2947":"A","2948":"A","2949":"C","2950":";","2951":"U","2952":"A","2953":"C","2954":"7","2955":"B","2956":";","2957":"Q","2958":"A","2959":"C","2960":"J","2961":",","2962":"C","2963":"A","2964":"A","2965":"C","2966":",","2967":"C","2968":"A","2969":"A","2970":"C","2971":",","2972":"C","2973":"A","2974":"A","2975":"C","2976":",","2977":"I","2978":"A","2979":"A","2980":"I","2981":",","2982":"C","2983":"A","2984":"A","2985":"E","2986":",","2987":"G","2988":"A","2989":"A","2990":"G","2991":",","2992":"I","2993":"A","2994":"A","2995":"K","2996":";","2997":"U","2998":"A","2999":"C","3000":"b","3001":",","3002":"I","3003":"A","3004":"A","3005":"I","3006":",","3007":"G","3008":"A","3009":"A","3010":"G","3011":",","3012":"C","3013":"A","3014":"A","3015":"C","3016":",","3017":"I","3018":"A","3019":"A","3020":"I","3021":",","3022":"C","3023":"A","3024":"A","3025":"C","3026":",","3027":"I","3028":"A","3029":"A","3030":"I","3031":",","3032":"K","3033":"A","3034":"A","3035":"K","3036":",","3037":"G","3038":"A","3039":"A","3040":"G","3041":",","3042":"E","3043":"A","3044":"A","3045":"E","3046":";","3047":"Y","3048":"A","3049":"C","3050":"v","3051":"B","3052":",","3053":"I","3054":"A","3055":"A","3056":"I","3057":",","3058":"C","3059":"A","3060":"A","3061":"C","3062":",","3063":"Q","3064":"A","3065":"A","3066":"Q","3067":",","3068":"C","3069":"A","3070":"A","3071":"C","3072":";","3073":"c","3074":"A","3075":"C","3076":"V","3077":",","3078":"O","3079":"A","3080":"A","3081":"O","3082":",","3083":"E","3084":"A","3085":"A","3086":"E","3087":",","3088":"e","3089":"A","3090":"A","3091":"e","3092":";","3093":"c","3094":"A","3095":"C","3096":"x","3097":"B","3098":",","3099":"I","3100":"A","3101":"A","3102":"I","3103":",","3104":"E","3105":"A","3106":"A","3107":"E","3108":";","3109":"Y","3110":"A","3111":"C","3112":"V","3113":",","3114":"C","3115":"A","3116":"A","3117":"C","3118":",","3119":"C","3120":"A","3121":"A","3122":"C","3123":";","3124":"Y","3125":"A","3126":"C","3127":"F","3128":",","3129":"I","3130":"A","3131":"A","3132":"I","3133":",","3134":"C","3135":"A","3136":"A","3137":"C","3138":",","3139":"c","3140":"A","3141":"A","3142":"c","3143":",","3144":"C","3145":"A","3146":"A","3147":"C","3148":",","3149":"C","3150":"A","3151":"A","3152":"C","3153":";","3154":"U","3155":"A","3156":"C","3157":"z","3158":"B","3159":",","3160":"C","3161":"A","3162":"A","3163":"C","3164":",","3165":"M","3166":"A","3167":"A","3168":"M","3169":";","3170":"Y","3171":"A","3172":"C","3173":"H","3174":",","3175":"I","3176":"A","3177":"A","3178":"I","3179":",","3180":"C","3181":"A","3182":"A","3183":"C","3184":",","3185":"Q","3186":"A","3187":"A","3188":"Q","3189":",","3190":"C","3191":"A","3192":"A","3193":"C","3194":";","3195":"c","3196":"A","3197":"C","3198":"V","3199":",","3200":"O","3201":"A","3202":"A","3203":"O","3204":",","3205":"E","3206":"A","3207":"A","3208":"E","3209":",","3210":"G","3211":"A","3212":"A","3213":"G","3214":",","3215":"C","3216":"A","3217":"A","3218":"C","3219":",","3220":"I","3221":"A","3222":"A","3223":"I","3224":",","3225":"C","3226":"A","3227":"A","3228":"C","3229":",","3230":"O","3231":"A","3232":"A","3233":"O","3234":";","3235":"c","3236":"A","3237":"C","3238":"z","3239":"B","3240":",","3241":"I","3242":"A","3243":"A","3244":"I","3245":",","3246":"E","3247":"A","3248":"A","3249":"E","3250":";","3251":"Y","3252":"A","3253":"C","3254":"V","3255":",","3256":"C","3257":"A","3258":"A","3259":"C","3260":",","3261":"C","3262":"A","3263":"A","3264":"C","3265":";","3266":"U","3267":"A","3268":"C","3269":"N","3270":";","3271":"Q","3272":"A","3273":"C","3274":"J","3275":",","3276":"C","3277":"A","3278":"A","3279":"C","3280":",","3281":"C","3282":"A","3283":"A","3284":"C","3285":",","3286":"C","3287":"A","3288":"A","3289":"C","3290":",","3291":"K","3292":"A","3293":"A","3294":"K","3295":",","3296":"C","3297":"A","3298":"A","3299":"E","3300":",","3301":"G","3302":"A","3303":"A","3304":"G","3305":",","3306":"I","3307":"A","3308":"A","3309":"K","3310":";","3311":"U","3312":"A","3313":"C","3314":"d","3315":";","3316":"U","3317":"A","3318":"C","3319":"A","3320":",","3321":"I","3322":"A","3323":"A","3324":"I","3325":",","3326":"C","3327":"A","3328":"A","3329":"C","3330":",","3331":"Q","3332":"A","3333":"A","3334":"Q","3335":",","3336":"C","3337":"A","3338":"A","3339":"C","3340":";","3341":"Y","3342":"A","3343":"C","3344":"V","3345":",","3346":"O","3347":"A","3348":"A","3349":"O","3350":",","3351":"E","3352":"A","3353":"A","3354":"E","3355":",","3356":"G","3357":"A","3358":"A","3359":"G","3360":",","3361":"C","3362":"A","3363":"A","3364":"C","3365":",","3366":"Q","3367":"A","3368":"A","3369":"Q","3370":",","3371":"C","3372":"A","3373":"A","3374":"C","3375":",","3376":"I","3377":"A","3378":"A","3379":"I","3380":",","3381":"C","3382":"A","3383":"A","3384":"C","3385":",","3386":"O","3387":"A","3388":"A","3389":"O","3390":",","3391":"K","3392":"A","3393":"A","3394":"K","3395":",","3396":"I","3397":"A","3398":"A","3399":"I","3400":",","3401":"G","3402":"A","3403":"A","3404":"G","3405":",","3406":"S","3407":"A","3408":"A","3409":"S","3410":",","3411":"G","3412":"A","3413":"A","3414":"G","3415":",","3416":"G","3417":"A","3418":"A","3419":"G","3420":",","3421":"C","3422":"A","3423":"A","3424":"C","3425":",","3426":"Q","3427":"A","3428":"A","3429":"Q","3430":",","3431":"C","3432":"A","3433":"A","3434":"C","3435":",","3436":"I","3437":"A","3438":"A","3439":"I","3440":",","3441":"C","3442":"A","3443":"A","3444":"C","3445":",","3446":"O","3447":"A","3448":"A","3449":"O","3450":";","3451":"Y","3452":"A","3453":"C","3454":"n","3455":"F","3456":",","3457":"I","3458":"A","3459":"A","3460":"I","3461":",","3462":"E","3463":"A","3464":"A","3465":"E","3466":";","3467":"U","3468":"A","3469":"C","3470":"V","3471":",","3472":"C","3473":"A","3474":"A","3475":"C","3476":",","3477":"C","3478":"A","3479":"A","3480":"C","3481":";","3482":"Q","3483":"A","3484":"C","3485":"N","3486":",","3487":"C","3488":"A","3489":"A","3490":"C","3491":",","3492":"C","3493":"A","3494":"A","3495":"C","3496":";","3497":"M","3498":"A","3499":"C","3500":"N","3501":",","3502":"C","3503":"A","3504":"A","3505":"C","3506":",","3507":"C","3508":"A","3509":"A","3510":"C","3511":";","3512":"I","3513":"A","3514":"C","3515":"N","3516":",","3517":"C","3518":"A","3519":"A","3520":"C","3521":";","3522":"I","3523":"A","3524":"E","3525":"D","3526":",","3527":"c","3528":"A","3529":"A","3530":"c","3531":",","3532":"G","3533":"A","3534":"A","3535":"G","3536":";","3537":"M","3538":"A","3539":"C","3540":"b","3541":",","3542":"I","3543":"A","3544":"A","3545":"I","3546":",","3547":"C","3548":"A","3549":"A","3550":"C","3551":",","3552":"S","3553":"A","3554":"A","3555":"S","3556":",","3557":"G","3558":"A","3559":"A","3560":"G","3561":",","3562":"E","3563":"A","3564":"A","3565":"E","3566":";","3567":"M","3568":"A","3569":"C","3570":"n","3571":"B","3572":",","3573":"M","3574":"A","3575":"A","3576":"M","3577":",","3578":"Q","3579":"A","3580":"A","3581":"Q","3582":",","3583":"G","3584":"A","3585":"A","3586":"G","3587":",","3588":"W","3589":"A","3590":"A","3591":"W","3592":",","3593":"C","3594":"A","3595":"A","3596":"C","3597":",","3598":"M","3599":"A","3600":"A","3601":"M","3602":";","3603":"Q","3604":"A","3605":"C","3606":"/","3607":"B","3608":",","3609":"I","3610":"A","3611":"A","3612":"I","3613":",","3614":"C","3615":"A","3616":"A","3617":"C","3618":",","3619":"S","3620":"A","3621":"A","3622":"S","3623":",","3624":"E","3625":"A","3626":"A","3627":"E","3628":";","3629":"Q","3630":"A","3631":"C","3632":"h","3633":"B","3634":",","3635":"I","3636":"A","3637":"A","3638":"I","3639":",","3640":"I","3641":"A","3642":"A","3643":"I","3644":",","3645":"C","3646":"A","3647":"A","3648":"C","3649":",","3650":"S","3651":"A","3652":"A","3653":"S","3654":",","3655":"I","3656":"A","3657":"A","3658":"I","3659":",","3660":"C","3661":"A","3662":"A","3663":"C","3664":",","3665":"E","3666":"A","3667":"A","3668":"E","3669":";","3670":"U","3671":"A","3672":"C","3673":"r","3674":"B","3675":",","3676":"a","3677":"A","3678":"A","3679":"a","3680":",","3681":"C","3682":"A","3683":"A","3684":"C","3685":",","3686":"Q","3687":"A","3688":"A","3689":"Q","3690":",","3691":"C","3692":"A","3693":"A","3694":"C","3695":";","3696":"Q","3697":"A","3698":"C","3699":"3","3700":"B","3701":";","3702":"M","3703":"A","3704":"C","3705":"J","3706":",","3707":"C","3708":"A","3709":"A","3710":"C","3711":",","3712":"E","3713":"A","3714":"A","3715":"E","3716":",","3717":"I","3718":"A","3719":"A","3720":"I","3721":",","3722":"C","3723":"A","3724":"A","3725":"C","3726":";","3727":"I","3728":"A","3729":"C","3730":"Z","3731":",","3732":"C","3733":"A","3734":"A","3735":"C","3736":";","3737":"I","3738":"A","3739":"E","3740":"D","3741":",","3742":"Q","3743":"A","3744":"A","3745":"Q","3746":",","3747":"G","3748":"A","3749":"A","3750":"G","3751":";","3752":"M","3753":"A","3754":"E","3755":"P","3756":",","3757":"I","3758":"A","3759":"A","3760":"I","3761":",","3762":"I","3763":"A","3764":"A","3765":"I","3766":",","3767":"G","3768":"A","3769":"A","3770":"G","3771":",","3772":"I","3773":"A","3774":"A","3775":"I","3776":";","3777":"M","3778":"A","3779":"E","3780":"f","3781":",","3782":"I","3783":"A","3784":"A","3785":"I","3786":",","3787":"C","3788":"A","3789":"A","3790":"C","3791":",","3792":"M","3793":"A","3794":"A","3795":"M","3796":",","3797":"C","3798":"A","3799":"A","3800":"C","3801":",","3802":"I","3803":"A","3804":"A","3805":"I","3806":",","3807":"C","3808":"A","3809":"A","3810":"C","3811":",","3812":"g","3813":"B","3814":"A","3815":"A","3816":"g","3817":"B","3818":",","3819":"E","3820":"A","3821":"A","3822":"E","3823":";","3824":"Q","3825":"A","3826":"C","3827":"/","3828":"B","3829":",","3830":"I","3831":"A","3832":"A","3833":"I","3834":",","3835":"E","3836":"A","3837":"A","3838":"E","3839":",","3840":"I","3841":"A","3842":"A","3843":"I","3844":",","3845":"C","3846":"A","3847":"A","3848":"C","3849":",","3850":"Y","3851":"A","3852":"A","3853":"Y","3854":",","3855":"C","3856":"A","3857":"A","3858":"C","3859":",","3860":"Q","3861":"A","3862":"A","3863":"Q","3864":";","3865":"Q","3866":"A","3867":"C","3868":"h","3869":"C","3870":",","3871":"K","3872":"A","3873":"A","3874":"K","3875":",","3876":"E","3877":"A","3878":"A","3879":"E","3880":",","3881":"I","3882":"A","3883":"A","3884":"I","3885":",","3886":"C","3887":"A","3888":"A","3889":"C","3890":",","3891":"Y","3892":"A","3893":"A","3894":"Y","3895":",","3896":"C","3897":"A","3898":"A","3899":"C","3900":",","3901":"K","3902":"A","3903":"A","3904":"K","3905":";","3906":"Q","3907":"A","3908":"C","3909":"9","3910":"B","3911":",","3912":"S","3913":"A","3914":"A","3915":"S","3916":",","3917":"E","3918":"A","3919":"A","3920":"E","3921":",","3922":"I","3923":"A","3924":"A","3925":"I","3926":",","3927":"C","3928":"A","3929":"A","3930":"C","3931":",","3932":"Y","3933":"A","3934":"A","3935":"Y","3936":",","3937":"C","3938":"A","3939":"A","3940":"C","3941":",","3942":"S","3943":"A","3944":"A","3945":"S","3946":";","3947":"Q","3948":"A","3949":"C","3950":"t","3951":"C","3952":",","3953":"Q","3954":"A","3955":"A","3956":"Q","3957":",","3958":"E","3959":"A","3960":"A","3961":"E","3962":",","3963":"I","3964":"A","3965":"A","3966":"I","3967":",","3968":"C","3969":"A","3970":"A","3971":"C","3972":",","3973":"Y","3974":"A","3975":"A","3976":"Y","3977":",","3978":"C","3979":"A","3980":"A","3981":"C","3982":",","3983":"S","3984":"A","3985":"A","3986":"S","3987":";","3988":"Q","3989":"A","3990":"C","3991":"r","3992":"C","3993":",","3994":"K","3995":"A","3996":"A","3997":"K","3998":",","3999":"E","4000":"A","4001":"A","4002":"E","4003":",","4004":"I","4005":"A","4006":"A","4007":"I","4008":",","4009":"C","4010":"A","4011":"A","4012":"C","4013":",","4014":"Y","4015":"A","4016":"A","4017":"Y","4018":",","4019":"C","4020":"A","4021":"A","4022":"C","4023":",","4024":"K","4025":"A","4026":"A","4027":"K","4028":";","4029":"Q","4030":"A","4031":"C","4032":"9","4033":"B","4034":",","4035":"M","4036":"A","4037":"A","4038":"M","4039":",","4040":"E","4041":"A","4042":"A","4043":"E","4044":",","4045":"I","4046":"A","4047":"A","4048":"I","4049":",","4050":"C","4051":"A","4052":"A","4053":"C","4054":",","4055":"Y","4056":"A","4057":"A","4058":"Y","4059":",","4060":"C","4061":"A","4062":"A","4063":"C","4064":",","4065":"M","4066":"A","4067":"A","4068":"M","4069":";","4070":"Q","4071":"A","4072":"C","4073":"h","4074":"C","4075":",","4076":"M","4077":"A","4078":"A","4079":"M","4080":",","4081":"E","4082":"A","4083":"A","4084":"E","4085":",","4086":"I","4087":"A","4088":"A","4089":"I","4090":",","4091":"C","4092":"A","4093":"A","4094":"C","4095":",","4096":"Y","4097":"A","4098":"A","4099":"Y","4100":",","4101":"C","4102":"A","4103":"A","4104":"C","4105":";","4106":"M","4107":"A","4108":"C","4109":"9","4110":"B","4111":",","4112":"C","4113":"A","4114":"A","4115":"E","4116":",","4117":"C","4118":"A","4119":"A","4120":"C","4121":",","4122":"C","4123":"A","4124":"C","4125":"E","4126":",","4127":"I","4128":"A","4129":"A","4130":"I","4131":",","4132":"C","4133":"A","4134":"A","4135":"E","4136":",","4137":"G","4138":"A","4139":"A","4140":"G","4141":",","4142":"I","4143":"A","4144":"A","4145":"K","4146":";","4147":"Q","4148":"A","4149":"C","4150":"X","4151":",","4152":"I","4153":"A","4154":"A","4155":"I","4156":",","4157":"G","4158":"A","4159":"A","4160":"G","4161":",","4162":"C","4163":"A","4164":"A","4165":"C","4166":",","4167":"I","4168":"A","4169":"A","4170":"I","4171":",","4172":"C","4173":"A","4174":"A","4175":"C","4176":",","4177":"I","4178":"A","4179":"A","4180":"I","4181":",","4182":"K","4183":"A","4184":"A","4185":"K","4186":",","4187":"G","4188":"A","4189":"A","4190":"G","4191":",","4192":"E","4193":"A","4194":"A","4195":"E","4196":";","4197":"U","4198":"A","4199":"C","4200":"v","4201":"B","4202":",","4203":"I","4204":"A","4205":"A","4206":"I","4207":",","4208":"C","4209":"A","4210":"A","4211":"C","4212":",","4213":"O","4214":"A","4215":"A","4216":"O","4217":",","4218":"C","4219":"A","4220":"A","4221":"C","4222":",","4223":"I","4224":"A","4225":"A","4226":"I","4227":",","4228":"C","4229":"A","4230":"A","4231":"C","4232":";","4233":"Y","4234":"A","4235":"A","4236":"C","4237":",","4238":"I","4239":"A","4240":"A","4241":"I","4242":",","4243":"E","4244":"A","4245":"A","4246":"E","4247":";","4248":"U","4249":"A","4250":"A","4251":"Q","4252":",","4253":"C","4254":"A","4255":"A","4256":"C","4257":",","4258":"C","4259":"A","4260":"A","4261":"C","4262":";","4263":"Q","4264":"A","4265":"C","4266":"v","4267":"C","4268":",","4269":"C","4270":"A","4271":"A","4272":"C","4273":",","4274":"M","4275":"A","4276":"C","4277":"I","4278":";","4279":"U","4280":"A","4281":"C","4282":"D","4283":",","4284":"K","4285":"A","4286":"A","4287":"K","4288":",","4289":"C","4290":"A","4291":"A","4292":"C","4293":",","4294":"G","4295":"A","4296":"A","4297":"G","4298":",","4299":"C","4300":"A","4301":"A","4302":"C","4303":",","4304":"I","4305":"A","4306":"A","4307":"I","4308":",","4309":"C","4310":"A","4311":"A","4312":"C","4313":",","4314":"O","4315":"A","4316":"A","4317":"O","4318":",","4319":"C","4320":"A","4321":"A","4322":"C","4323":";","4324":"Q","4325":"A","4326":"C","4327":"3","4328":"B","4329":";","4330":"M","4331":"A","4332":"C","4333":"J","4334":",","4335":"C","4336":"A","4337":"A","4338":"C","4339":",","4340":"C","4341":"A","4342":"A","4343":"C","4344":",","4345":"C","4346":"A","4347":"A","4348":"C","4349":",","4350":"K","4351":"A","4352":"A","4353":"K","4354":",","4355":"C","4356":"A","4357":"A","4358":"E","4359":",","4360":"G","4361":"A","4362":"A","4363":"G","4364":",","4365":"I","4366":"A","4367":"A","4368":"K","4369":",","4370":"O","4371":"A","4372":"A","4373":"O","4374":",","4375":"C","4376":"A","4377":"A","4378":"C","4379":",","4380":"G","4381":"A","4382":"A","4383":"G","4384":",","4385":"C","4386":"A","4387":"A","4388":"C","4389":",","4390":"G","4391":"A","4392":"A","4393":"G","4394":",","4395":"C","4396":"A","4397":"A","4398":"C","4399":",","4400":"C","4401":"A","4402":"A","4403":"C","4404":";","4405":"I","4406":"A","4407":"C","4408":"3","4409":"C","4410":",","4411":"C","4412":"A","4413":"A","4414":"C","4415":";","4416":"I","4417":"A","4418":"E","4419":"D","4420":",","4421":"S","4422":"A","4423":"A","4424":"S","4425":",","4426":"G","4427":"A","4428":"A","4429":"G","4430":";","4431":"M","4432":"A","4433":"C","4434":"R","4435":",","4436":"I","4437":"A","4438":"A","4439":"I","4440":",","4441":"C","4442":"A","4443":"A","4444":"C","4445":",","4446":"O","4447":"A","4448":"A","4449":"O","4450":",","4451":"C","4452":"A","4453":"A","4454":"C","4455":",","4456":"I","4457":"A","4458":"A","4459":"I","4460":",","4461":"C","4462":"A","4463":"A","4464":"C","4465":";","4466":"Q","4467":"A","4468":"A","4469":"C","4470":",","4471":"I","4472":"A","4473":"A","4474":"I","4475":",","4476":"E","4477":"A","4478":"A","4479":"E","4480":";","4481":"M","4482":"A","4483":"A","4484":"Q","4485":",","4486":"C","4487":"A","4488":"A","4489":"C","4490":",","4491":"C","4492":"A","4493":"A","4494":"C","4495":";","4496":"I","4497":"A","4498":"C","4499":"v","4500":"C","4501":",","4502":"C","4503":"A","4504":"A","4505":"C","4506":";","4507":"I","4508":"A","4509":"E","4510":"D","4511":",","4512":"Y","4513":"A","4514":"A","4515":"Y","4516":",","4517":"G","4518":"A","4519":"A","4520":"G","4521":";","4522":"M","4523":"A","4524":"C","4525":"X","4526":",","4527":"I","4528":"A","4529":"A","4530":"I","4531":",","4532":"C","4533":"A","4534":"A","4535":"C","4536":",","4537":"K","4538":"A","4539":"A","4540":"K","4541":",","4542":"C","4543":"A","4544":"A","4545":"C","4546":",","4547":"Y","4548":"A","4549":"A","4550":"Y","4551":",","4552":"C","4553":"A","4554":"A","4555":"C","4556":",","4557":"Q","4558":"A","4559":"A","4560":"Q","4561":",","4562":"C","4563":"A","4564":"A","4565":"E","4566":",","4567":"K","4568":"A","4569":"A","4570":"K","4571":",","4572":"I","4573":"A","4574":"A","4575":"K","4576":";","4577":"Q","4578":"A","4579":"C","4580":"x","4581":"C","4582":",","4583":"I","4584":"A","4585":"A","4586":"I","4587":",","4588":"K","4589":"A","4590":"A","4591":"K","4592":",","4593":"E","4594":"A","4595":"A","4596":"E","4597":";","4598":"U","4599":"A","4600":"C","4601":"P","4602":",","4603":"I","4604":"A","4605":"A","4606":"I","4607":",","4608":"C","4609":"A","4610":"A","4611":"C","4612":",","4613":"M","4614":"A","4615":"A","4616":"M","4617":",","4618":"G","4619":"A","4620":"A","4621":"G","4622":",","4623":"I","4624":"A","4625":"A","4626":"I","4627":";","4628":"Q","4629":"A","4630":"C","4631":"t","4632":"B","4633":";","4634":"M","4635":"A","4636":"C","4637":"J","4638":",","4639":"C","4640":"A","4641":"A","4642":"C","4643":",","4644":"C","4645":"A","4646":"A","4647":"C","4648":";","4649":"I","4650":"A","4651":"C","4652":"N","4653":",","4654":"C","4655":"A","4656":"A","4657":"C","4658":";","4659":"I","4660":"A","4661":"C","4662":"D","4663":",","4664":"a","4665":"A","4666":"A","4667":"a","4668":",","4669":"G","4670":"A","4671":"A","4672":"G","4673":";","4674":"M","4675":"A","4676":"C","4677":"Z","4678":",","4679":"I","4680":"A","4681":"A","4682":"I","4683":",","4684":"C","4685":"A","4686":"A","4687":"C","4688":",","4689":"M","4690":"A","4691":"A","4692":"M","4693":",","4694":"G","4695":"A","4696":"A","4697":"G","4698":",","4699":"K","4700":"A","4701":"A","4702":"K","4703":";","4704":"M","4705":"A","4706":"C","4707":"n","4708":"B","4709":",","4710":"I","4711":"A","4712":"A","4713":"I","4714":",","4715":"C","4716":"A","4717":"A","4718":"C","4719":",","4720":"Q","4721":"A","4722":"A","4723":"Q","4724":",","4725":"C","4726":"A","4727":"A","4728":"C","4729":",","4730":"C","4731":"A","4732":"A","4733":"C","4734":";","4735":"I","4736":"A","4737":"C","4738":"n","4739":"B","4740":";","4741":"E","4742":"A","4743":"C","4744":"J","4745":";","4746":"A","4747":"A","4748":"C","4749":"J","4750":",","4751":"C","4752":"A","4753":"A","4754":"C","4755":";","4756":"A","4757":"A","4758":"A","4759":"A","4760":";","4761":"A","4762":"A","4763":"A","4764":"A","4765":"\"","4766":",","4767":"\"","4768":"f","4769":"i","4770":"l","4771":"e","4772":"\"","4773":":","4774":"\"","4775":"/","4776":"U","4777":"s","4778":"e","4779":"r","4780":"s","4781":"/","4782":"e","4783":"n","4784":"q","4785":"u","4786":"r","4787":"a","4788":"n","4789":"c","4790":"e","4791":"/","4792":"D","4793":"e","4794":"s","4795":"k","4796":"t","4797":"o","4798":"p","4799":"/","4800":"B","4801":"U","4802":"A","4803":"A","4804":"/","4805":"大","4806":"三","4807":"下","4808":"/","4809":"A","4810":"g","4811":"i","4812":"l","4813":"e","4814":"/","4815":"A","4816":"g","4817":"i","4818":"l","4819":"e","4820":"_","4821":"F","4822":"r","4823":"o","4824":"n","4825":"t","4826":"e","4827":"n","4828":"d","4829":"/","4830":"s","4831":"r","4832":"c","4833":"/","4834":"c","4835":"o","4836":"m","4837":"p","4838":"o","4839":"n","4840":"e","4841":"n","4842":"t","4843":"s","4844":"/","4845":"p","4846":"c","4847":"/","4848":"P","4849":"C","4850":"R","4851":"e","4852":"g","4853":"i","4854":"s","4855":"t","4856":"e","4857":"r","4858":"V","4859":"i","4860":"e","4861":"w","4862":".","4863":"v","4864":"u","4865":"e","4866":"\"","4867":",","4868":"\"","4869":"s","4870":"o","4871":"u","4872":"r","4873":"c","4874":"e","4875":"s","4876":"C","4877":"o","4878":"n","4879":"t","4880":"e","4881":"n","4882":"t","4883":"\"","4884":":","4885":"[","4886":"\"","4887":"<","4888":"t","4889":"e","4890":"m","4891":"p","4892":"l","4893":"a","4894":"t","4895":"e","4896":">","4897":"\\","4898":"n","4899":" ","4900":" ","4901":" ","4902":" ","4903":"<","4904":"d","4905":"i","4906":"v","4907":" ","4908":"c","4909":"l","4910":"a","4911":"s","4912":"s","4913":"=","4914":"\\","4915":"\"","4916":"r","4917":"e","4918":"g","4919":"i","4920":"s","4921":"t","4922":"e","4923":"r","4924":"-","4925":"c","4926":"o","4927":"n","4928":"t","4929":"a","4930":"i","4931":"n","4932":"e","4933":"r","4934":"\\","4935":"\"","4936":">","4937":"\\","4938":"n","4939":" ","4940":" ","4941":" ","4942":" ","4943":" ","4944":" ","4945":" ","4946":" ","4947":"<","4948":"d","4949":"i","4950":"v","4951":" ","4952":"c","4953":"l","4954":"a","4955":"s","4956":"s","4957":"=","4958":"\\","4959":"\"","4960":"l","4961":"o","4962":"g","4963":"o","4964":"-","4965":"c","4966":"o","4967":"n","4968":"t","4969":"a","4970":"i","4971":"n","4972":"e","4973":"r","4974":"\\","4975":"\"","4976":">","4977":"\\","4978":"n","4979":" ","4980":" ","4981":" ","4982":" ","4983":" ","4984":" ","4985":" ","4986":" ","4987":" ","4988":" ","4989":" ","4990":" ","4991":"<","4992":"i","4993":"m","4994":"g","4995":" ","4996":"s","4997":"r","4998":"c","4999":"=","5000":"\\","5001":"\"","5002":"/","5003":"i","5004":"m","5005":"g","5006":"/","5007":"l","5008":"o","5009":"g","5010":"o","5011":".","5012":"p","5013":"n","5014":"g","5015":"\\","5016":"\"","5017":" ","5018":"a","5019":"l","5020":"t","5021":"=","5022":"\\","5023":"\"","5024":"l","5025":"o","5026":"g","5027":"o","5028":"\\","5029":"\"","5030":" ","5031":"s","5032":"t","5033":"y","5034":"l","5035":"e","5036":"=","5037":"\\","5038":"\"","5039":"w","5040":"i","5041":"d","5042":"t","5043":"h","5044":":","5045":" ","5046":"1","5047":"0","5048":"0","5049":"%","5050":";","5051":" ","5052":"h","5053":"e","5054":"i","5055":"g","5056":"h","5057":"t","5058":":","5059":" ","5060":"a","5061":"u","5062":"t","5063":"o","5064":";","5065":"\\","5066":"\"","5067":">","5068":"\\","5069":"n","5070":" ","5071":" ","5072":" ","5073":" ","5074":" ","5075":" ","5076":" ","5077":" ","5078":"<","5079":"/","5080":"d","5081":"i","5082":"v","5083":">","5084":"\\","5085":"n","5086":" ","5087":" ","5088":" ","5089":" ","5090":" ","5091":" ","5092":" ","5093":" ","5094":"<","5095":"d","5096":"i","5097":"v","5098":" ","5099":"c","5100":"l","5101":"a","5102":"s","5103":"s","5104":"=","5105":"\\","5106":"\"","5107":"f","5108":"o","5109":"r","5110":"m","5111":"-","5112":"c","5113":"o","5114":"n","5115":"t","5116":"a","5117":"i","5118":"n","5119":"e","5120":"r","5121":"\\","5122":"\"","5123":">","5124":"\\","5125":"n","5126":" ","5127":" ","5128":" ","5129":" ","5130":" ","5131":" ","5132":" ","5133":" ","5134":" ","5135":" ","5136":" ","5137":" ","5138":"<","5139":"e","5140":"l","5141":"-","5142":"f","5143":"o","5144":"r","5145":"m","5146":" ","5147":"r","5148":"e","5149":"f","5150":"=","5151":"\\","5152":"\"","5153":"r","5154":"e","5155":"g","5156":"i","5157":"s","5158":"t","5159":"e","5160":"r","5161":"F","5162":"o","5163":"r","5164":"m","5165":"\\","5166":"\"","5167":" ","5168":":","5169":"m","5170":"o","5171":"d","5172":"e","5173":"l","5174":"=","5175":"\\","5176":"\"","5177":"r","5178":"e","5179":"g","5180":"i","5181":"s","5182":"t","5183":"e","5184":"r","5185":"F","5186":"o","5187":"r","5188":"m","5189":"\\","5190":"\"","5191":" ","5192":"c","5193":"l","5194":"a","5195":"s","5196":"s","5197":"=","5198":"\\","5199":"\"","5200":"r","5201":"e","5202":"g","5203":"i","5204":"s","5205":"t","5206":"e","5207":"r","5208":"-","5209":"f","5210":"o","5211":"r","5212":"m","5213":"\\","5214":"\"","5215":">","5216":"\\","5217":"n","5218":" ","5219":" ","5220":" ","5221":" ","5222":" ","5223":" ","5224":" ","5225":" ","5226":" ","5227":" ","5228":" ","5229":" ","5230":" ","5231":" ","5232":" ","5233":" ","5234":"<","5235":"e","5236":"l","5237":"-","5238":"f","5239":"o","5240":"r","5241":"m","5242":"-","5243":"i","5244":"t","5245":"e","5246":"m","5247":" ","5248":"p","5249":"r","5250":"o","5251":"p","5252":"=","5253":"\\","5254":"\"","5255":"u","5256":"s","5257":"e","5258":"r","5259":"n","5260":"a","5261":"m","5262":"e","5263":"\\","5264":"\"","5265":" ","5266":":","5267":"r","5268":"u","5269":"l","5270":"e","5271":"s","5272":"=","5273":"\\","5274":"\"","5275":"u","5276":"s","5277":"e","5278":"r","5279":"n","5280":"a","5281":"m","5282":"e","5283":"R","5284":"u","5285":"l","5286":"e","5287":"s","5288":"\\","5289":"\"","5290":">","5291":" ","5292":"\\","5293":"n","5294":" ","5295":" ","5296":" ","5297":" ","5298":" ","5299":" ","5300":" ","5301":" ","5302":" ","5303":" ","5304":" ","5305":" ","5306":" ","5307":" ","5308":" ","5309":" ","5310":" ","5311":" ","5312":" ","5313":" ","5314":"<","5315":"e","5316":"l","5317":"-","5318":"i","5319":"n","5320":"p","5321":"u","5322":"t","5323":" ","5324":"v","5325":"-","5326":"m","5327":"o","5328":"d","5329":"e","5330":"l","5331":"=","5332":"\\","5333":"\"","5334":"r","5335":"e","5336":"g","5337":"i","5338":"s","5339":"t","5340":"e","5341":"r","5342":"F","5343":"o","5344":"r","5345":"m","5346":".","5347":"u","5348":"s","5349":"e","5350":"r","5351":"n","5352":"a","5353":"m","5354":"e","5355":"\\","5356":"\"","5357":" ","5358":"p","5359":"l","5360":"a","5361":"c","5362":"e","5363":"h","5364":"o","5365":"l","5366":"d","5367":"e","5368":"r","5369":"=","5370":"\\","5371":"\"","5372":"请","5373":"设","5374":"置","5375":"用","5376":"户","5377":"名","5378":"\\","5379":"\"","5380":"\\","5381":"n","5382":" ","5383":" ","5384":" ","5385":" ","5386":" ","5387":" ","5388":" ","5389":" ","5390":" ","5391":" ","5392":" ","5393":" ","5394":" ","5395":" ","5396":" ","5397":" ","5398":" ","5399":" ","5400":" ","5401":" ","5402":" ","5403":" ","5404":" ","5405":" ","5406":" ","5407":" ","5408":" ","5409":" ","5410":" ","5411":" ","5412":"@","5413":"k","5414":"e","5415":"y","5416":"u","5417":"p","5418":".","5419":"e","5420":"n","5421":"t","5422":"e","5423":"r","5424":"=","5425":"\\","5426":"\"","5427":"o","5428":"p","5429":"e","5430":"n","5431":"V","5432":"e","5433":"r","5434":"i","5435":"f","5436":"i","5437":"e","5438":"d","5439":"\\","5440":"\"","5441":">","5442":"<","5443":"/","5444":"e","5445":"l","5446":"-","5447":"i","5448":"n","5449":"p","5450":"u","5451":"t","5452":">","5453":"\\","5454":"n","5455":" ","5456":" ","5457":" ","5458":" ","5459":" ","5460":" ","5461":" ","5462":" ","5463":" ","5464":" ","5465":" ","5466":" ","5467":" ","5468":" ","5469":" ","5470":" ","5471":"<","5472":"/","5473":"e","5474":"l","5475":"-","5476":"f","5477":"o","5478":"r","5479":"m","5480":"-","5481":"i","5482":"t","5483":"e","5484":"m","5485":">","5486":"\\","5
[...]
":"a","15463":"d","15464":"d","15465":"i","15466":"n","15467":"g","15468":"-","15469":"t","15470":"o","15471":"p","15472":":","15473":" ","15474":"1","15475":"5","15476":"p","15477":"x","15478":";","15479":"\\","15480":"n","15481":" ","15482":" ","15483":" ","15484":" ","15485":"p","15486":"a","15487":"d","15488":"d","15489":"i","15490":"n","15491":"g","15492":"-","15493":"b","15494":"o","15495":"t","15496":"t","15497":"o","15498":"m","15499":":","15500":" ","15501":"0","15502":";","15503":"\\","15504":"n","15505":" ","15506":" ","15507":" ","15508":" ","15509":"z","15510":"-","15511":"i","15512":"n","15513":"d","15514":"e","15515":"x","15516":":","15517":" ","15518":"1","15519":";","15520":"\\","15521":"n","15522":"}","15523":"\\","15524":"n","15525":"\\","15526":"n","15527":".","15528":"f","15529":"o","15530":"r","15531":"m","15532":"-","15533":"c","15534":"o","15535":"n","15536":"t","15537":"a","15538":"i","15539":"n","15540":"e","15541":"r","15542":":","15543":"b","15544":"e","15545":"f","15546":"o","15547":"r","15548":"e","15549":" ","15550":"{","15551":"\\","15552":"n","15553":" ","15554":" ","15555":" ","15556":" ","15557":"c","15558":"o","15559":"n","15560":"t","15561":"e","15562":"n","15563":"t","15564":":","15565":" ","15566":"\\","15567":"\"","15568":"\\","15569":"\"","15570":";","15571":"\\","15572":"n","15573":" ","15574":" ","15575":" ","15576":" ","15577":"p","15578":"o","15579":"s","15580":"i","15581":"t","15582":"i","15583":"o","15584":"n","15585":":","15586":" ","15587":"a","15588":"b","15589":"s","15590":"o","15591":"l","15592":"u","15593":"t","15594":"e","15595":";","15596":"\\","15597":"n","15598":" ","15599":" ","15600":" ","15601":" ","15602":"t","15603":"o","15604":"p","15605":":","15606":" ","15607":"-","15608":"1","15609":"0","15610":"p","15611":"x","15612":";","15613":" ","15614":"/","15615":"*","15616":" ","15617":"向","15618":"上","15619":"移","15620":"动","15621":"一","15622":"点","15623":" ","15624":"*","15625":"/","15626":"\\","15627":"n","15628":" ","15629":" ","15630":" ","15631":" ","15632":"b","15633":"o","15634":"t","15635":"t","15636":"o","15637":"m","15638":":","15639":" ","15640":"-","15641":"1","15642":"0","15643":"p","15644":"x","15645":";","15646":" ","15647":"/","15648":"*","15649":" ","15650":"向","15651":"下","15652":"移","15653":"动","15654":"一","15655":"点","15656":" ","15657":"*","15658":"/","15659":"\\","15660":"n","15661":" ","15662":" ","15663":" ","15664":" ","15665":"l","15666":"e","15667":"f","15668":"t","15669":":","15670":" ","15671":"-","15672":"1","15673":"0","15674":"p","15675":"x","15676":";","15677":" ","15678":"/","15679":"*","15680":" ","15681":"向","15682":"左","15683":"移","15684":"动","15685":"一","15686":"点","15687":" ","15688":"*","15689":"/","15690":"\\","15691":"n","15692":" ","15693":" ","15694":" ","15695":" ","15696":"r","15697":"i","15698":"g","15699":"h","15700":"t","15701":":","15702":" ","15703":"-","15704":"1","15705":"0","15706":"p","15707":"x","15708":";","15709":" ","15710":"/","15711":"*","15712":" ","15713":"向","15714":"右","15715":"移","15716":"动","15717":"一","15718":"点","15719":" ","15720":"*","15721":"/","15722":"\\","15723":"n","15724":" ","15725":" ","15726":" ","15727":" ","15728":"z","15729":"-","15730":"i","15731":"n","15732":"d","15733":"e","15734":"x","15735":":","15736":" ","15737":"-","15738":"1","15739":";","15740":"\\","15741":"n","15742":" ","15743":" ","15744":" ","15745":" ","15746":"b","15747":"a","15748":"c","15749":"k","15750":"g","15751":"r","15752":"o","15753":"u","15754":"n","15755":"d","15756":"-","15757":"c","15758":"o","15759":"l","15760":"o","15761":"r","15762":":","15763":" ","15764":"r","15765":"g","15766":"b","15767":"a","15768":"(","15769":"2","15770":"5","15771":"5","15772":",","15773":" ","15774":"2","15775":"5","15776":"5","15777":",","15778":" ","15779":"2","15780":"5","15781":"5","15782":",","15783":" ","15784":"0","15785":".","15786":"5","15787":")","15788":";","15789":"\\","15790":"n","15791":" ","15792":" ","15793":" ","15794":" ","15795":"b","15796":"o","15797":"r","15798":"d","15799":"e","15800":"r","15801":"-","15802":"r","15803":"a","15804":"d","15805":"i","15806":"u","15807":"s","15808":":","15809":" ","15810":"2","15811":"0","15812":"p","15813":"x","15814":";","15815":" ","15816":"/","15817":"*","15818":" ","15819":"圆","15820":"角","15821":"边","15822":"框","15823":" ","15824":"*","15825":"/","15826":"\\","15827":"n","15828":"}","15829":"\\","15830":"n","15831":"\\","15832":"n","15833":".","15834":"r","15835":"e","15836":"g","15837":"i","15838":"s","15839":"t","15840":"e","15841":"r","15842":"-","15843":"f","15844":"o","15845":"r","15846":"m","15847":" ","15848":"{","15849":"\\","15850":"n","15851":" ","15852":" ","15853":" ","15854":" ","15855":"f","15856":"l","15857":"e","15858":"x","15859":":","15860":" ","15861":"1","15862":";","15863":" ","15864":"/","15865":"*","15866":" ","15867":"添","15868":"加","15869":"F","15870":"l","15871":"e","15872":"x","15873":"属","15874":"性","15875":" ","15876":"*","15877":"/","15878":"\\","15879":"n","15880":"}","15881":"\\","15882":"n","15883":"\\","15884":"n","15885":".","15886":"e","15887":"l","15888":"-","15889":"f","15890":"o","15891":"r","15892":"m","15893":" ","15894":"{","15895":"\\","15896":"n","15897":" ","15898":" ","15899":" ","15900":" ","15901":"d","15902":"i","15903":"s","15904":"p","15905":"l","15906":"a","15907":"y","15908":":","15909":" ","15910":"f","15911":"l","15912":"e","15913":"x","15914":";","15915":"\\","15916":"n","15917":" ","15918":" ","15919":" ","15920":" ","15921":"f","15922":"l","15923":"e","15924":"x","15925":"-","15926":"d","15927":"i","15928":"r","15929":"e","15930":"c","15931":"t","15932":"i","15933":"o","15934":"n","15935":":","15936":" ","15937":"c","15938":"o","15939":"l","15940":"u","15941":"m","15942":"n","15943":";","15944":"\\","15945":"n","15946":" ","15947":" ","15948":" ","15949":" ","15950":"a","15951":"l","15952":"i","15953":"g","15954":"n","15955":"-","15956":"i","15957":"t","15958":"e","15959":"m","15960":"s","15961":":","15962":" ","15963":"c","15964":"e","15965":"n","15966":"t","15967":"e","15968":"r","15969":";","15970":"\\","15971":"n","15972":"}","15973":"\\","15974":"n","15975":"\\","15976":"n","15977":".","15978":"e","15979":"l","15980":"-","15981":"f","15982":"o","15983":"r","15984":"m","15985":"-","15986":"i","15987":"t","15988":"e","15989":"m","15990":" ","15991":"{","15992":"\\","15993":"n","15994":" ","15995":" ","15996":" ","15997":" ","15998":"w","15999":"i","16000":"d","16001":"t","16002":"h","16003":":","16004":" ","16005":"1","16006":"0","16007":"0","16008":"%","16009":";","16010":"\\","16011":"n","16012":" ","16013":" ","16014":" ","16015":" ","16016":"t","16017":"e","16018":"x","16019":"t","16020":"-","16021":"a","16022":"l","16023":"i","16024":"g","16025":"n","16026":":","16027":" ","16028":"c","16029":"e","16030":"n","16031":"t","16032":"e","16033":"r","16034":";","16035":"\\","16036":"n","16037":"}","16038":"\\","16039":"n","16040":"\\","16041":"n","16042":".","16043":"b","16044":"u","16045":"t","16046":"t","16047":"o","16048":"n","16049":"_","16050":"l","16051":"e","16052":"f","16053":"t","16054":" ","16055":"{","16056":"\\","16057":"n","16058":" ","16059":" ","16060":" ","16061":" ","16062":"p","16063":"o","16064":"s","16065":"i","16066":"t","16067":"i","16068":"o","16069":"n","16070":":","16071":" ","16072":"a","16073":"b","16074":"s","16075":"o","16076":"l","16077":"u","16078":"t","16079":"e","16080":";","16081":"\\","16082":"n","16083":" ","16084":" ","16085":" ","16086":" ","16087":"r","16088":"i","16089":"g","16090":"h","16091":"t","16092":":","16093":" ","16094":"0","16095":"%","16096":";","16097":"\\","16098":"n","16099":"}","16100":"\\","16101":"n","16102":"\\","16103":"n","16104":".","16105":"e","16106":"l","16107":"-","16108":"s","16109":"e","16110":"l","16111":"e","16112":"c","16113":"t","16114":" ","16115":"{","16116":"\\","16117":"n","16118":" ","16119":" ","16120":" ","16121":" ","16122":"w","16123":"i","16124":"d","16125":"t","16126":"h","16127":":","16128":" ","16129":"1","16130":"0","16131":"0","16132":"%","16133":";","16134":"\\","16135":"n","16136":"}","16137":"\\","16138":"n","16139":"<","16140":"/","16141":"s","16142":"t","16143":"y","16144":"l","16145":"e","16146":">","16147":"\\","16148":"n","16149":"\\","16150":"n","16151":"\\","16152":"n","16153":"\\","16154":"n","16155":"\\","16156":"n","16157":"\\","16158":"n","16159":"\"","16160":"]","16161":"}"},"_coverageSchema":"1a1c01bbd47fc00a2c39e90264f33305004495a9","hash":"4a40aa9daeec04042b080853c5808300976e10a7"}
,"/Users/enqurance/Desktop/BUAA/大三下/Agile/Agile_Frontend/src/components/sub_components/ManVerify.vue": {"path":"/Users/enqurance/Desktop/BUAA/大三下/Agile/Agile_Frontend/src/components/sub_components/ManVerify.vue","statementMap":{"0":{"start":{"line":4,"column":29},"end":{"line":4,"column":178}},"1":{"start":{"line":5,"column":0},"end":{"line":7,"column":3}},"2":{"start":{"line":8,"column":0},"end":{"line":8,"column":25}},"3":{"start":{"line":33,"column":0},"end":{"line":33,"column":13}},"4":{"start":{"line":35,"column":0},"end":{"line":37,"column":3}},"5":{"start":{"line":38,"column":0},"end":{"line":38,"column":24}},"6":{"start":{"line":39,"column":11},"end":{"line":39,"column":25}},"7":{"start":{"line":41,"column":27},"end":{"line":41,"column":62}},"8":{"start":{"line":42,"column":2},"end":{"line":46,"column":61}},"9":{"start":{"line":47,"column":2},"end":{"line":47,"column":49}}},"fnMap":{"0":{"name":"render","decl":{"start":{"line":40,"column":9},"end":{"line":40,"column":15}},"loc":{"start":{"line":40,"column":30},"end":{"line":47,"column":1}},"line":40}},"branchMap":{},"s":{"0":2,"1":2,"2":2,"3":2,"4":2,"5":2,"6":2,"7":2,"8":2,"9":2},"f":{"0":2},"b":{},"inputSourceMap":{"0":"{","1":"\"","2":"v","3":"e","4":"r","5":"s","6":"i","7":"o","8":"n","9":"\"","10":":","11":"3","12":",","13":"\"","14":"s","15":"o","16":"u","17":"r","18":"c","19":"e","20":"s","21":"\"","22":":","23":"[","24":"\"","25":"/","26":"U","27":"s","28":"e","29":"r","30":"s","31":"/","32":"e","33":"n","34":"q","35":"u","36":"r","37":"a","38":"n","39":"c","40":"e","41":"/","42":"D","43":"e","44":"s","45":"k","46":"t","47":"o","48":"p","49":"/","50":"B","51":"U","52":"A","53":"A","54":"/","55":"大","56":"三","57":"下","58":"/","59":"A","60":"g","61":"i","62":"l","63":"e","64":"/","65":"A","66":"g","67":"i","68":"l","69":"e","70":"_","71":"F","72":"r","73":"o","74":"n","75":"t","76":"e","77":"n","78":"d","79":"/","80":"s","81":"r","82":"c","83":"/","84":"c","85":"o","86":"m","87":"p","88":"o","89":"n","90":"e","91":"n","92":"t","93":"s","94":"/","95":"s","96":"u","97":"b","98":"_","99":"c","100":"o","101":"m","102":"p","103":"o","104":"n","105":"e","106":"n","107":"t","108":"s","109":"/","110":"M","111":"a","112":"n","113":"V","114":"e","115":"r","116":"i","117":"f","118":"y","119":".","120":"v","121":"u","122":"e","123":"\"","124":"]","125":",","126":"\"","127":"n","128":"a","129":"m","130":"e","131":"s","132":"\"","133":":","134":"[","135":"]","136":",","137":"\"","138":"m","139":"a","140":"p","141":"p","142":"i","143":"n","144":"g","145":"s","146":"\"","147":":","148":"\"","149":";","150":";","151":";","152":";","153":";","154":";","155":";","156":";","157":"A","158":"A","159":"O","160":"A","161":";","162":"A","163":"A","164":"A","165":"A","166":";","167":"A","168":"A","169":"A","170":"A","171":";","172":"A","173":"A","174":"A","175":"s","176":"C","177":";","178":"A","179":"A","180":"A","181":"A","182":",","183":"e","184":"A","185":"E","186":"v","187":"B","188":";","189":"E","190":"A","191":"C","192":"X","193":",","194":"K","195":"A","196":"A","197":"K","198":",","199":"E","200":"A","201":"A","202":"E","203":",","204":"C","205":"A","206":"A","207":"C","208":",","209":"U","210":"A","211":"A","212":"U","213":",","214":"C","215":"A","216":"A","217":"C","218":";","219":"E","220":"A","221":"C","222":"n","223":"B","224":",","225":"K","226":"A","227":"A","228":"K","229":",","230":"E","231":"A","232":"A","233":"E","234":",","235":"C","236":"A","237":"A","238":"C","239":",","240":"Q","241":"A","242":"A","243":"Q","244":",","245":"C","246":"A","247":"A","248":"C","249":";","250":"E","251":"A","252":"C","253":"j","254":"B","255":",","256":"U","257":"A","258":"A","259":"U","260":",","261":"E","262":"A","263":"A","264":"E","265":";","266":"I","267":"A","268":"C","269":"R","270":",","271":"K","272":"A","273":"A","274":"K","275":";","276":"I","277":"A","278":"A","279":"L","280":";","281":"I","282":"A","283":"A","284":"A","285":";","286":"I","287":"A","288":"A","289":"A","290":";","291":"I","292":"A","293":"A","294":"A","295":";","296":"E","297":"A","298":"C","299":"J","300":",","301":"C","302":"A","303":"A","304":"C","305":";","306":"E","307":"A","308":"C","309":"D","310":",","311":"O","312":"A","313":"A","314":"O","315":",","316":"E","317":"A","318":"A","319":"E","320":";","321":"I","322":"A","323":"C","324":"L","325":",","326":"O","327":"A","328":"A","329":"O","330":",","331":"G","332":"A","333":"A","334":"G","335":";","336":"M","337":"A","338":"C","339":"N","340":";","341":"M","342":"A","343":"C","344":"A","345":",","346":"I","347":"A","348":"A","349":"I","350":",","351":"C","352":"A","353":"A","354":"C","355":",","356":"K","357":"A","358":"A","359":"K","360":",","361":"C","362":"A","363":"A","364":"C","365":",","366":"U","367":"A","368":"A","369":"U","370":",","371":"C","372":"A","373":"A","374":"C","375":";","376":"I","377":"A","378":"C","379":"1","380":"B","381":",","382":"C","383":"A","384":"A","385":"C","386":";","387":"I","388":"A","389":"C","390":"D","391":",","392":"I","393":"A","394":"A","395":"I","396":",","397":"G","398":"A","399":"A","400":"G","401":",","402":"C","403":"A","404":"A","405":"C","406":";","407":"E","408":"A","409":"C","410":"Z","411":";","412":"A","413":"A","414":"C","415":"J","416":",","417":"C","418":"A","419":"A","420":"C","421":";","422":"A","423":"A","424":"A","425":"A","426":";","427":"A","428":"A","429":"A","430":"A","431":"\"","432":",","433":"\"","434":"f","435":"i","436":"l","437":"e","438":"\"","439":":","440":"\"","441":"/","442":"U","443":"s","444":"e","445":"r","446":"s","447":"/","448":"e","449":"n","450":"q","451":"u","452":"r","453":"a","454":"n","455":"c","456":"e","457":"/","458":"D","459":"e","460":"s","461":"k","462":"t","463":"o","464":"p","465":"/","466":"B","467":"U","468":"A","469":"A","470":"/","471":"大","472":"三","473":"下","474":"/","475":"A","476":"g","477":"i","478":"l","479":"e","480":"/","481":"A","482":"g","483":"i","484":"l","485":"e","486":"_","487":"F","488":"r","489":"o","490":"n","491":"t","492":"e","493":"n","494":"d","495":"/","496":"s","497":"r","498":"c","499":"/","500":"c","501":"o","502":"m","503":"p","504":"o","505":"n","506":"e","507":"n","508":"t","509":"s","510":"/","511":"s","512":"u","513":"b","514":"_","515":"c","516":"o","517":"m","518":"p","519":"o","520":"n","521":"e","522":"n","523":"t","524":"s","525":"/","526":"M","527":"a","528":"n","529":"V","530":"e","531":"r","532":"i","533":"f","534":"y","535":".","536":"v","537":"u","538":"e","539":"\"","540":",","541":"\"","542":"s","543":"o","544":"u","545":"r","546":"c","547":"e","548":"s","549":"C","550":"o","551":"n","552":"t","553":"e","554":"n","555":"t","556":"\"","557":":","558":"[","559":"\"","560":"<","561":"t","562":"e","563":"m","564":"p","565":"l","566":"a","567":"t","568":"e","569":">","570":"\\","571":"n","572":" ","573":" ","574":" ","575":" ","576":"<","577":"d","578":"i","579":"v","580":">","581":"\\","582":"n","583":" ","584":" ","585":" ","586":" ","587":" ","588":" ","589":" ","590":" ","591":"<","592":"V","593":"c","594":"o","595":"d","596":"e","597":" ","598":":","599":"s","600":"h","601":"o","602":"w","603":"=","604":"\\","605":"\"","606":"i","607":"s","608":"S","609":"h","610":"o","611":"w","612":"\\","613":"\"","614":" ","615":"@","616":"s","617":"u","618":"c","619":"c","620":"e","621":"s","622":"s","623":"=","624":"\\","625":"\"","626":"s","627":"u","628":"c","629":"c","630":"e","631":"s","632":"s","633":"\\","634":"\"","635":" ","636":"@","637":"f","638":"a","639":"i","640":"l","641":"=","642":"'","643":"f","644":"a","645":"i","646":"l","647":"'","648":">","649":"<","650":"/","651":"V","652":"c","653":"o","654":"d","655":"e","656":">","657":"\\","658":"n","659":" ","660":" ","661":" ","662":" ","663":"<","664":"/","665":"d","666":"i","667":"v","668":">","669":"\\","670":"n","671":"<","672":"/","673":"t","674":"e","675":"m","676":"p","677":"l","678":"a","679":"t","680":"e","681":">","682":"\\","683":"n","684":"\\","685":"n","686":"<","687":"s","688":"c","689":"r","690":"i","691":"p","692":"t","693":">","694":"\\","695":"n","696":"i","697":"m","698":"p","699":"o","700":"r","701":"t","702":" ","703":"V","704":"c","705":"o","706":"d","707":"e","708":" ","709":"f","710":"r","711":"o","712":"m","713":" ","714":"\\","715":"\"","716":"v","717":"u","718":"e","719":"3","720":"-","721":"p","722":"u","723":"z","724":"z","725":"l","726":"e","727":"-","728":"v","729":"c","730":"o","731":"d","732":"e","733":"\\","734":"\"","735":";","736":"\\","737":"n","738":"\\","739":"n","740":"e","741":"x","742":"p","743":"o","744":"r","745":"t","746":" ","747":"d","748":"e","749":"f","750":"a","751":"u","752":"l","753":"t","754":" ","755":"{","756":"\\","757":"n","758":" ","759":" ","760":" ","761":" ","762":"e","763":"m","764":"i","765":"t","766":"s","767":":","768":" ","769":"[","770":"'","771":"v","772":"e","773":"r","774":"i","775":"f","776":"i","777":"e","778":"d","779":"'","780":"]","781":",","782":"\\","783":"n","784":" ","785":" ","786":" ","787":" ","788":"p","789":"r","790":"o","791":"p","792":"s","793":":","794":" ","795":"[","796":"'","797":"i","798":"s","799":"S","800":"h","801":"o","802":"w","803":"'","804":"]","805":",","806":"\\","807":"n","808":" ","809":" ","810":" ","811":" ","812":"c","813":"o","814":"m","815":"p","816":"o","817":"n","818":"e","819":"n","820":"t","821":"s","822":":","823":" ","824":"{","825":"\\","826":"n","827":" ","828":" ","829":" ","830":" ","831":" ","832":" ","833":" ","834":" ","835":"V","836":"c","837":"o","838":"d","839":"e","840":",","841":"\\","842":"n","843":" ","844":" ","845":" ","846":" ","847":"}","848":",","849":"\\","850":"n","851":" ","852":" ","853":" ","854":" ","855":"m","856":"e","857":"t","858":"h","859":"o","860":"d","861":"s","862":":","863":" ","864":"{","865":"\\","866":"n","867":" ","868":" ","869":" ","870":" ","871":" ","872":" ","873":" ","874":" ","875":"s","876":"u","877":"c","878":"c","879":"e","880":"s","881":"s","882":"(","883":")","884":" ","885":"{","886":"\\","887":"n","888":" ","889":" ","890":" ","891":" ","892":" ","893":" ","894":" ","895":" ","896":" ","897":" ","898":" ","899":" ","900":"/","901":"/","902":" ","903":"t","904":"h","905":"i","906":"s","907":".","908":"i","909":"s","910":"S","911":"h","912":"o","913":"w","914":" ","915":"=","916":" ","917":"f","918":"a","919":"l","920":"s","921":"e","922":";","923":"\\","924":"n","925":" ","926":" ","927":" ","928":" ","929":" ","930":" ","931":" ","932":" ","933":" ","934":" ","935":" ","936":" ","937":"t","938":"h","939":"i","940":"s","941":".","942":"$","943":"e","944":"m","945":"i","946":"t","947":"(","948":"'","949":"v","950":"e","951":"r","952":"i","953":"f","954":"i","955":"e","956":"d","957":"'","958":")","959":";","960":"\\","961":"n","962":" ","963":" ","964":" ","965":" ","966":" ","967":" ","968":" ","969":" ","970":"}","971":",","972":"\\","973":"n","974":" ","975":" ","976":" ","977":" ","978":" ","979":" ","980":" ","981":" ","982":"f","983":"a","984":"i","985":"l","986":"(","987":")","988":" ","989":"{","990":"}","991":"\\","992":"n","993":" ","994":" ","995":" ","996":" ","997":"}","998":"\\","999":"n","1000":"}","1001":"\\","1002":"n","1003":"<","1004":"/","1005":"s","1006":"c","1007":"r","1008":"i","1009":"p","1010":"t","1011":">","1012":"\\","1013":"n","1014":"\"","1015":"]","1016":"}"},"_coverageSchema":"1a1c01bbd47fc00a2c39e90264f33305004495a9","hash":"44f751945d1b64bcf6e9164d686e8850b6189bff"}
}
