TN:
SF:src/global.js
FN:39,get_pin_type
FN:44,get_pin_color
FN:49,get_pin_state
FN:54,get_public_pin_state
FN:59,get_pin_state_color
FNF:5
FNH:0
FNDA:0,get_pin_type
FNDA:0,get_pin_color
FNDA:0,get_pin_state
FNDA:0,get_public_pin_state
FNDA:0,get_pin_state_color
DA:1,1
DA:11,1
DA:21,1
DA:27,1
DA:33,1
DA:41,0
DA:46,0
DA:51,0
DA:56,0
DA:61,0
DA:64,1
LF:11
LH:6
BRF:0
BRH:0
end_of_record
TN:
SF:src/axios/axios.js
FN:5,(anonymous_0)
FN:13,(anonymous_1)
FNF:2
FNH:1
FNDA:1,(anonymous_0)
FNDA:0,(anonymous_1)
DA:3,1
DA:4,1
DA:5,1
DA:9,1
DA:12,1
DA:14,0
LF:6
LH:5
BRF:0
BRH:0
end_of_record
TN:
SF:src/components/AdministratorPage.vue
FN:725,render
FN:760,(anonymous_1)
FN:761,(anonymous_2)
FN:768,(anonymous_3)
FN:773,(anonymous_4)
FN:780,(anonymous_5)
FN:782,(anonymous_6)
FN:787,(anonymous_7)
FN:789,(anonymous_8)
FN:790,(anonymous_9)
FN:797,(anonymous_10)
FN:799,(anonymous_11)
FN:801,(anonymous_12)
FN:802,(anonymous_13)
FN:810,(anonymous_14)
FN:811,(anonymous_15)
FN:815,(anonymous_16)
FN:816,(anonymous_17)
FN:818,(anonymous_18)
FN:820,(anonymous_19)
FN:825,(anonymous_20)
FN:827,(anonymous_21)
FN:847,(anonymous_22)
FN:849,(anonymous_23)
FN:853,(anonymous_24)
FN:857,(anonymous_25)
FN:860,(anonymous_26)
FN:862,(anonymous_27)
FN:864,(anonymous_28)
FN:867,(anonymous_29)
FN:872,(anonymous_30)
FN:882,(anonymous_31)
FN:884,(anonymous_32)
FN:890,(anonymous_33)
FN:894,(anonymous_34)
FN:897,(anonymous_35)
FN:899,(anonymous_36)
FN:911,(anonymous_37)
FN:915,(anonymous_38)
FN:919,(anonymous_39)
FN:922,(anonymous_40)
FN:924,(anonymous_41)
FN:928,(anonymous_42)
FN:928,(anonymous_43)
FN:935,(anonymous_44)
FN:950,(anonymous_45)
FN:952,(anonymous_46)
FN:958,(anonymous_47)
FN:962,(anonymous_48)
FN:965,(anonymous_49)
FN:969,(anonymous_50)
FN:981,(anonymous_51)
FN:991,(anonymous_52)
FN:999,(anonymous_53)
FN:1002,(anonymous_54)
FN:1007,(anonymous_55)
FN:1018,(anonymous_56)
FN:1021,(anonymous_57)
FN:1026,(anonymous_58)
FN:1038,(anonymous_59)
FN:1041,(anonymous_60)
FN:1044,(anonymous_61)
FN:1053,(anonymous_62)
FN:1056,(anonymous_63)
FN:1071,(anonymous_64)
FN:1074,(anonymous_65)
FN:1079,(anonymous_66)
FN:1091,(anonymous_67)
FN:1094,(anonymous_68)
FN:1097,(anonymous_69)
FN:1106,(anonymous_70)
FN:1109,(anonymous_71)
FN:1124,(anonymous_72)
FN:1127,(anonymous_73)
FN:1130,(anonymous_74)
FN:1135,(anonymous_75)
FN:1147,(anonymous_76)
FN:1151,(anonymous_77)
FN:1155,(anonymous_78)
FN:1158,(anonymous_79)
FN:1160,(anonymous_80)
FN:1162,(anonymous_81)
FN:1165,(anonymous_82)
FN:1170,(anonymous_83)
FN:1175,(anonymous_84)
FN:1186,(anonymous_85)
FN:1188,(anonymous_86)
FN:1194,(anonymous_87)
FN:1198,(anonymous_88)
FN:1201,(anonymous_89)
FN:1203,(anonymous_90)
FN:1215,(anonymous_91)
FN:1225,(anonymous_92)
FN:1233,(anonymous_93)
FN:1235,(anonymous_94)
FN:1240,(anonymous_95)
FN:1240,(anonymous_96)
FN:1250,(anonymous_97)
FN:1257,(anonymous_98)
FN:1261,(anonymous_99)
FN:1265,(anonymous_100)
FN:1268,(anonymous_101)
FN:1270,(anonymous_102)
FN:1272,(anonymous_103)
FN:1275,(anonymous_104)
FN:1280,(anonymous_105)
FN:1285,(anonymous_106)
FN:1296,(anonymous_107)
FN:1298,(anonymous_108)
FN:1304,(anonymous_109)
FN:1308,(anonymous_110)
FN:1311,(anonymous_111)
FN:1313,(anonymous_112)
FN:1325,(anonymous_113)
FN:1335,(anonymous_114)
FN:1343,(anonymous_115)
FN:1345,(anonymous_116)
FN:1350,(anonymous_117)
FN:1350,(anonymous_118)
FN:1360,(anonymous_119)
FN:1367,(anonymous_120)
FN:1371,(anonymous_121)
FN:1375,(anonymous_122)
FN:1378,(anonymous_123)
FN:1380,(anonymous_124)
FN:1382,(anonymous_125)
FN:1385,(anonymous_126)
FN:1390,(anonymous_127)
FN:1401,(anonymous_128)
FN:1403,(anonymous_129)
FN:1409,(anonymous_130)
FN:1413,(anonymous_131)
FN:1416,(anonymous_132)
FN:1418,(anonymous_133)
FN:1439,(anonymous_134)
FNF:135
FNH:0
FNDA:0,render
FNDA:0,(anonymous_1)
FNDA:0,(anonymous_2)
FNDA:0,(anonymous_3)
FNDA:0,(anonymous_4)
FNDA:0,(anonymous_5)
FNDA:0,(anonymous_6)
FNDA:0,(anonymous_7)
FNDA:0,(anonymous_8)
FNDA:0,(anonymous_9)
FNDA:0,(anonymous_10)
FNDA:0,(anonymous_11)
FNDA:0,(anonymous_12)
FNDA:0,(anonymous_13)
FNDA:0,(anonymous_14)
FNDA:0,(anonymous_15)
FNDA:0,(anonymous_16)
FNDA:0,(anonymous_17)
FNDA:0,(anonymous_18)
FNDA:0,(anonymous_19)
FNDA:0,(anonymous_20)
FNDA:0,(anonymous_21)
FNDA:0,(anonymous_22)
FNDA:0,(anonymous_23)
FNDA:0,(anonymous_24)
FNDA:0,(anonymous_25)
FNDA:0,(anonymous_26)
FNDA:0,(anonymous_27)
FNDA:0,(anonymous_28)
FNDA:0,(anonymous_29)
FNDA:0,(anonymous_30)
FNDA:0,(anonymous_31)
FNDA:0,(anonymous_32)
FNDA:0,(anonymous_33)
FNDA:0,(anonymous_34)
FNDA:0,(anonymous_35)
FNDA:0,(anonymous_36)
FNDA:0,(anonymous_37)
FNDA:0,(anonymous_38)
FNDA:0,(anonymous_39)
FNDA:0,(anonymous_40)
FNDA:0,(anonymous_41)
FNDA:0,(anonymous_42)
FNDA:0,(anonymous_43)
FNDA:0,(anonymous_44)
FNDA:0,(anonymous_45)
FNDA:0,(anonymous_46)
FNDA:0,(anonymous_47)
FNDA:0,(anonymous_48)
FNDA:0,(anonymous_49)
FNDA:0,(anonymous_50)
FNDA:0,(anonymous_51)
FNDA:0,(anonymous_52)
FNDA:0,(anonymous_53)
FNDA:0,(anonymous_54)
FNDA:0,(anonymous_55)
FNDA:0,(anonymous_56)
FNDA:0,(anonymous_57)
FNDA:0,(anonymous_58)
FNDA:0,(anonymous_59)
FNDA:0,(anonymous_60)
FNDA:0,(anonymous_61)
FNDA:0,(anonymous_62)
FNDA:0,(anonymous_63)
FNDA:0,(anonymous_64)
FNDA:0,(anonymous_65)
FNDA:0,(anonymous_66)
FNDA:0,(anonymous_67)
FNDA:0,(anonymous_68)
FNDA:0,(anonymous_69)
FNDA:0,(anonymous_70)
FNDA:0,(anonymous_71)
FNDA:0,(anonymous_72)
FNDA:0,(anonymous_73)
FNDA:0,(anonymous_74)
FNDA:0,(anonymous_75)
FNDA:0,(anonymous_76)
FNDA:0,(anonymous_77)
FNDA:0,(anonymous_78)
FNDA:0,(anonymous_79)
FNDA:0,(anonymous_80)
FNDA:0,(anonymous_81)
FNDA:0,(anonymous_82)
FNDA:0,(anonymous_83)
FNDA:0,(anonymous_84)
FNDA:0,(anonymous_85)
FNDA:0,(anonymous_86)
FNDA:0,(anonymous_87)
FNDA:0,(anonymous_88)
FNDA:0,(anonymous_89)
FNDA:0,(anonymous_90)
FNDA:0,(anonymous_91)
FNDA:0,(anonymous_92)
FNDA:0,(anonymous_93)
FNDA:0,(anonymous_94)
FNDA:0,(anonymous_95)
FNDA:0,(anonymous_96)
FNDA:0,(anonymous_97)
FNDA:0,(anonymous_98)
FNDA:0,(anonymous_99)
FNDA:0,(anonymous_100)
FNDA:0,(anonymous_101)
FNDA:0,(anonymous_102)
FNDA:0,(anonymous_103)
FNDA:0,(anonymous_104)
FNDA:0,(anonymous_105)
FNDA:0,(anonymous_106)
FNDA:0,(anonymous_107)
FNDA:0,(anonymous_108)
FNDA:0,(anonymous_109)
FNDA:0,(anonymous_110)
FNDA:0,(anonymous_111)
FNDA:0,(anonymous_112)
FNDA:0,(anonymous_113)
FNDA:0,(anonymous_114)
FNDA:0,(anonymous_115)
FNDA:0,(anonymous_116)
FNDA:0,(anonymous_117)
FNDA:0,(anonymous_118)
FNDA:0,(anonymous_119)
FNDA:0,(anonymous_120)
FNDA:0,(anonymous_121)
FNDA:0,(anonymous_122)
FNDA:0,(anonymous_123)
FNDA:0,(anonymous_124)
FNDA:0,(anonymous_125)
FNDA:0,(anonymous_126)
FNDA:0,(anonymous_127)
FNDA:0,(anonymous_128)
FNDA:0,(anonymous_129)
FNDA:0,(anonymous_130)
FNDA:0,(anonymous_131)
FNDA:0,(anonymous_132)
FNDA:0,(anonymous_133)
FNDA:0,(anonymous_134)
DA:4,1
DA:5,1
DA:8,1
DA:9,1
DA:568,1
DA:570,1
DA:573,1
DA:574,1
DA:575,1
DA:580,1
DA:586,1
DA:593,1
DA:596,1
DA:599,1
DA:600,1
DA:605,1
DA:610,1
DA:615,1
DA:620,1
DA:625,1
DA:630,1
DA:635,1
DA:638,1
DA:641,1
DA:642,1
DA:651,1
DA:658,1
DA:666,1
DA:673,1
DA:678,1
DA:681,1
DA:684,1
DA:685,1
DA:695,1
DA:702,1
DA:710,1
DA:717,1
DA:722,1
DA:726,0
DA:727,0
DA:728,0
DA:729,0
DA:730,0
DA:731,0
DA:732,0
DA:733,0
DA:734,0
DA:735,0
DA:736,0
DA:737,0
DA:738,0
DA:739,0
DA:740,0
DA:741,0
DA:742,0
DA:743,0
DA:744,0
DA:745,0
DA:746,0
DA:747,0
DA:748,0
DA:749,0
DA:750,0
DA:751,0
DA:752,0
DA:753,0
DA:754,0
DA:755,0
DA:760,0
DA:761,0
DA:768,0
DA:773,0
DA:780,0
DA:783,0
DA:784,0
DA:787,0
DA:789,0
DA:790,0
DA:797,0
DA:799,0
DA:801,0
DA:802,0
DA:810,0
DA:811,0
DA:815,0
DA:816,0
DA:818,0
DA:820,0
DA:825,0
DA:827,0
DA:847,0
DA:849,0
DA:853,0
DA:857,0
DA:860,0
DA:862,0
DA:864,0
DA:867,0
DA:872,0
DA:882,0
DA:884,0
DA:890,0
DA:894,0
DA:897,0
DA:899,0
DA:911,0
DA:915,0
DA:919,0
DA:922,0
DA:924,0
DA:928,0
DA:929,0
DA:935,0
DA:950,0
DA:952,0
DA:958,0
DA:962,0
DA:966,0
DA:969,0
DA:982,0
DA:991,0
DA:999,0
DA:1002,0
DA:1007,0
DA:1018,0
DA:1021,0
DA:1026,0
DA:1038,0
DA:1041,0
DA:1044,0
DA:1053,0
DA:1056,0
DA:1071,0
DA:1074,0
DA:1079,0
DA:1091,0
DA:1094,0
DA:1097,0
DA:1106,0
DA:1109,0
DA:1124,0
DA:1127,0
DA:1130,0
DA:1135,0
DA:1147,0
DA:1151,0
DA:1155,0
DA:1158,0
DA:1160,0
DA:1162,0
DA:1165,0
DA:1170,0
DA:1175,0
DA:1186,0
DA:1188,0
DA:1194,0
DA:1198,0
DA:1201,0
DA:1203,0
DA:1216,0
DA:1225,0
DA:1233,0
DA:1235,0
DA:1240,0
DA:1241,0
DA:1250,0
DA:1257,0
DA:1261,0
DA:1265,0
DA:1268,0
DA:1270,0
DA:1272,0
DA:1275,0
DA:1280,0
DA:1285,0
DA:1296,0
DA:1298,0
DA:1304,0
DA:1308,0
DA:1311,0
DA:1313,0
DA:1326,0
DA:1335,0
DA:1343,0
DA:1345,0
DA:1350,0
DA:1351,0
DA:1360,0
DA:1367,0
DA:1371,0
DA:1375,0
DA:1378,0
DA:1380,0
DA:1382,0
DA:1385,0
DA:1390,0
DA:1401,0
DA:1403,0
DA:1409,0
DA:1413,0
DA:1416,0
DA:1418,0
DA:1439,0
DA:1441,1
LF:204
LH:39
BRDA:782,0,0,0
BRDA:782,0,1,0
BRDA:797,1,0,0
BRDA:797,1,1,0
BRDA:818,2,0,0
BRDA:818,2,1,0
BRDA:825,3,0,0
BRDA:825,3,1,0
BRDA:847,4,0,0
BRDA:847,4,1,0
BRDA:849,5,0,0
BRDA:849,5,1,0
BRDA:862,6,0,0
BRDA:862,6,1,0
BRDA:884,7,0,0
BRDA:884,7,1,0
BRDA:897,8,0,0
BRDA:897,8,1,0
BRDA:911,9,0,0
BRDA:911,9,1,0
BRDA:924,10,0,0
BRDA:924,10,1,0
BRDA:952,11,0,0
BRDA:952,11,1,0
BRDA:965,12,0,0
BRDA:965,12,1,0
BRDA:979,13,0,0
BRDA:979,13,1,0
BRDA:979,14,0,0
BRDA:979,14,1,0
BRDA:1147,15,0,0
BRDA:1147,15,1,0
BRDA:1160,16,0,0
BRDA:1160,16,1,0
BRDA:1182,17,0,0
BRDA:1182,17,1,0
BRDA:1182,18,0,0
BRDA:1182,18,1,0
BRDA:1188,19,0,0
BRDA:1188,19,1,0
BRDA:1201,20,0,0
BRDA:1201,20,1,0
BRDA:1213,21,0,0
BRDA:1213,21,1,0
BRDA:1213,22,0,0
BRDA:1213,22,1,0
BRDA:1257,23,0,0
BRDA:1257,23,1,0
BRDA:1270,24,0,0
BRDA:1270,24,1,0
BRDA:1292,25,0,0
BRDA:1292,25,1,0
BRDA:1292,26,0,0
BRDA:1292,26,1,0
BRDA:1298,27,0,0
BRDA:1298,27,1,0
BRDA:1311,28,0,0
BRDA:1311,28,1,0
BRDA:1323,29,0,0
BRDA:1323,29,1,0
BRDA:1323,30,0,0
BRDA:1323,30,1,0
BRDA:1345,31,0,0
BRDA:1345,31,1,0
BRDA:1367,32,0,0
BRDA:1367,32,1,0
BRDA:1380,33,0,0
BRDA:1380,33,1,0
BRDA:1397,34,0,0
BRDA:1397,34,1,0
BRDA:1403,35,0,0
BRDA:1403,35,1,0
BRDA:1416,36,0,0
BRDA:1416,36,1,0
BRDA:1439,37,0,0
BRDA:1439,37,1,0
BRF:76
BRH:0
end_of_record
TN:
SF:src/components/ForumPage.vue
FN:32,render
FNF:1
FNH:0
FNDA:0,render
DA:4,1
DA:5,1
DA:8,1
DA:25,1
DA:27,1
DA:30,1
DA:31,1
DA:33,0
DA:34,0
DA:37,1
LF:10
LH:8
BRDA:34,0,0,0
BRDA:34,0,1,0
BRF:2
BRH:0
end_of_record
TN:
SF:src/components/InforPage.vue
FN:32,render
FNF:1
FNH:0
FNDA:0,render
DA:4,1
DA:5,1
DA:8,1
DA:25,1
DA:27,1
DA:30,1
DA:31,1
DA:33,0
DA:34,0
DA:37,1
LF:10
LH:8
BRDA:34,0,0,0
BRDA:34,0,1,0
BRF:2
BRH:0
end_of_record
TN:
SF:src/components/LoginPage.vue
FN:32,render
FNF:1
FNH:0
FNDA:0,render
DA:4,1
DA:5,1
DA:8,1
DA:25,1
DA:27,1
DA:30,1
DA:31,1
DA:33,0
DA:34,0
DA:37,1
LF:10
LH:8
BRDA:34,0,0,0
BRDA:34,0,1,0
BRF:2
BRH:0
end_of_record
TN:
SF:src/components/MapHomepage.vue
FN:40,render
FNF:1
FNH:0
FNDA:0,render
DA:4,1
DA:5,1
DA:8,1
DA:33,1
DA:35,1
DA:38,1
DA:39,1
DA:41,0
DA:42,0
DA:43,0
DA:48,1
LF:11
LH:8
BRDA:43,0,0,0
BRDA:43,0,1,0
BRF:2
BRH:0
end_of_record
TN:
SF:src/components/PostPage.vue
FN:32,render
FNF:1
FNH:0
FNDA:0,render
DA:4,1
DA:5,1
DA:8,1
DA:25,1
DA:27,1
DA:30,1
DA:31,1
DA:33,0
DA:34,0
DA:37,1
LF:10
LH:8
BRDA:34,0,0,0
BRDA:34,0,1,0
BRF:2
BRH:0
end_of_record
TN:
SF:src/components/RegisterPage.vue
FN:32,render
FNF:1
FNH:1
FNDA:2,render
DA:4,2
DA:5,2
DA:8,2
DA:25,2
DA:27,2
DA:30,2
DA:31,2
DA:33,2
DA:34,2
DA:37,2
LF:10
LH:10
BRDA:34,0,0,1
BRDA:34,0,1,1
BRF:2
BRH:2
end_of_record
TN:
SF:src/components/mobile/MobileMapHomepage.vue
FN:480,render
FN:491,(anonymous_1)
FN:493,(anonymous_2)
FN:497,(anonymous_3)
FN:501,(anonymous_4)
FN:508,(anonymous_5)
FN:508,(anonymous_6)
FN:513,(anonymous_7)
FN:532,(anonymous_8)
FN:536,(anonymous_9)
FN:537,(anonymous_10)
FN:541,(anonymous_11)
FN:551,(anonymous_12)
FN:555,(anonymous_13)
FN:561,(anonymous_14)
FN:567,(anonymous_15)
FNF:16
FNH:0
FNDA:0,render
FNDA:0,(anonymous_1)
FNDA:0,(anonymous_2)
FNDA:0,(anonymous_3)
FNDA:0,(anonymous_4)
FNDA:0,(anonymous_5)
FNDA:0,(anonymous_6)
FNDA:0,(anonymous_7)
FNDA:0,(anonymous_8)
FNDA:0,(anonymous_9)
FNDA:0,(anonymous_10)
FNDA:0,(anonymous_11)
FNDA:0,(anonymous_12)
FNDA:0,(anonymous_13)
FNDA:0,(anonymous_14)
FNDA:0,(anonymous_15)
DA:4,1
DA:5,1
DA:8,1
DA:9,1
DA:457,1
DA:459,1
DA:462,1
DA:463,1
DA:464,1
DA:470,1
DA:473,1
DA:481,0
DA:482,0
DA:483,0
DA:484,0
DA:485,0
DA:486,0
DA:487,0
DA:488,0
DA:489,0
DA:491,0
DA:493,0
DA:497,0
DA:501,0
DA:508,0
DA:509,0
DA:513,0
DA:532,0
DA:536,0
DA:537,0
DA:541,0
DA:551,0
DA:555,0
DA:561,0
DA:567,0
DA:572,1
LF:36
LH:12
BRDA:491,0,0,0
BRDA:491,0,1,0
BRDA:493,1,0,0
BRDA:493,1,1,0
BRDA:497,2,0,0
BRDA:497,2,1,0
BRDA:501,3,0,0
BRDA:501,3,1,0
BRDA:532,4,0,0
BRDA:532,4,1,0
BRDA:536,5,0,0
BRDA:536,5,1,0
BRDA:537,6,0,0
BRDA:537,6,1,0
BRDA:541,7,0,0
BRDA:541,7,1,0
BRDA:543,8,0,0
BRDA:543,8,1,0
BRF:18
BRH:0
end_of_record
TN:
SF:src/components/pc/PCForumPage.vue
FN:216,render
FN:227,(anonymous_1)
FN:228,(anonymous_2)
FN:240,(anonymous_3)
FN:249,(anonymous_4)
FN:253,(anonymous_5)
FN:263,(anonymous_6)
FN:268,(anonymous_7)
FNF:8
FNH:0
FNDA:0,render
FNDA:0,(anonymous_1)
FNDA:0,(anonymous_2)
FNDA:0,(anonymous_3)
FNDA:0,(anonymous_4)
FNDA:0,(anonymous_5)
FNDA:0,(anonymous_6)
FNDA:0,(anonymous_7)
DA:4,1
DA:5,1
DA:8,1
DA:9,1
DA:177,1
DA:179,1
DA:182,1
DA:183,1
DA:184,1
DA:187,1
DA:190,1
DA:193,1
DA:196,1
DA:199,1
DA:200,1
DA:203,1
DA:206,1
DA:209,1
DA:212,1
DA:217,0
DA:218,0
DA:219,0
DA:220,0
DA:221,0
DA:222,0
DA:223,0
DA:224,0
DA:225,0
DA:226,0
DA:227,0
DA:228,0
DA:240,0
DA:249,0
DA:254,0
DA:263,0
DA:268,0
DA:281,1
LF:37
LH:20
BRDA:274,0,0,0
BRDA:274,0,1,0
BRF:2
BRH:0
end_of_record
TN:
SF:src/components/pc/PCInforPage.vue
FN:131,render
FN:161,(anonymous_1)
FN:165,(anonymous_2)
FN:167,(anonymous_3)
FN:172,(anonymous_4)
FN:175,(anonymous_5)
FN:180,(anonymous_6)
FN:190,(anonymous_7)
FN:192,(anonymous_8)
FN:194,(anonymous_9)
FN:195,(anonymous_10)
FN:196,(anonymous_11)
FN:203,(anonymous_12)
FN:205,(anonymous_13)
FN:206,(anonymous_14)
FN:207,(anonymous_15)
FN:214,(anonymous_16)
FN:216,(anonymous_17)
FN:217,(anonymous_18)
FN:218,(anonymous_19)
FN:225,(anonymous_20)
FN:227,(anonymous_21)
FN:228,(anonymous_22)
FN:229,(anonymous_23)
FN:243,(anonymous_24)
FN:245,(anonymous_25)
FN:250,(anonymous_26)
FN:253,(anonymous_27)
FN:258,(anonymous_28)
FN:268,(anonymous_29)
FN:270,(anonymous_30)
FN:272,(anonymous_31)
FN:273,(anonymous_32)
FN:274,(anonymous_33)
FN:281,(anonymous_34)
FN:283,(anonymous_35)
FN:284,(anonymous_36)
FN:285,(anonymous_37)
FN:292,(anonymous_38)
FN:294,(anonymous_39)
FN:295,(anonymous_40)
FN:296,(anonymous_41)
FN:303,(anonymous_42)
FN:305,(anonymous_43)
FN:306,(anonymous_44)
FN:307,(anonymous_45)
FN:318,(anonymous_46)
FNF:47
FNH:0
FNDA:0,render
FNDA:0,(anonymous_1)
FNDA:0,(anonymous_2)
FNDA:0,(anonymous_3)
FNDA:0,(anonymous_4)
FNDA:0,(anonymous_5)
FNDA:0,(anonymous_6)
FNDA:0,(anonymous_7)
FNDA:0,(anonymous_8)
FNDA:0,(anonymous_9)
FNDA:0,(anonymous_10)
FNDA:0,(anonymous_11)
FNDA:0,(anonymous_12)
FNDA:0,(anonymous_13)
FNDA:0,(anonymous_14)
FNDA:0,(anonymous_15)
FNDA:0,(anonymous_16)
FNDA:0,(anonymous_17)
FNDA:0,(anonymous_18)
FNDA:0,(anonymous_19)
FNDA:0,(anonymous_20)
FNDA:0,(anonymous_21)
FNDA:0,(anonymous_22)
FNDA:0,(anonymous_23)
FNDA:0,(anonymous_24)
FNDA:0,(anonymous_25)
FNDA:0,(anonymous_26)
FNDA:0,(anonymous_27)
FNDA:0,(anonymous_28)
FNDA:0,(anonymous_29)
FNDA:0,(anonymous_30)
FNDA:0,(anonymous_31)
FNDA:0,(anonymous_32)
FNDA:0,(anonymous_33)
FNDA:0,(anonymous_34)
FNDA:0,(anonymous_35)
FNDA:0,(anonymous_36)
FNDA:0,(anonymous_37)
FNDA:0,(anonymous_38)
FNDA:0,(anonymous_39)
FNDA:0,(anonymous_40)
FNDA:0,(anonymous_41)
FNDA:0,(anonymous_42)
FNDA:0,(anonymous_43)
FNDA:0,(anonymous_44)
FNDA:0,(anonymous_45)
FNDA:0,(anonymous_46)
DA:4,1
DA:5,1
DA:8,1
DA:104,1
DA:106,1
DA:109,1
DA:110,1
DA:111,1
DA:114,1
DA:117,1
DA:118,1
DA:119,1
DA:122,1
DA:125,1
DA:128,1
DA:132,0
DA:133,0
DA:134,0
DA:135,0
DA:136,0
DA:137,0
DA:138,0
DA:139,0
DA:140,0
DA:141,0
DA:142,0
DA:143,0
DA:144,0
DA:145,0
DA:146,0
DA:147,0
DA:148,0
DA:149,0
DA:161,0
DA:165,0
DA:167,0
DA:172,0
DA:175,0
DA:180,0
DA:190,0
DA:192,0
DA:194,0
DA:195,0
DA:196,0
DA:203,0
DA:205,0
DA:206,0
DA:207,0
DA:214,0
DA:216,0
DA:217,0
DA:218,0
DA:225,0
DA:227,0
DA:228,0
DA:229,0
DA:243,0
DA:245,0
DA:250,0
DA:253,0
DA:258,0
DA:268,0
DA:270,0
DA:272,0
DA:273,0
DA:274,0
DA:281,0
DA:283,0
DA:284,0
DA:285,0
DA:292,0
DA:294,0
DA:295,0
DA:296,0
DA:303,0
DA:305,0
DA:306,0
DA:307,0
DA:318,0
DA:324,1
LF:80
LH:16
BRDA:161,0,0,0
BRDA:161,0,1,0
BRDA:167,1,0,0
BRDA:167,1,1,0
BRDA:192,2,0,0
BRDA:192,2,1,0
BRDA:203,3,0,0
BRDA:203,3,1,0
BRDA:214,4,0,0
BRDA:214,4,1,0
BRDA:225,5,0,0
BRDA:225,5,1,0
BRDA:245,6,0,0
BRDA:245,6,1,0
BRDA:270,7,0,0
BRDA:270,7,1,0
BRDA:281,8,0,0
BRDA:281,8,1,0
BRDA:292,9,0,0
BRDA:292,9,1,0
BRDA:303,10,0,0
BRDA:303,10,1,0
BRDA:318,11,0,0
BRDA:318,11,1,0
BRDA:318,12,0,0
BRDA:318,12,1,0
BRDA:318,13,0,0
BRDA:318,13,1,0
BRDA:318,14,0,0
BRDA:318,14,1,0
BRF:30
BRH:0
end_of_record
TN:
SF:src/components/pc/PCLoginView.vue
FN:146,render
FN:157,(anonymous_1)
FN:160,(anonymous_2)
FN:162,(anonymous_3)
FN:170,(anonymous_4)
FN:173,(anonymous_5)
FN:179,(anonymous_6)
FN:182,(anonymous_7)
FN:188,(anonymous_8)
FNF:9
FNH:7
FNDA:1,render
FNDA:1,(anonymous_1)
FNDA:2,(anonymous_2)
FNDA:0,(anonymous_3)
FNDA:2,(anonymous_4)
FNDA:0,(anonymous_5)
FNDA:1,(anonymous_6)
FNDA:2,(anonymous_7)
FNDA:2,(anonymous_8)
DA:4,1
DA:5,1
DA:8,1
DA:9,1
DA:120,1
DA:122,1
DA:125,1
DA:126,1
DA:127,1
DA:130,1
DA:140,1
DA:143,1
DA:147,1
DA:148,1
DA:149,1
DA:150,1
DA:151,1
DA:152,1
DA:157,1
DA:160,2
DA:162,0
DA:170,2
DA:173,0
DA:179,1
DA:182,2
DA:188,2
DA:199,1
LF:27
LH:25
BRDA:162,0,0,2
BRDA:162,0,1,1
BRDA:173,1,0,2
BRDA:173,1,1,1
BRF:4
BRH:4
end_of_record
TN:
SF:src/components/pc/PCMapHomepage.vue
FN:468,render
FN:488,(anonymous_1)
FN:490,(anonymous_2)
FN:494,(anonymous_3)
FN:498,(anonymous_4)
FN:505,(anonymous_5)
FN:505,(anonymous_6)
FN:510,(anonymous_7)
FN:529,(anonymous_8)
FN:533,(anonymous_9)
FN:534,(anonymous_10)
FN:538,(anonymous_11)
FNF:12
FNH:0
FNDA:0,render
FNDA:0,(anonymous_1)
FNDA:0,(anonymous_2)
FNDA:0,(anonymous_3)
FNDA:0,(anonymous_4)
FNDA:0,(anonymous_5)
FNDA:0,(anonymous_6)
FNDA:0,(anonymous_7)
FNDA:0,(anonymous_8)
FNDA:0,(anonymous_9)
FNDA:0,(anonymous_10)
FNDA:0,(anonymous_11)
DA:4,1
DA:5,1
DA:8,1
DA:9,1
DA:445,1
DA:447,1
DA:450,1
DA:451,1
DA:452,1
DA:458,1
DA:461,1
DA:469,0
DA:470,0
DA:471,0
DA:472,0
DA:473,0
DA:474,0
DA:475,0
DA:476,0
DA:488,0
DA:490,0
DA:494,0
DA:498,0
DA:505,0
DA:506,0
DA:510,0
DA:529,0
DA:533,0
DA:534,0
DA:538,0
DA:541,1
LF:31
LH:12
BRDA:488,0,0,0
BRDA:488,0,1,0
BRDA:490,1,0,0
BRDA:490,1,1,0
BRDA:494,2,0,0
BRDA:494,2,1,0
BRDA:498,3,0,0
BRDA:498,3,1,0
BRDA:529,4,0,0
BRDA:529,4,1,0
BRDA:533,5,0,0
BRDA:533,5,1,0
BRDA:534,6,0,0
BRDA:534,6,1,0
BRDA:538,7,0,0
BRDA:538,7,1,0
BRF:16
BRH:0
end_of_record
TN:
SF:src/components/pc/PCPageHeader.vue
FN:205,render
FN:216,(anonymous_1)
FN:217,(anonymous_2)
FN:220,(anonymous_3)
FN:223,(anonymous_4)
FN:226,(anonymous_5)
FN:229,(anonymous_6)
FN:232,(anonymous_7)
FN:236,(anonymous_8)
FN:239,(anonymous_9)
FN:242,(anonymous_10)
FN:245,(anonymous_11)
FN:249,(anonymous_12)
FN:252,(anonymous_13)
FN:258,(anonymous_14)
FN:261,(anonymous_15)
FN:262,(anonymous_16)
FN:264,(anonymous_17)
FNF:18
FNH:0
FNDA:0,render
FNDA:0,(anonymous_1)
FNDA:0,(anonymous_2)
FNDA:0,(anonymous_3)
FNDA:0,(anonymous_4)
FNDA:0,(anonymous_5)
FNDA:0,(anonymous_6)
FNDA:0,(anonymous_7)
FNDA:0,(anonymous_8)
FNDA:0,(anonymous_9)
FNDA:0,(anonymous_10)
FNDA:0,(anonymous_11)
FNDA:0,(anonymous_12)
FNDA:0,(anonymous_13)
FNDA:0,(anonymous_14)
FNDA:0,(anonymous_15)
FNDA:0,(anonymous_16)
FNDA:0,(anonymous_17)
DA:4,1
DA:5,1
DA:8,1
DA:9,1
DA:187,1
DA:189,1
DA:192,1
DA:193,1
DA:194,1
DA:197,1
DA:201,1
DA:204,1
DA:206,0
DA:207,0
DA:208,0
DA:209,0
DA:210,0
DA:216,0
DA:217,0
DA:220,0
DA:223,0
DA:226,0
DA:229,0
DA:232,0
DA:236,0
DA:239,0
DA:242,0
DA:245,0
DA:249,0
DA:252,0
DA:258,0
DA:261,0
DA:262,0
DA:264,0
DA:276,1
LF:35
LH:13
BRDA:217,0,0,0
BRDA:217,0,1,0
BRDA:223,1,0,0
BRDA:223,1,1,0
BRDA:229,2,0,0
BRDA:229,2,1,0
BRDA:234,3,0,0
BRDA:234,3,1,0
BRDA:236,4,0,0
BRDA:236,4,1,0
BRDA:241,5,0,0
BRDA:241,5,1,0
BRDA:242,6,0,0
BRDA:242,6,1,0
BRDA:249,7,0,0
BRDA:249,7,1,0
BRDA:262,8,0,0
BRDA:262,8,1,0
BRF:18
BRH:0
end_of_record
TN:
SF:src/components/pc/PCPostPage.vue
FN:438,render
FN:449,(anonymous_1)
FN:450,(anonymous_2)
FN:462,(anonymous_3)
FN:466,(anonymous_4)
FN:472,(anonymous_5)
FN:477,(anonymous_6)
FN:482,(anonymous_7)
FN:484,(anonymous_8)
FN:485,(anonymous_9)
FN:487,(anonymous_10)
FN:493,(anonymous_11)
FN:505,(anonymous_12)
FN:509,(anonymous_13)
FN:511,(anonymous_14)
FN:516,(anonymous_15)
FN:519,(anonymous_16)
FN:521,(anonymous_17)
FN:527,(anonymous_18)
FN:529,(anonymous_19)
FN:537,(anonymous_20)
FN:539,(anonymous_21)
FN:545,(anonymous_22)
FN:549,(anonymous_23)
FN:555,(anonymous_24)
FN:557,(anonymous_25)
FN:561,(anonymous_26)
FN:563,(anonymous_27)
FN:565,(anonymous_28)
FN:572,(anonymous_29)
FN:574,(anonymous_30)
FN:579,(anonymous_31)
FN:583,(anonymous_32)
FN:583,(anonymous_33)
FN:589,(anonymous_34)
FN:591,(anonymous_35)
FN:595,(anonymous_36)
FN:597,(anonymous_37)
FN:601,(anonymous_38)
FN:602,(anonymous_39)
FN:604,(anonymous_40)
FN:609,(anonymous_41)
FN:611,(anonymous_42)
FN:613,(anonymous_43)
FNF:44
FNH:0
FNDA:0,render
FNDA:0,(anonymous_1)
FNDA:0,(anonymous_2)
FNDA:0,(anonymous_3)
FNDA:0,(anonymous_4)
FNDA:0,(anonymous_5)
FNDA:0,(anonymous_6)
FNDA:0,(anonymous_7)
FNDA:0,(anonymous_8)
FNDA:0,(anonymous_9)
FNDA:0,(anonymous_10)
FNDA:0,(anonymous_11)
FNDA:0,(anonymous_12)
FNDA:0,(anonymous_13)
FNDA:0,(anonymous_14)
FNDA:0,(anonymous_15)
FNDA:0,(anonymous_16)
FNDA:0,(anonymous_17)
FNDA:0,(anonymous_18)
FNDA:0,(anonymous_19)
FNDA:0,(anonymous_20)
FNDA:0,(anonymous_21)
FNDA:0,(anonymous_22)
FNDA:0,(anonymous_23)
FNDA:0,(anonymous_24)
FNDA:0,(anonymous_25)
FNDA:0,(anonymous_26)
FNDA:0,(anonymous_27)
FNDA:0,(anonymous_28)
FNDA:0,(anonymous_29)
FNDA:0,(anonymous_30)
FNDA:0,(anonymous_31)
FNDA:0,(anonymous_32)
FNDA:0,(anonymous_33)
FNDA:0,(anonymous_34)
FNDA:0,(anonymous_35)
FNDA:0,(anonymous_36)
FNDA:0,(anonymous_37)
FNDA:0,(anonymous_38)
FNDA:0,(anonymous_39)
FNDA:0,(anonymous_40)
FNDA:0,(anonymous_41)
FNDA:0,(anonymous_42)
FNDA:0,(anonymous_43)
DA:4,1
DA:5,1
DA:8,1
DA:9,1
DA:366,1
DA:368,1
DA:371,1
DA:372,1
DA:373,1
DA:376,1
DA:379,1
DA:382,1
DA:385,1
DA:388,1
DA:391,1
DA:394,1
DA:397,1
DA:400,1
DA:403,1
DA:406,1
DA:407,1
DA:410,1
DA:413,1
DA:416,1
DA:419,1
DA:422,1
DA:425,1
DA:428,1
DA:431,1
DA:434,1
DA:439,0
DA:440,0
DA:441,0
DA:442,0
DA:443,0
DA:444,0
DA:445,0
DA:446,0
DA:447,0
DA:448,0
DA:449,0
DA:450,0
DA:462,0
DA:466,0
DA:472,0
DA:477,0
DA:482,0
DA:484,0
DA:485,0
DA:487,0
DA:493,0
DA:505,0
DA:509,0
DA:511,0
DA:516,0
DA:519,0
DA:521,0
DA:527,0
DA:529,0
DA:537,0
DA:539,0
DA:545,0
DA:550,0
DA:555,0
DA:557,0
DA:561,0
DA:563,0
DA:566,0
DA:572,0
DA:574,0
DA:579,0
DA:583,0
DA:584,0
DA:589,0
DA:591,0
DA:595,0
DA:597,0
DA:601,0
DA:602,0
DA:604,0
DA:609,0
DA:611,0
DA:613,0
DA:630,1
LF:84
LH:31
BRDA:482,0,0,0
BRDA:482,0,1,0
BRDA:485,1,0,0
BRDA:485,1,1,0
BRDA:509,2,0,0
BRDA:509,2,1,0
BRDA:521,3,0,0
BRDA:521,3,1,0
BRDA:529,4,0,0
BRDA:529,4,1,0
BRDA:537,5,0,0
BRDA:537,5,1,0
BRDA:561,6,0,0
BRDA:561,6,1,0
BRDA:565,7,0,0
BRDA:565,7,1,0
BRDA:595,8,0,0
BRDA:595,8,1,0
BRF:18
BRH:0
end_of_record
TN:
SF:src/components/pc/PCRegisterView.vue
FN:274,render
FN:289,(anonymous_1)
FN:293,(anonymous_2)
FN:295,(anonymous_3)
FN:304,(anonymous_4)
FN:306,(anonymous_5)
FN:319,(anonymous_6)
FN:321,(anonymous_7)
FN:332,(anonymous_8)
FN:341,(anonymous_9)
FN:350,(anonymous_10)
FN:353,(anonymous_11)
FN:362,(anonymous_12)
FN:365,(anonymous_13)
FN:374,(anonymous_14)
FN:376,(anonymous_15)
FN:380,(anonymous_16)
FN:397,(anonymous_17)
FN:399,(anonymous_18)
FN:403,(anonymous_19)
FN:417,(anonymous_20)
FN:419,(anonymous_21)
FN:422,(anonymous_22)
FN:426,(anonymous_23)
FN:429,(anonymous_24)
FN:434,(anonymous_25)
FN:437,(anonymous_26)
FN:441,(anonymous_27)
FN:447,(anonymous_28)
FNF:29
FNH:20
FNDA:3,render
FNDA:3,(anonymous_1)
FNDA:4,(anonymous_2)
FNDA:0,(anonymous_3)
FNDA:6,(anonymous_4)
FNDA:0,(anonymous_5)
FNDA:4,(anonymous_6)
FNDA:0,(anonymous_7)
FNDA:3,(anonymous_8)
FNDA:6,(anonymous_9)
FNDA:4,(anonymous_10)
FNDA:0,(anonymous_11)
FNDA:4,(anonymous_12)
FNDA:0,(anonymous_13)
FNDA:4,(anonymous_14)
FNDA:0,(anonymous_15)
FNDA:2,(anonymous_16)
FNDA:4,(anonymous_17)
FNDA:0,(anonymous_18)
FNDA:2,(anonymous_19)
FNDA:3,(anonymous_20)
FNDA:0,(anonymous_21)
FNDA:2,(anonymous_22)
FNDA:0,(anonymous_23)
FNDA:2,(anonymous_24)
FNDA:2,(anonymous_25)
FNDA:2,(anonymous_26)
FNDA:4,(anonymous_27)
FNDA:4,(anonymous_28)
DA:4,3
DA:5,3
DA:8,3
DA:9,3
DA:245,3
DA:247,3
DA:250,3
DA:251,3
DA:252,3
DA:255,3
DA:265,3
DA:268,3
DA:275,3
DA:276,3
DA:277,3
DA:278,3
DA:279,3
DA:280,3
DA:281,3
DA:282,3
DA:283,3
DA:284,3
DA:289,3
DA:293,4
DA:295,0
DA:304,6
DA:306,0
DA:319,4
DA:321,0
DA:332,3
DA:341,6
DA:350,4
DA:353,0
DA:362,4
DA:365,0
DA:374,4
DA:376,0
DA:380,2
DA:397,4
DA:399,0
DA:403,2
DA:417,3
DA:419,0
DA:422,2
DA:426,0
DA:429,2
DA:434,2
DA:437,2
DA:441,4
DA:447,4
DA:461,3
LF:51
LH:42
BRDA:295,0,0,4
BRDA:295,0,1,2
BRDA:306,1,0,6
BRDA:306,1,1,2
BRDA:321,2,0,4
BRDA:321,2,1,2
BRDA:341,3,0,2
BRDA:341,3,1,4
BRDA:353,4,0,4
BRDA:353,4,1,2
BRDA:365,5,0,4
BRDA:365,5,1,2
BRDA:376,6,0,4
BRDA:376,6,1,2
BRDA:399,7,0,4
BRDA:399,7,1,2
BRDA:419,8,0,3
BRDA:419,8,1,2
BRDA:426,9,0,3
BRDA:426,9,1,2
BRF:20
BRH:20
end_of_record
TN:
SF:src/components/pc/sub_components/infopage_sub_components/MyComment.vue
FN:12,(anonymous_0)
FN:69,(anonymous_1)
FN:78,(anonymous_2)
FN:90,(anonymous_3)
FN:99,(anonymous_4)
FN:111,(anonymous_5)
FN:117,(anonymous_6)
FN:130,(anonymous_7)
FN:136,(anonymous_8)
FN:149,(anonymous_9)
FN:155,(anonymous_10)
FN:162,(anonymous_11)
FN:278,render
FN:284,(anonymous_13)
FN:301,(anonymous_14)
FN:303,(anonymous_15)
FN:307,(anonymous_16)
FN:312,(anonymous_17)
FN:313,(anonymous_18)
FN:315,(anonymous_19)
FN:319,(anonymous_20)
FN:321,(anonymous_21)
FN:324,(anonymous_22)
FN:333,(anonymous_23)
FN:337,(anonymous_24)
FN:354,(anonymous_25)
FN:356,(anonymous_26)
FN:360,(anonymous_27)
FN:365,(anonymous_28)
FN:366,(anonymous_29)
FN:368,(anonymous_30)
FN:372,(anonymous_31)
FN:374,(anonymous_32)
FN:377,(anonymous_33)
FN:386,(anonymous_34)
FNF:35
FNH:0
FNDA:0,(anonymous_0)
FNDA:0,(anonymous_1)
FNDA:0,(anonymous_2)
FNDA:0,(anonymous_3)
FNDA:0,(anonymous_4)
FNDA:0,(anonymous_5)
FNDA:0,(anonymous_6)
FNDA:0,(anonymous_7)
FNDA:0,(anonymous_8)
FNDA:0,(anonymous_9)
FNDA:0,(anonymous_10)
FNDA:0,(anonymous_11)
FNDA:0,render
FNDA:0,(anonymous_13)
FNDA:0,(anonymous_14)
FNDA:0,(anonymous_15)
FNDA:0,(anonymous_16)
FNDA:0,(anonymous_17)
FNDA:0,(anonymous_18)
FNDA:0,(anonymous_19)
FNDA:0,(anonymous_20)
FNDA:0,(anonymous_21)
FNDA:0,(anonymous_22)
FNDA:0,(anonymous_23)
FNDA:0,(anonymous_24)
FNDA:0,(anonymous_25)
FNDA:0,(anonymous_26)
FNDA:0,(anonymous_27)
FNDA:0,(anonymous_28)
FNDA:0,(anonymous_29)
FNDA:0,(anonymous_30)
FNDA:0,(anonymous_31)
FNDA:0,(anonymous_32)
FNDA:0,(anonymous_33)
FNDA:0,(anonymous_34)
DA:4,1
DA:7,1
DA:8,1
DA:9,1
DA:13,0
DA:70,0
DA:71,0
DA:72,0
DA:80,0
DA:81,0
DA:83,0
DA:91,0
DA:92,0
DA:93,0
DA:101,0
DA:102,0
DA:104,0
DA:112,0
DA:113,0
DA:119,0
DA:120,0
DA:121,0
DA:123,0
DA:131,0
DA:132,0
DA:138,0
DA:139,0
DA:140,0
DA:142,0
DA:151,0
DA:157,0
DA:163,0
DA:164,0
DA:169,1
DA:171,1
DA:174,1
DA:175,1
DA:176,1
DA:184,1
DA:192,1
DA:198,1
DA:205,1
DA:208,1
DA:213,1
DA:216,1
DA:217,1
DA:225,1
DA:231,1
DA:239,1
DA:245,1
DA:252,1
DA:255,1
DA:260,1
DA:263,1
DA:264,1
DA:272,1
DA:279,0
DA:280,0
DA:281,0
DA:282,0
DA:285,0
DA:301,0
DA:303,0
DA:307,0
DA:312,0
DA:313,0
DA:315,0
DA:319,0
DA:321,0
DA:324,0
DA:333,0
DA:338,0
DA:354,0
DA:356,0
DA:360,0
DA:365,0
DA:366,0
DA:368,0
DA:372,0
DA:374,0
DA:377,0
DA:386,0
DA:389,1
LF:83
LH:28
BRDA:80,0,0,0
BRDA:80,0,1,0
BRDA:101,1,0,0
BRDA:101,1,1,0
BRDA:119,2,0,0
BRDA:119,2,1,0
BRDA:138,3,0,0
BRDA:138,3,1,0
BRDA:282,4,0,0
BRDA:282,4,1,0
BRDA:335,5,0,0
BRDA:335,5,1,0
BRF:12
BRH:0
end_of_record
TN:
SF:src/components/pc/sub_components/infopage_sub_components/MyInfo.vue
FN:463,render
FN:490,(anonymous_1)
FN:493,(anonymous_2)
FN:499,(anonymous_3)
FN:506,(anonymous_4)
FN:517,(anonymous_5)
FN:519,(anonymous_6)
FN:524,(anonymous_7)
FN:525,(anonymous_8)
FN:526,(anonymous_9)
FN:527,(anonymous_10)
FN:528,(anonymous_11)
FN:530,(anonymous_12)
FN:536,(anonymous_13)
FN:537,(anonymous_14)
FN:539,(anonymous_15)
FN:545,(anonymous_16)
FN:546,(anonymous_17)
FN:548,(anonymous_18)
FN:558,(anonymous_19)
FN:566,(anonymous_20)
FN:569,(anonymous_21)
FN:572,(anonymous_22)
FN:575,(anonymous_23)
FN:578,(anonymous_24)
FN:584,(anonymous_25)
FN:590,(anonymous_26)
FN:601,(anonymous_27)
FN:607,(anonymous_28)
FN:617,(anonymous_29)
FN:621,(anonymous_30)
FN:624,(anonymous_31)
FN:630,(anonymous_32)
FN:633,(anonymous_33)
FN:637,(anonymous_34)
FN:640,(anonymous_35)
FN:642,(anonymous_36)
FN:648,(anonymous_37)
FN:650,(anonymous_38)
FN:654,(anonymous_39)
FN:667,(anonymous_40)
FN:669,(anonymous_41)
FN:673,(anonymous_42)
FN:689,(anonymous_43)
FN:691,(anonymous_44)
FN:697,(anonymous_45)
FN:699,(anonymous_46)
FN:701,(anonymous_47)
FN:704,(anonymous_48)
FN:709,(anonymous_49)
FN:723,(anonymous_50)
FN:727,(anonymous_51)
FN:730,(anonymous_52)
FN:736,(anonymous_53)
FN:739,(anonymous_54)
FN:743,(anonymous_55)
FN:746,(anonymous_56)
FN:748,(anonymous_57)
FN:754,(anonymous_58)
FN:756,(anonymous_59)
FN:762,(anonymous_60)
FN:764,(anonymous_61)
FN:774,(anonymous_62)
FN:778,(anonymous_63)
FN:781,(anonymous_64)
FN:787,(anonymous_65)
FN:790,(anonymous_66)
FN:792,(anonymous_67)
FNF:68
FNH:0
FNDA:0,render
FNDA:0,(anonymous_1)
FNDA:0,(anonymous_2)
FNDA:0,(anonymous_3)
FNDA:0,(anonymous_4)
FNDA:0,(anonymous_5)
FNDA:0,(anonymous_6)
FNDA:0,(anonymous_7)
FNDA:0,(anonymous_8)
FNDA:0,(anonymous_9)
FNDA:0,(anonymous_10)
FNDA:0,(anonymous_11)
FNDA:0,(anonymous_12)
FNDA:0,(anonymous_13)
FNDA:0,(anonymous_14)
FNDA:0,(anonymous_15)
FNDA:0,(anonymous_16)
FNDA:0,(anonymous_17)
FNDA:0,(anonymous_18)
FNDA:0,(anonymous_19)
FNDA:0,(anonymous_20)
FNDA:0,(anonymous_21)
FNDA:0,(anonymous_22)
FNDA:0,(anonymous_23)
FNDA:0,(anonymous_24)
FNDA:0,(anonymous_25)
FNDA:0,(anonymous_26)
FNDA:0,(anonymous_27)
FNDA:0,(anonymous_28)
FNDA:0,(anonymous_29)
FNDA:0,(anonymous_30)
FNDA:0,(anonymous_31)
FNDA:0,(anonymous_32)
FNDA:0,(anonymous_33)
FNDA:0,(anonymous_34)
FNDA:0,(anonymous_35)
FNDA:0,(anonymous_36)
FNDA:0,(anonymous_37)
FNDA:0,(anonymous_38)
FNDA:0,(anonymous_39)
FNDA:0,(anonymous_40)
FNDA:0,(anonymous_41)
FNDA:0,(anonymous_42)
FNDA:0,(anonymous_43)
FNDA:0,(anonymous_44)
FNDA:0,(anonymous_45)
FNDA:0,(anonymous_46)
FNDA:0,(anonymous_47)
FNDA:0,(anonymous_48)
FNDA:0,(anonymous_49)
FNDA:0,(anonymous_50)
FNDA:0,(anonymous_51)
FNDA:0,(anonymous_52)
FNDA:0,(anonymous_53)
FNDA:0,(anonymous_54)
FNDA:0,(anonymous_55)
FNDA:0,(anonymous_56)
FNDA:0,(anonymous_57)
FNDA:0,(anonymous_58)
FNDA:0,(anonymous_59)
FNDA:0,(anonymous_60)
FNDA:0,(anonymous_61)
FNDA:0,(anonymous_62)
FNDA:0,(anonymous_63)
FNDA:0,(anonymous_64)
FNDA:0,(anonymous_65)
FNDA:0,(anonymous_66)
FNDA:0,(anonymous_67)
DA:4,1
DA:5,1
DA:8,1
DA:9,1
DA:376,1
DA:378,1
DA:381,1
DA:382,1
DA:383,1
DA:386,1
DA:389,1
DA:392,1
DA:395,1
DA:396,1
DA:402,1
DA:405,1
DA:410,1
DA:416,1
DA:419,1
DA:426,1
DA:431,1
DA:436,1
DA:442,1
DA:448,1
DA:453,1
DA:454,1
DA:457,1
DA:460,1
DA:464,0
DA:465,0
DA:466,0
DA:467,0
DA:468,0
DA:469,0
DA:470,0
DA:471,0
DA:472,0
DA:473,0
DA:474,0
DA:475,0
DA:476,0
DA:477,0
DA:478,0
DA:479,0
DA:480,0
DA:481,0
DA:482,0
DA:483,0
DA:484,0
DA:485,0
DA:486,0
DA:487,0
DA:490,0
DA:493,0
DA:499,0
DA:506,0
DA:517,0
DA:519,0
DA:524,0
DA:525,0
DA:526,0
DA:527,0
DA:528,0
DA:530,0
DA:536,0
DA:537,0
DA:539,0
DA:545,0
DA:546,0
DA:548,0
DA:558,0
DA:566,0
DA:569,0
DA:572,0
DA:575,0
DA:578,0
DA:584,0
DA:590,0
DA:601,0
DA:607,0
DA:617,0
DA:621,0
DA:624,0
DA:630,0
DA:633,0
DA:637,0
DA:640,0
DA:642,0
DA:648,0
DA:650,0
DA:654,0
DA:667,0
DA:669,0
DA:673,0
DA:689,0
DA:691,0
DA:697,0
DA:699,0
DA:701,0
DA:704,0
DA:709,0
DA:723,0
DA:727,0
DA:730,0
DA:736,0
DA:739,0
DA:743,0
DA:746,0
DA:748,0
DA:754,0
DA:756,0
DA:762,0
DA:764,0
DA:774,0
DA:778,0
DA:781,0
DA:787,0
DA:790,0
DA:792,0
DA:802,1
LF:120
LH:29
BRDA:493,0,0,0
BRDA:493,0,1,0
BRDA:517,1,0,0
BRDA:517,1,1,0
BRDA:528,2,0,0
BRDA:528,2,1,0
BRDA:537,3,0,0
BRDA:537,3,1,0
BRDA:546,4,0,0
BRDA:546,4,1,0
BRDA:578,5,0,0
BRDA:578,5,1,0
BRDA:584,6,0,0
BRDA:584,6,1,0
BRDA:584,7,0,0
BRDA:584,7,1,0
BRDA:590,8,0,0
BRDA:590,8,1,0
BRDA:590,9,0,0
BRDA:590,9,1,0
BRDA:617,10,0,0
BRDA:617,10,1,0
BRDA:642,11,0,0
BRDA:642,11,1,0
BRDA:650,12,0,0
BRDA:650,12,1,0
BRDA:669,13,0,0
BRDA:669,13,1,0
BRDA:691,14,0,0
BRDA:691,14,1,0
BRDA:699,15,0,0
BRDA:699,15,1,0
BRDA:723,16,0,0
BRDA:723,16,1,0
BRDA:748,17,0,0
BRDA:748,17,1,0
BRDA:756,18,0,0
BRDA:756,18,1,0
BRDA:764,19,0,0
BRDA:764,19,1,0
BRDA:774,20,0,0
BRDA:774,20,1,0
BRDA:792,21,0,0
BRDA:792,21,1,0
BRF:44
BRH:0
end_of_record
TN:
SF:src/components/pc/sub_components/infopage_sub_components/MyMessage.vue
FN:306,render
FN:314,(anonymous_1)
FN:325,(anonymous_2)
FN:335,(anonymous_3)
FN:338,(anonymous_4)
FN:343,(anonymous_5)
FN:344,(anonymous_6)
FN:346,(anonymous_7)
FN:349,(anonymous_8)
FN:355,(anonymous_9)
FN:366,(anonymous_10)
FN:376,(anonymous_11)
FN:379,(anonymous_12)
FN:384,(anonymous_13)
FN:385,(anonymous_14)
FN:387,(anonymous_15)
FN:390,(anonymous_16)
FNF:17
FNH:0
FNDA:0,render
FNDA:0,(anonymous_1)
FNDA:0,(anonymous_2)
FNDA:0,(anonymous_3)
FNDA:0,(anonymous_4)
FNDA:0,(anonymous_5)
FNDA:0,(anonymous_6)
FNDA:0,(anonymous_7)
FNDA:0,(anonymous_8)
FNDA:0,(anonymous_9)
FNDA:0,(anonymous_10)
FNDA:0,(anonymous_11)
FNDA:0,(anonymous_12)
FNDA:0,(anonymous_13)
FNDA:0,(anonymous_14)
FNDA:0,(anonymous_15)
FNDA:0,(anonymous_16)
DA:4,1
DA:7,1
DA:8,1
DA:195,1
DA:197,1
DA:200,1
DA:201,1
DA:202,1
DA:210,1
DA:218,1
DA:223,1
DA:230,1
DA:233,1
DA:240,1
DA:241,1
DA:250,1
DA:255,1
DA:258,1
DA:266,1
DA:271,1
DA:278,1
DA:281,1
DA:288,1
DA:289,1
DA:298,1
DA:303,1
DA:307,0
DA:308,0
DA:309,0
DA:310,0
DA:311,0
DA:312,0
DA:315,0
DA:325,0
DA:335,0
DA:338,0
DA:343,0
DA:344,0
DA:346,0
DA:349,0
DA:356,0
DA:366,0
DA:376,0
DA:379,0
DA:384,0
DA:385,0
DA:387,0
DA:390,0
DA:395,1
LF:49
LH:27
BRDA:312,0,0,0
BRDA:312,0,1,0
BRDA:324,1,0,0
BRDA:324,1,1,0
BRDA:353,2,0,0
BRDA:353,2,1,0
BRDA:365,3,0,0
BRDA:365,3,1,0
BRF:8
BRH:0
end_of_record
TN:
SF:src/components/pc/sub_components/infopage_sub_components/MyPin.vue
FN:113,render
FN:119,(anonymous_1)
FN:126,(anonymous_2)
FN:127,(anonymous_3)
FN:130,(anonymous_4)
FN:134,(anonymous_5)
FN:135,(anonymous_6)
FN:138,(anonymous_7)
FNF:8
FNH:0
FNDA:0,render
FNDA:0,(anonymous_1)
FNDA:0,(anonymous_2)
FNDA:0,(anonymous_3)
FNDA:0,(anonymous_4)
FNDA:0,(anonymous_5)
FNDA:0,(anonymous_6)
FNDA:0,(anonymous_7)
DA:4,1
DA:7,1
DA:91,1
DA:93,1
DA:96,1
DA:97,1
DA:98,1
DA:104,1
DA:107,1
DA:114,0
DA:115,0
DA:116,0
DA:117,0
DA:118,0
DA:119,0
DA:120,0
DA:126,0
DA:127,0
DA:130,0
DA:134,0
DA:135,0
DA:138,0
DA:150,1
LF:23
LH:10
BRF:0
BRH:0
end_of_record
TN:
SF:src/components/pc/sub_components/infopage_sub_components/MyPost.vue
FN:280,render
FN:294,(anonymous_1)
FN:296,(anonymous_2)
FN:298,(anonymous_3)
FN:302,(anonymous_4)
FN:304,(anonymous_5)
FN:311,(anonymous_6)
FN:328,(anonymous_7)
FN:330,(anonymous_8)
FN:334,(anonymous_9)
FN:339,(anonymous_10)
FN:340,(anonymous_11)
FN:342,(anonymous_12)
FN:346,(anonymous_13)
FN:348,(anonymous_14)
FN:351,(anonymous_15)
FN:360,(anonymous_16)
FN:362,(anonymous_17)
FN:367,(anonymous_18)
FN:384,(anonymous_19)
FN:386,(anonymous_20)
FN:395,(anonymous_21)
FN:397,(anonymous_22)
FN:401,(anonymous_23)
FN:406,(anonymous_24)
FN:407,(anonymous_25)
FN:409,(anonymous_26)
FN:413,(anonymous_27)
FN:415,(anonymous_28)
FN:418,(anonymous_29)
FN:420,(anonymous_30)
FN:425,(anonymous_31)
FN:432,(anonymous_32)
FN:437,(anonymous_33)
FN:438,(anonymous_34)
FN:440,(anonymous_35)
FN:444,(anonymous_36)
FN:446,(anonymous_37)
FN:449,(anonymous_38)
FN:452,(anonymous_39)
FN:455,(anonymous_40)
FN:459,(anonymous_41)
FN:464,(anonymous_42)
FN:465,(anonymous_43)
FN:467,(anonymous_44)
FN:470,(anonymous_45)
FNF:46
FNH:0
FNDA:0,render
FNDA:0,(anonymous_1)
FNDA:0,(anonymous_2)
FNDA:0,(anonymous_3)
FNDA:0,(anonymous_4)
FNDA:0,(anonymous_5)
FNDA:0,(anonymous_6)
FNDA:0,(anonymous_7)
FNDA:0,(anonymous_8)
FNDA:0,(anonymous_9)
FNDA:0,(anonymous_10)
FNDA:0,(anonymous_11)
FNDA:0,(anonymous_12)
FNDA:0,(anonymous_13)
FNDA:0,(anonymous_14)
FNDA:0,(anonymous_15)
FNDA:0,(anonymous_16)
FNDA:0,(anonymous_17)
FNDA:0,(anonymous_18)
FNDA:0,(anonymous_19)
FNDA:0,(anonymous_20)
FNDA:0,(anonymous_21)
FNDA:0,(anonymous_22)
FNDA:0,(anonymous_23)
FNDA:0,(anonymous_24)
FNDA:0,(anonymous_25)
FNDA:0,(anonymous_26)
FNDA:0,(anonymous_27)
FNDA:0,(anonymous_28)
FNDA:0,(anonymous_29)
FNDA:0,(anonymous_30)
FNDA:0,(anonymous_31)
FNDA:0,(anonymous_32)
FNDA:0,(anonymous_33)
FNDA:0,(anonymous_34)
FNDA:0,(anonymous_35)
FNDA:0,(anonymous_36)
FNDA:0,(anonymous_37)
FNDA:0,(anonymous_38)
FNDA:0,(anonymous_39)
FNDA:0,(anonymous_40)
FNDA:0,(anonymous_41)
FNDA:0,(anonymous_42)
FNDA:0,(anonymous_43)
FNDA:0,(anonymous_44)
FNDA:0,(anonymous_45)
DA:4,1
DA:7,1
DA:8,1
DA:167,1
DA:169,1
DA:172,1
DA:173,1
DA:174,1
DA:182,1
DA:188,1
DA:191,1
DA:194,1
DA:200,1
DA:203,1
DA:208,1
DA:211,1
DA:212,1
DA:219,1
DA:224,1
DA:227,1
DA:233,1
DA:236,1
DA:241,1
DA:244,1
DA:249,1
DA:252,1
DA:260,1
DA:267,1
DA:272,1
DA:277,1
DA:281,0
DA:282,0
DA:283,0
DA:284,0
DA:285,0
DA:286,0
DA:287,0
DA:288,0
DA:289,0
DA:294,0
DA:296,0
DA:298,0
DA:302,0
DA:304,0
DA:312,0
DA:328,0
DA:330,0
DA:334,0
DA:339,0
DA:340,0
DA:342,0
DA:346,0
DA:348,0
DA:351,0
DA:360,0
DA:362,0
DA:368,0
DA:384,0
DA:386,0
DA:395,0
DA:397,0
DA:401,0
DA:406,0
DA:407,0
DA:409,0
DA:413,0
DA:415,0
DA:418,0
DA:420,0
DA:425,0
DA:432,0
DA:437,0
DA:438,0
DA:440,0
DA:444,0
DA:446,0
DA:449,0
DA:452,0
DA:455,0
DA:459,0
DA:464,0
DA:465,0
DA:467,0
DA:470,0
DA:475,1
LF:85
LH:31
BRDA:296,0,0,0
BRDA:296,0,1,0
BRDA:302,1,0,0
BRDA:302,1,1,0
BRDA:309,2,0,0
BRDA:309,2,1,0
BRDA:309,3,0,0
BRDA:309,3,1,0
BRDA:365,4,0,0
BRDA:365,4,1,0
BRDA:365,5,0,0
BRDA:365,5,1,0
BRF:12
BRH:0
end_of_record
TN:
SF:src/components/sub_components/ManVerify.vue
FN:40,render
FNF:1
FNH:1
FNDA:3,render
DA:4,3
DA:5,3
DA:8,3
DA:33,3
DA:35,3
DA:38,3
DA:39,3
DA:41,3
DA:42,3
DA:47,3
LF:10
LH:10
BRF:0
BRH:0
end_of_record
TN:
SF:src/components/sub_components/MapPinInfo.vue
FN:499,render
FN:520,(anonymous_1)
FN:525,(anonymous_2)
FN:534,(anonymous_3)
FN:544,(anonymous_4)
FN:560,(anonymous_5)
FN:565,(anonymous_6)
FN:571,(anonymous_7)
FN:572,(anonymous_8)
FN:575,(anonymous_9)
FN:579,(anonymous_10)
FN:586,(anonymous_11)
FN:591,(anonymous_12)
FN:599,(anonymous_13)
FN:601,(anonymous_14)
FN:607,(anonymous_15)
FN:614,(anonymous_16)
FN:616,(anonymous_17)
FN:620,(anonymous_18)
FN:623,(anonymous_19)
FN:625,(anonymous_20)
FN:632,(anonymous_21)
FN:634,(anonymous_22)
FN:643,(anonymous_23)
FN:645,(anonymous_24)
FN:647,(anonymous_25)
FN:650,(anonymous_26)
FN:655,(anonymous_27)
FN:660,(anonymous_28)
FN:665,(anonymous_29)
FN:670,(anonymous_30)
FN:675,(anonymous_31)
FN:680,(anonymous_32)
FN:690,(anonymous_33)
FN:692,(anonymous_34)
FN:701,(anonymous_35)
FN:703,(anonymous_36)
FN:712,(anonymous_37)
FN:714,(anonymous_38)
FN:721,(anonymous_39)
FN:723,(anonymous_40)
FN:729,(anonymous_41)
FN:738,(anonymous_42)
FN:743,(anonymous_43)
FN:752,(anonymous_44)
FN:756,(anonymous_45)
FN:756,(anonymous_46)
FN:760,(anonymous_47)
FN:763,(anonymous_48)
FN:778,(anonymous_49)
FN:783,(anonymous_50)
FN:795,(anonymous_51)
FN:796,(anonymous_52)
FN:796,(anonymous_53)
FN:801,(anonymous_54)
FN:806,(anonymous_55)
FNF:56
FNH:0
FNDA:0,render
FNDA:0,(anonymous_1)
FNDA:0,(anonymous_2)
FNDA:0,(anonymous_3)
FNDA:0,(anonymous_4)
FNDA:0,(anonymous_5)
FNDA:0,(anonymous_6)
FNDA:0,(anonymous_7)
FNDA:0,(anonymous_8)
FNDA:0,(anonymous_9)
FNDA:0,(anonymous_10)
FNDA:0,(anonymous_11)
FNDA:0,(anonymous_12)
FNDA:0,(anonymous_13)
FNDA:0,(anonymous_14)
FNDA:0,(anonymous_15)
FNDA:0,(anonymous_16)
FNDA:0,(anonymous_17)
FNDA:0,(anonymous_18)
FNDA:0,(anonymous_19)
FNDA:0,(anonymous_20)
FNDA:0,(anonymous_21)
FNDA:0,(anonymous_22)
FNDA:0,(anonymous_23)
FNDA:0,(anonymous_24)
FNDA:0,(anonymous_25)
FNDA:0,(anonymous_26)
FNDA:0,(anonymous_27)
FNDA:0,(anonymous_28)
FNDA:0,(anonymous_29)
FNDA:0,(anonymous_30)
FNDA:0,(anonymous_31)
FNDA:0,(anonymous_32)
FNDA:0,(anonymous_33)
FNDA:0,(anonymous_34)
FNDA:0,(anonymous_35)
FNDA:0,(anonymous_36)
FNDA:0,(anonymous_37)
FNDA:0,(anonymous_38)
FNDA:0,(anonymous_39)
FNDA:0,(anonymous_40)
FNDA:0,(anonymous_41)
FNDA:0,(anonymous_42)
FNDA:0,(anonymous_43)
FNDA:0,(anonymous_44)
FNDA:0,(anonymous_45)
FNDA:0,(anonymous_46)
FNDA:0,(anonymous_47)
FNDA:0,(anonymous_48)
FNDA:0,(anonymous_49)
FNDA:0,(anonymous_50)
FNDA:0,(anonymous_51)
FNDA:0,(anonymous_52)
FNDA:0,(anonymous_53)
FNDA:0,(anonymous_54)
FNDA:0,(anonymous_55)
DA:4,1
DA:5,1
DA:8,1
DA:9,1
DA:418,1
DA:420,1
DA:423,1
DA:424,1
DA:425,1
DA:428,1
DA:434,1
DA:441,1
DA:448,1
DA:451,1
DA:459,1
DA:464,1
DA:467,1
DA:470,1
DA:473,1
DA:476,1
DA:479,1
DA:482,1
DA:483,1
DA:484,1
DA:488,1
DA:489,1
DA:492,1
DA:495,1
DA:498,1
DA:500,0
DA:501,0
DA:502,0
DA:503,0
DA:504,0
DA:505,0
DA:506,0
DA:507,0
DA:508,0
DA:509,0
DA:510,0
DA:511,0
DA:512,0
DA:513,0
DA:514,0
DA:515,0
DA:516,0
DA:517,0
DA:520,0
DA:525,0
DA:534,0
DA:545,0
DA:546,0
DA:552,0
DA:554,0
DA:555,0
DA:556,0
DA:560,0
DA:565,0
DA:571,0
DA:572,0
DA:575,0
DA:579,0
DA:586,0
DA:591,0
DA:599,0
DA:601,0
DA:607,0
DA:614,0
DA:616,0
DA:620,0
DA:623,0
DA:625,0
DA:632,0
DA:634,0
DA:643,0
DA:645,0
DA:647,0
DA:650,0
DA:655,0
DA:660,0
DA:665,0
DA:670,0
DA:675,0
DA:680,0
DA:690,0
DA:692,0
DA:701,0
DA:703,0
DA:712,0
DA:714,0
DA:721,0
DA:723,0
DA:729,0
DA:738,0
DA:743,0
DA:752,0
DA:756,0
DA:757,0
DA:760,0
DA:763,0
DA:778,0
DA:783,0
DA:795,0
DA:796,0
DA:797,0
DA:801,0
DA:806,0
DA:824,1
LF:108
LH:30
BRDA:520,0,0,0
BRDA:520,0,1,0
BRDA:525,1,0,0
BRDA:525,1,1,0
BRDA:525,2,0,0
BRDA:525,2,1,0
BRDA:537,3,0,0
BRDA:537,3,1,0
BRDA:537,4,0,0
BRDA:537,4,1,0
BRDA:544,5,0,0
BRDA:544,5,1,0
BRDA:545,6,0,0
BRDA:545,6,1,0
BRDA:565,7,0,0
BRDA:565,7,1,0
BRDA:579,8,0,0
BRDA:579,8,1,0
BRDA:591,9,0,0
BRDA:591,9,1,0
BRDA:599,10,0,0
BRDA:599,10,1,0
BRDA:614,11,0,0
BRDA:614,11,1,0
BRDA:625,12,0,0
BRDA:625,12,1,0
BRDA:634,13,0,0
BRDA:634,13,1,0
BRDA:645,14,0,0
BRDA:645,14,1,0
BRDA:692,15,0,0
BRDA:692,15,1,0
BRDA:703,16,0,0
BRDA:703,16,1,0
BRDA:714,17,0,0
BRDA:714,17,1,0
BRDA:721,18,0,0
BRDA:721,18,1,0
BRDA:738,19,0,0
BRDA:738,19,1,0
BRDA:738,20,0,0
BRDA:738,20,1,0
BRDA:738,20,2,0
BRDA:738,20,3,0
BRDA:745,21,0,0
BRDA:745,21,1,0
BRDA:745,22,0,0
BRDA:745,22,1,0
BRDA:745,23,0,0
BRDA:745,23,1,0
BRDA:745,24,0,0
BRDA:745,24,1,0
BRDA:745,25,0,0
BRDA:745,25,1,0
BRDA:770,26,0,0
BRDA:770,26,1,0
BRDA:770,27,0,0
BRDA:770,27,1,0
BRDA:770,27,2,0
BRDA:770,27,3,0
BRDA:790,28,0,0
BRDA:790,28,1,0
BRDA:790,29,0,0
BRDA:790,29,1,0
BRF:64
BRH:0
end_of_record
TN:
SF:src/components/sub_components/NewPost.vue
FN:82,render
FN:95,(anonymous_1)
FN:97,(anonymous_2)
FN:101,(anonymous_3)
FN:104,(anonymous_4)
FN:106,(anonymous_5)
FN:113,(anonymous_6)
FN:115,(anonymous_7)
FN:124,(anonymous_8)
FN:126,(anonymous_9)
FN:128,(anonymous_10)
FN:131,(anonymous_11)
FN:136,(anonymous_12)
FN:141,(anonymous_13)
FN:146,(anonymous_14)
FN:151,(anonymous_15)
FN:156,(anonymous_16)
FN:161,(anonymous_17)
FN:171,(anonymous_18)
FN:173,(anonymous_19)
FN:179,(anonymous_20)
FNF:21
FNH:0
FNDA:0,render
FNDA:0,(anonymous_1)
FNDA:0,(anonymous_2)
FNDA:0,(anonymous_3)
FNDA:0,(anonymous_4)
FNDA:0,(anonymous_5)
FNDA:0,(anonymous_6)
FNDA:0,(anonymous_7)
FNDA:0,(anonymous_8)
FNDA:0,(anonymous_9)
FNDA:0,(anonymous_10)
FNDA:0,(anonymous_11)
FNDA:0,(anonymous_12)
FNDA:0,(anonymous_13)
FNDA:0,(anonymous_14)
FNDA:0,(anonymous_15)
FNDA:0,(anonymous_16)
FNDA:0,(anonymous_17)
FNDA:0,(anonymous_18)
FNDA:0,(anonymous_19)
FNDA:0,(anonymous_20)
DA:4,1
DA:7,1
DA:72,1
DA:74,1
DA:77,1
DA:78,1
DA:79,1
DA:83,0
DA:84,0
DA:85,0
DA:86,0
DA:87,0
DA:88,0
DA:89,0
DA:90,0
DA:91,0
DA:92,0
DA:95,0
DA:97,0
DA:101,0
DA:104,0
DA:106,0
DA:113,0
DA:115,0
DA:124,0
DA:126,0
DA:128,0
DA:131,0
DA:136,0
DA:141,0
DA:146,0
DA:151,0
DA:156,0
DA:161,0
DA:171,0
DA:173,0
DA:179,0
DA:184,1
LF:38
LH:8
BRDA:95,0,0,0
BRDA:95,0,1,0
BRDA:106,1,0,0
BRDA:106,1,1,0
BRDA:115,2,0,0
BRDA:115,2,1,0
BRDA:126,3,0,0
BRDA:126,3,1,0
BRDA:171,4,0,0
BRDA:171,4,1,0
BRF:10
BRH:0
end_of_record
TN:
SF:src/components/sub_components/mappage_sub_components/MapPinAdd.vue
FN:115,render
FN:128,(anonymous_1)
FN:130,(anonymous_2)
FN:134,(anonymous_3)
FN:137,(anonymous_4)
FN:139,(anonymous_5)
FN:146,(anonymous_6)
FN:148,(anonymous_7)
FN:157,(anonymous_8)
FN:159,(anonymous_9)
FN:161,(anonymous_10)
FN:164,(anonymous_11)
FN:169,(anonymous_12)
FN:174,(anonymous_13)
FN:179,(anonymous_14)
FN:184,(anonymous_15)
FN:189,(anonymous_16)
FN:194,(anonymous_17)
FN:204,(anonymous_18)
FN:206,(anonymous_19)
FN:215,(anonymous_20)
FN:217,(anonymous_21)
FN:226,(anonymous_22)
FN:228,(anonymous_23)
FN:235,(anonymous_24)
FN:237,(anonymous_25)
FN:243,(anonymous_26)
FNF:27
FNH:0
FNDA:0,render
FNDA:0,(anonymous_1)
FNDA:0,(anonymous_2)
FNDA:0,(anonymous_3)
FNDA:0,(anonymous_4)
FNDA:0,(anonymous_5)
FNDA:0,(anonymous_6)
FNDA:0,(anonymous_7)
FNDA:0,(anonymous_8)
FNDA:0,(anonymous_9)
FNDA:0,(anonymous_10)
FNDA:0,(anonymous_11)
FNDA:0,(anonymous_12)
FNDA:0,(anonymous_13)
FNDA:0,(anonymous_14)
FNDA:0,(anonymous_15)
FNDA:0,(anonymous_16)
FNDA:0,(anonymous_17)
FNDA:0,(anonymous_18)
FNDA:0,(anonymous_19)
FNDA:0,(anonymous_20)
FNDA:0,(anonymous_21)
FNDA:0,(anonymous_22)
FNDA:0,(anonymous_23)
FNDA:0,(anonymous_24)
FNDA:0,(anonymous_25)
FNDA:0,(anonymous_26)
DA:4,1
DA:7,1
DA:105,1
DA:107,1
DA:110,1
DA:111,1
DA:112,1
DA:116,0
DA:117,0
DA:118,0
DA:119,0
DA:120,0
DA:121,0
DA:122,0
DA:123,0
DA:124,0
DA:125,0
DA:128,0
DA:130,0
DA:134,0
DA:137,0
DA:139,0
DA:146,0
DA:148,0
DA:157,0
DA:159,0
DA:161,0
DA:164,0
DA:169,0
DA:174,0
DA:179,0
DA:184,0
DA:189,0
DA:194,0
DA:204,0
DA:206,0
DA:215,0
DA:217,0
DA:226,0
DA:228,0
DA:235,0
DA:237,0
DA:243,0
DA:248,1
LF:44
LH:8
BRDA:128,0,0,0
BRDA:128,0,1,0
BRDA:139,1,0,0
BRDA:139,1,1,0
BRDA:148,2,0,0
BRDA:148,2,1,0
BRDA:159,3,0,0
BRDA:159,3,1,0
BRDA:206,4,0,0
BRDA:206,4,1,0
BRDA:217,5,0,0
BRDA:217,5,1,0
BRDA:228,6,0,0
BRDA:228,6,1,0
BRDA:235,7,0,0
BRDA:235,7,1,0
BRF:16
BRH:0
end_of_record
TN:
SF:src/components/sub_components/mappage_sub_components/PlaceSearch.vue
FN:230,render
FN:241,(anonymous_1)
FN:244,(anonymous_2)
FN:246,(anonymous_3)
FN:249,(anonymous_4)
FN:250,(anonymous_5)
FN:251,(anonymous_6)
FN:253,(anonymous_7)
FN:259,(anonymous_8)
FN:276,(anonymous_9)
FN:276,(anonymous_10)
FN:285,(anonymous_11)
FN:286,(anonymous_12)
FN:287,(anonymous_13)
FN:292,(anonymous_14)
FN:301,(anonymous_15)
FN:302,(anonymous_16)
FN:303,(anonymous_17)
FN:306,(anonymous_18)
FN:312,(anonymous_19)
FNF:20
FNH:0
FNDA:0,render
FNDA:0,(anonymous_1)
FNDA:0,(anonymous_2)
FNDA:0,(anonymous_3)
FNDA:0,(anonymous_4)
FNDA:0,(anonymous_5)
FNDA:0,(anonymous_6)
FNDA:0,(anonymous_7)
FNDA:0,(anonymous_8)
FNDA:0,(anonymous_9)
FNDA:0,(anonymous_10)
FNDA:0,(anonymous_11)
FNDA:0,(anonymous_12)
FNDA:0,(anonymous_13)
FNDA:0,(anonymous_14)
FNDA:0,(anonymous_15)
FNDA:0,(anonymous_16)
FNDA:0,(anonymous_17)
FNDA:0,(anonymous_18)
FNDA:0,(anonymous_19)
DA:4,1
DA:5,1
DA:8,1
DA:130,1
DA:132,1
DA:135,1
DA:136,1
DA:137,1
DA:141,1
DA:142,1
DA:150,1
DA:157,1
DA:163,1
DA:168,1
DA:173,1
DA:178,1
DA:182,1
DA:183,1
DA:191,1
DA:198,1
DA:204,1
DA:209,1
DA:214,1
DA:219,1
DA:223,1
DA:224,1
DA:231,0
DA:232,0
DA:233,0
DA:234,0
DA:235,0
DA:236,0
DA:241,0
DA:244,0
DA:246,0
DA:249,0
DA:250,0
DA:251,0
DA:253,0
DA:259,0
DA:276,0
DA:277,0
DA:285,0
DA:286,0
DA:287,0
DA:293,0
DA:301,0
DA:302,0
DA:303,0
DA:306,0
DA:312,0
DA:318,1
LF:52
LH:27
BRDA:246,0,0,0
BRDA:246,0,1,0
BRDA:249,1,0,0
BRDA:249,1,1,0
BRDA:250,2,0,0
BRDA:250,2,1,0
BRDA:251,3,0,0
BRDA:251,3,1,0
BRDA:259,4,0,0
BRDA:259,4,1,0
BRDA:269,5,0,0
BRDA:269,5,1,0
BRDA:271,6,0,0
BRDA:271,6,1,0
BRDA:271,7,0,0
BRDA:271,7,1,0
BRDA:286,8,0,0
BRDA:286,8,1,0
BRDA:292,9,0,0
BRDA:292,9,1,0
BRDA:292,10,0,0
BRDA:292,10,1,0
BRDA:292,10,2,0
BRDA:302,11,0,0
BRDA:302,11,1,0
BRDA:305,12,0,0
BRDA:305,12,1,0
BRF:27
BRH:0
end_of_record
TN:
SF:src/components/sub_components/mappage_sub_components/SwitchPos.vue
FN:176,render
FN:187,(anonymous_1)
FN:190,(anonymous_2)
FN:191,(anonymous_3)
FN:198,(anonymous_4)
FN:200,(anonymous_5)
FN:211,(anonymous_6)
FN:218,(anonymous_7)
FN:219,(anonymous_8)
FN:221,(anonymous_9)
FN:227,(anonymous_10)
FNF:11
FNH:0
FNDA:0,render
FNDA:0,(anonymous_1)
FNDA:0,(anonymous_2)
FNDA:0,(anonymous_3)
FNDA:0,(anonymous_4)
FNDA:0,(anonymous_5)
FNDA:0,(anonymous_6)
FNDA:0,(anonymous_7)
FNDA:0,(anonymous_8)
FNDA:0,(anonymous_9)
FNDA:0,(anonymous_10)
DA:4,1
DA:5,1
DA:8,1
DA:9,1
DA:169,1
DA:171,1
DA:174,1
DA:175,1
DA:177,0
DA:178,0
DA:179,0
DA:180,0
DA:181,0
DA:182,0
DA:183,0
DA:184,0
DA:187,0
DA:190,0
DA:191,0
DA:198,0
DA:200,0
DA:211,0
DA:218,0
DA:219,0
DA:221,0
DA:227,0
DA:238,1
LF:27
LH:9
BRDA:187,0,0,0
BRDA:187,0,1,0
BRDA:200,1,0,0
BRDA:200,1,1,0
BRDA:219,2,0,0
BRDA:219,2,1,0
BRF:6
BRH:0
end_of_record
TN:
SF:src/router/index.js
FN:10,(anonymous_0)
FNF:1
FNH:1
FNDA:1,(anonymous_0)
DA:5,1
DA:10,1
DA:15,1
DA:16,1
DA:17,1
DA:18,0
DA:20,1
LF:7
LH:6
BRDA:17,0,0,0
BRDA:17,0,1,1
BRDA:17,1,0,1
BRDA:17,1,1,1
BRF:4
BRH:3
end_of_record
TN:
SF:src/router/routes.js
FNF:0
FNH:0
DA:9,1
LF:1
LH:1
BRF:0
BRH:0
end_of_record
