TN:
SF:src/global.js
FN:39,get_pin_type
FN:44,get_pin_color
FN:49,get_pin_state
FN:54,get_public_pin_state
FN:59,get_pin_state_color
FNF:5
FNH:0
FNDA:0,get_pin_type
FNDA:0,get_pin_color
FNDA:0,get_pin_state
FNDA:0,get_public_pin_state
FNDA:0,get_pin_state_color
DA:1,2
DA:11,2
DA:21,2
DA:27,2
DA:33,2
DA:41,0
DA:46,0
DA:51,0
DA:56,0
DA:61,0
DA:64,2
LF:11
LH:6
BRF:0
BRH:0
end_of_record
TN:
SF:src/axios/axios.js
FN:5,(anonymous_0)
FN:13,(anonymous_1)
FNF:2
FNH:1
FNDA:1,(anonymous_0)
FNDA:0,(anonymous_1)
DA:3,2
DA:4,2
DA:5,2
DA:9,1
DA:12,1
DA:14,0
LF:6
LH:5
BRF:0
BRH:0
end_of_record
TN:
SF:src/components/AdministratorPage.vue
FN:724,render
FN:759,(anonymous_1)
FN:760,(anonymous_2)
FN:767,(anonymous_3)
FN:772,(anonymous_4)
FN:779,(anonymous_5)
FN:781,(anonymous_6)
FN:786,(anonymous_7)
FN:788,(anonymous_8)
FN:789,(anonymous_9)
FN:796,(anonymous_10)
FN:798,(anonymous_11)
FN:800,(anonymous_12)
FN:801,(anonymous_13)
FN:809,(anonymous_14)
FN:810,(anonymous_15)
FN:814,(anonymous_16)
FN:815,(anonymous_17)
FN:817,(anonymous_18)
FN:819,(anonymous_19)
FN:824,(anonymous_20)
FN:826,(anonymous_21)
FN:846,(anonymous_22)
FN:848,(anonymous_23)
FN:852,(anonymous_24)
FN:856,(anonymous_25)
FN:859,(anonymous_26)
FN:861,(anonymous_27)
FN:863,(anonymous_28)
FN:866,(anonymous_29)
FN:871,(anonymous_30)
FN:881,(anonymous_31)
FN:883,(anonymous_32)
FN:889,(anonymous_33)
FN:893,(anonymous_34)
FN:896,(anonymous_35)
FN:898,(anonymous_36)
FN:910,(anonymous_37)
FN:914,(anonymous_38)
FN:918,(anonymous_39)
FN:921,(anonymous_40)
FN:923,(anonymous_41)
FN:927,(anonymous_42)
FN:927,(anonymous_43)
FN:934,(anonymous_44)
FN:949,(anonymous_45)
FN:951,(anonymous_46)
FN:957,(anonymous_47)
FN:961,(anonymous_48)
FN:964,(anonymous_49)
FN:968,(anonymous_50)
FN:980,(anonymous_51)
FN:990,(anonymous_52)
FN:998,(anonymous_53)
FN:1001,(anonymous_54)
FN:1006,(anonymous_55)
FN:1017,(anonymous_56)
FN:1020,(anonymous_57)
FN:1025,(anonymous_58)
FN:1037,(anonymous_59)
FN:1040,(anonymous_60)
FN:1043,(anonymous_61)
FN:1052,(anonymous_62)
FN:1055,(anonymous_63)
FN:1070,(anonymous_64)
FN:1073,(anonymous_65)
FN:1078,(anonymous_66)
FN:1090,(anonymous_67)
FN:1093,(anonymous_68)
FN:1096,(anonymous_69)
FN:1105,(anonymous_70)
FN:1108,(anonymous_71)
FN:1123,(anonymous_72)
FN:1126,(anonymous_73)
FN:1129,(anonymous_74)
FN:1134,(anonymous_75)
FN:1146,(anonymous_76)
FN:1150,(anonymous_77)
FN:1154,(anonymous_78)
FN:1157,(anonymous_79)
FN:1159,(anonymous_80)
FN:1161,(anonymous_81)
FN:1164,(anonymous_82)
FN:1169,(anonymous_83)
FN:1174,(anonymous_84)
FN:1185,(anonymous_85)
FN:1187,(anonymous_86)
FN:1193,(anonymous_87)
FN:1197,(anonymous_88)
FN:1200,(anonymous_89)
FN:1202,(anonymous_90)
FN:1214,(anonymous_91)
FN:1224,(anonymous_92)
FN:1232,(anonymous_93)
FN:1234,(anonymous_94)
FN:1239,(anonymous_95)
FN:1239,(anonymous_96)
FN:1249,(anonymous_97)
FN:1256,(anonymous_98)
FN:1260,(anonymous_99)
FN:1264,(anonymous_100)
FN:1267,(anonymous_101)
FN:1269,(anonymous_102)
FN:1271,(anonymous_103)
FN:1274,(anonymous_104)
FN:1279,(anonymous_105)
FN:1284,(anonymous_106)
FN:1295,(anonymous_107)
FN:1297,(anonymous_108)
FN:1303,(anonymous_109)
FN:1307,(anonymous_110)
FN:1310,(anonymous_111)
FN:1312,(anonymous_112)
FN:1324,(anonymous_113)
FN:1334,(anonymous_114)
FN:1342,(anonymous_115)
FN:1344,(anonymous_116)
FN:1349,(anonymous_117)
FN:1349,(anonymous_118)
FN:1359,(anonymous_119)
FN:1366,(anonymous_120)
FN:1370,(anonymous_121)
FN:1374,(anonymous_122)
FN:1377,(anonymous_123)
FN:1379,(anonymous_124)
FN:1381,(anonymous_125)
FN:1384,(anonymous_126)
FN:1389,(anonymous_127)
FN:1400,(anonymous_128)
FN:1402,(anonymous_129)
FN:1408,(anonymous_130)
FN:1412,(anonymous_131)
FN:1415,(anonymous_132)
FN:1417,(anonymous_133)
FN:1438,(anonymous_134)
FNF:135
FNH:0
FNDA:0,render
FNDA:0,(anonymous_1)
FNDA:0,(anonymous_2)
FNDA:0,(anonymous_3)
FNDA:0,(anonymous_4)
FNDA:0,(anonymous_5)
FNDA:0,(anonymous_6)
FNDA:0,(anonymous_7)
FNDA:0,(anonymous_8)
FNDA:0,(anonymous_9)
FNDA:0,(anonymous_10)
FNDA:0,(anonymous_11)
FNDA:0,(anonymous_12)
FNDA:0,(anonymous_13)
FNDA:0,(anonymous_14)
FNDA:0,(anonymous_15)
FNDA:0,(anonymous_16)
FNDA:0,(anonymous_17)
FNDA:0,(anonymous_18)
FNDA:0,(anonymous_19)
FNDA:0,(anonymous_20)
FNDA:0,(anonymous_21)
FNDA:0,(anonymous_22)
FNDA:0,(anonymous_23)
FNDA:0,(anonymous_24)
FNDA:0,(anonymous_25)
FNDA:0,(anonymous_26)
FNDA:0,(anonymous_27)
FNDA:0,(anonymous_28)
FNDA:0,(anonymous_29)
FNDA:0,(anonymous_30)
FNDA:0,(anonymous_31)
FNDA:0,(anonymous_32)
FNDA:0,(anonymous_33)
FNDA:0,(anonymous_34)
FNDA:0,(anonymous_35)
FNDA:0,(anonymous_36)
FNDA:0,(anonymous_37)
FNDA:0,(anonymous_38)
FNDA:0,(anonymous_39)
FNDA:0,(anonymous_40)
FNDA:0,(anonymous_41)
FNDA:0,(anonymous_42)
FNDA:0,(anonymous_43)
FNDA:0,(anonymous_44)
FNDA:0,(anonymous_45)
FNDA:0,(anonymous_46)
FNDA:0,(anonymous_47)
FNDA:0,(anonymous_48)
FNDA:0,(anonymous_49)
FNDA:0,(anonymous_50)
FNDA:0,(anonymous_51)
FNDA:0,(anonymous_52)
FNDA:0,(anonymous_53)
FNDA:0,(anonymous_54)
FNDA:0,(anonymous_55)
FNDA:0,(anonymous_56)
FNDA:0,(anonymous_57)
FNDA:0,(anonymous_58)
FNDA:0,(anonymous_59)
FNDA:0,(anonymous_60)
FNDA:0,(anonymous_61)
FNDA:0,(anonymous_62)
FNDA:0,(anonymous_63)
FNDA:0,(anonymous_64)
FNDA:0,(anonymous_65)
FNDA:0,(anonymous_66)
FNDA:0,(anonymous_67)
FNDA:0,(anonymous_68)
FNDA:0,(anonymous_69)
FNDA:0,(anonymous_70)
FNDA:0,(anonymous_71)
FNDA:0,(anonymous_72)
FNDA:0,(anonymous_73)
FNDA:0,(anonymous_74)
FNDA:0,(anonymous_75)
FNDA:0,(anonymous_76)
FNDA:0,(anonymous_77)
FNDA:0,(anonymous_78)
FNDA:0,(anonymous_79)
FNDA:0,(anonymous_80)
FNDA:0,(anonymous_81)
FNDA:0,(anonymous_82)
FNDA:0,(anonymous_83)
FNDA:0,(anonymous_84)
FNDA:0,(anonymous_85)
FNDA:0,(anonymous_86)
FNDA:0,(anonymous_87)
FNDA:0,(anonymous_88)
FNDA:0,(anonymous_89)
FNDA:0,(anonymous_90)
FNDA:0,(anonymous_91)
FNDA:0,(anonymous_92)
FNDA:0,(anonymous_93)
FNDA:0,(anonymous_94)
FNDA:0,(anonymous_95)
FNDA:0,(anonymous_96)
FNDA:0,(anonymous_97)
FNDA:0,(anonymous_98)
FNDA:0,(anonymous_99)
FNDA:0,(anonymous_100)
FNDA:0,(anonymous_101)
FNDA:0,(anonymous_102)
FNDA:0,(anonymous_103)
FNDA:0,(anonymous_104)
FNDA:0,(anonymous_105)
FNDA:0,(anonymous_106)
FNDA:0,(anonymous_107)
FNDA:0,(anonymous_108)
FNDA:0,(anonymous_109)
FNDA:0,(anonymous_110)
FNDA:0,(anonymous_111)
FNDA:0,(anonymous_112)
FNDA:0,(anonymous_113)
FNDA:0,(anonymous_114)
FNDA:0,(anonymous_115)
FNDA:0,(anonymous_116)
FNDA:0,(anonymous_117)
FNDA:0,(anonymous_118)
FNDA:0,(anonymous_119)
FNDA:0,(anonymous_120)
FNDA:0,(anonymous_121)
FNDA:0,(anonymous_122)
FNDA:0,(anonymous_123)
FNDA:0,(anonymous_124)
FNDA:0,(anonymous_125)
FNDA:0,(anonymous_126)
FNDA:0,(anonymous_127)
FNDA:0,(anonymous_128)
FNDA:0,(anonymous_129)
FNDA:0,(anonymous_130)
FNDA:0,(anonymous_131)
FNDA:0,(anonymous_132)
FNDA:0,(anonymous_133)
FNDA:0,(anonymous_134)
DA:4,2
DA:5,2
DA:8,2
DA:9,2
DA:567,2
DA:569,2
DA:572,2
DA:573,2
DA:574,2
DA:579,2
DA:585,2
DA:592,2
DA:595,2
DA:598,2
DA:599,2
DA:604,2
DA:609,2
DA:614,2
DA:619,2
DA:624,2
DA:629,2
DA:634,2
DA:637,2
DA:640,2
DA:641,2
DA:650,2
DA:657,2
DA:665,2
DA:672,2
DA:677,2
DA:680,2
DA:683,2
DA:684,2
DA:694,2
DA:701,2
DA:709,2
DA:716,2
DA:721,2
DA:725,0
DA:726,0
DA:727,0
DA:728,0
DA:729,0
DA:730,0
DA:731,0
DA:732,0
DA:733,0
DA:734,0
DA:735,0
DA:736,0
DA:737,0
DA:738,0
DA:739,0
DA:740,0
DA:741,0
DA:742,0
DA:743,0
DA:744,0
DA:745,0
DA:746,0
DA:747,0
DA:748,0
DA:749,0
DA:750,0
DA:751,0
DA:752,0
DA:753,0
DA:754,0
DA:759,0
DA:760,0
DA:767,0
DA:772,0
DA:779,0
DA:782,0
DA:783,0
DA:786,0
DA:788,0
DA:789,0
DA:796,0
DA:798,0
DA:800,0
DA:801,0
DA:809,0
DA:810,0
DA:814,0
DA:815,0
DA:817,0
DA:819,0
DA:824,0
DA:826,0
DA:846,0
DA:848,0
DA:852,0
DA:856,0
DA:859,0
DA:861,0
DA:863,0
DA:866,0
DA:871,0
DA:881,0
DA:883,0
DA:889,0
DA:893,0
DA:896,0
DA:898,0
DA:910,0
DA:914,0
DA:918,0
DA:921,0
DA:923,0
DA:927,0
DA:928,0
DA:934,0
DA:949,0
DA:951,0
DA:957,0
DA:961,0
DA:965,0
DA:968,0
DA:981,0
DA:990,0
DA:998,0
DA:1001,0
DA:1006,0
DA:1017,0
DA:1020,0
DA:1025,0
DA:1037,0
DA:1040,0
DA:1043,0
DA:1052,0
DA:1055,0
DA:1070,0
DA:1073,0
DA:1078,0
DA:1090,0
DA:1093,0
DA:1096,0
DA:1105,0
DA:1108,0
DA:1123,0
DA:1126,0
DA:1129,0
DA:1134,0
DA:1146,0
DA:1150,0
DA:1154,0
DA:1157,0
DA:1159,0
DA:1161,0
DA:1164,0
DA:1169,0
DA:1174,0
DA:1185,0
DA:1187,0
DA:1193,0
DA:1197,0
DA:1200,0
DA:1202,0
DA:1215,0
DA:1224,0
DA:1232,0
DA:1234,0
DA:1239,0
DA:1240,0
DA:1249,0
DA:1256,0
DA:1260,0
DA:1264,0
DA:1267,0
DA:1269,0
DA:1271,0
DA:1274,0
DA:1279,0
DA:1284,0
DA:1295,0
DA:1297,0
DA:1303,0
DA:1307,0
DA:1310,0
DA:1312,0
DA:1325,0
DA:1334,0
DA:1342,0
DA:1344,0
DA:1349,0
DA:1350,0
DA:1359,0
DA:1366,0
DA:1370,0
DA:1374,0
DA:1377,0
DA:1379,0
DA:1381,0
DA:1384,0
DA:1389,0
DA:1400,0
DA:1402,0
DA:1408,0
DA:1412,0
DA:1415,0
DA:1417,0
DA:1438,0
DA:1440,2
LF:204
LH:39
BRDA:781,0,0,0
BRDA:781,0,1,0
BRDA:796,1,0,0
BRDA:796,1,1,0
BRDA:817,2,0,0
BRDA:817,2,1,0
BRDA:824,3,0,0
BRDA:824,3,1,0
BRDA:846,4,0,0
BRDA:846,4,1,0
BRDA:848,5,0,0
BRDA:848,5,1,0
BRDA:861,6,0,0
BRDA:861,6,1,0
BRDA:883,7,0,0
BRDA:883,7,1,0
BRDA:896,8,0,0
BRDA:896,8,1,0
BRDA:910,9,0,0
BRDA:910,9,1,0
BRDA:923,10,0,0
BRDA:923,10,1,0
BRDA:951,11,0,0
BRDA:951,11,1,0
BRDA:964,12,0,0
BRDA:964,12,1,0
BRDA:978,13,0,0
BRDA:978,13,1,0
BRDA:978,14,0,0
BRDA:978,14,1,0
BRDA:1146,15,0,0
BRDA:1146,15,1,0
BRDA:1159,16,0,0
BRDA:1159,16,1,0
BRDA:1181,17,0,0
BRDA:1181,17,1,0
BRDA:1181,18,0,0
BRDA:1181,18,1,0
BRDA:1187,19,0,0
BRDA:1187,19,1,0
BRDA:1200,20,0,0
BRDA:1200,20,1,0
BRDA:1212,21,0,0
BRDA:1212,21,1,0
BRDA:1212,22,0,0
BRDA:1212,22,1,0
BRDA:1256,23,0,0
BRDA:1256,23,1,0
BRDA:1269,24,0,0
BRDA:1269,24,1,0
BRDA:1291,25,0,0
BRDA:1291,25,1,0
BRDA:1291,26,0,0
BRDA:1291,26,1,0
BRDA:1297,27,0,0
BRDA:1297,27,1,0
BRDA:1310,28,0,0
BRDA:1310,28,1,0
BRDA:1322,29,0,0
BRDA:1322,29,1,0
BRDA:1322,30,0,0
BRDA:1322,30,1,0
BRDA:1344,31,0,0
BRDA:1344,31,1,0
BRDA:1366,32,0,0
BRDA:1366,32,1,0
BRDA:1379,33,0,0
BRDA:1379,33,1,0
BRDA:1396,34,0,0
BRDA:1396,34,1,0
BRDA:1402,35,0,0
BRDA:1402,35,1,0
BRDA:1415,36,0,0
BRDA:1415,36,1,0
BRDA:1438,37,0,0
BRDA:1438,37,1,0
BRF:76
BRH:0
end_of_record
TN:
SF:src/components/ForumPage.vue
FN:32,render
FNF:1
FNH:0
FNDA:0,render
DA:4,2
DA:5,2
DA:8,2
DA:25,2
DA:27,2
DA:30,2
DA:31,2
DA:33,0
DA:34,0
DA:37,2
LF:10
LH:8
BRDA:34,0,0,0
BRDA:34,0,1,0
BRF:2
BRH:0
end_of_record
TN:
SF:src/components/InforPage.vue
FN:40,render
FNF:1
FNH:0
FNDA:0,render
DA:4,2
DA:5,2
DA:8,2
DA:33,2
DA:35,2
DA:38,2
DA:39,2
DA:41,0
DA:42,0
DA:43,0
DA:48,2
LF:11
LH:8
BRDA:43,0,0,0
BRDA:43,0,1,0
BRF:2
BRH:0
end_of_record
TN:
SF:src/components/LoginPage.vue
FN:32,render
FNF:1
FNH:0
FNDA:0,render
DA:4,2
DA:5,2
DA:8,2
DA:25,2
DA:27,2
DA:30,2
DA:31,2
DA:33,0
DA:34,0
DA:37,2
LF:10
LH:8
BRDA:34,0,0,0
BRDA:34,0,1,0
BRF:2
BRH:0
end_of_record
TN:
SF:src/components/MapHomepage.vue
FN:40,render
FNF:1
FNH:0
FNDA:0,render
DA:4,2
DA:5,2
DA:8,2
DA:33,2
DA:35,2
DA:38,2
DA:39,2
DA:41,0
DA:42,0
DA:43,0
DA:48,2
LF:11
LH:8
BRDA:43,0,0,0
BRDA:43,0,1,0
BRF:2
BRH:0
end_of_record
TN:
SF:src/components/PostPage.vue
FN:32,render
FNF:1
FNH:0
FNDA:0,render
DA:4,2
DA:5,2
DA:8,2
DA:25,2
DA:27,2
DA:30,2
DA:31,2
DA:33,0
DA:34,0
DA:37,2
LF:10
LH:8
BRDA:34,0,0,0
BRDA:34,0,1,0
BRF:2
BRH:0
end_of_record
TN:
SF:src/components/RegisterPage.vue
FN:32,render
FNF:1
FNH:1
FNDA:2,render
DA:4,3
DA:5,3
DA:8,3
DA:25,3
DA:27,3
DA:30,3
DA:31,3
DA:33,2
DA:34,2
DA:37,3
LF:10
LH:10
BRDA:34,0,0,1
BRDA:34,0,1,1
BRF:2
BRH:2
end_of_record
TN:
SF:src/components/mobile/MobileInfoPage.vue
FN:80,render
FN:89,(anonymous_1)
FN:91,(anonymous_2)
FN:94,(anonymous_3)
FN:99,(anonymous_4)
FN:104,(anonymous_5)
FN:109,(anonymous_6)
FNF:7
FNH:0
FNDA:0,render
FNDA:0,(anonymous_1)
FNDA:0,(anonymous_2)
FNDA:0,(anonymous_3)
FNDA:0,(anonymous_4)
FNDA:0,(anonymous_5)
FNDA:0,(anonymous_6)
DA:4,2
DA:5,2
DA:8,2
DA:70,2
DA:72,2
DA:75,2
DA:76,2
DA:77,2
DA:81,0
DA:82,0
DA:83,0
DA:84,0
DA:85,0
DA:86,0
DA:87,0
DA:89,0
DA:91,0
DA:94,0
DA:99,0
DA:104,0
DA:109,0
DA:115,2
LF:22
LH:9
BRDA:89,0,0,0
BRDA:89,0,1,0
BRF:2
BRH:0
end_of_record
TN:
SF:src/components/mobile/MobileMapHomepage.vue
FN:478,render
FN:489,(anonymous_1)
FN:491,(anonymous_2)
FN:494,(anonymous_3)
FN:499,(anonymous_4)
FN:506,(anonymous_5)
FN:506,(anonymous_6)
FN:511,(anonymous_7)
FN:530,(anonymous_8)
FN:534,(anonymous_9)
FN:535,(anonymous_10)
FN:539,(anonymous_11)
FN:549,(anonymous_12)
FN:553,(anonymous_13)
FN:559,(anonymous_14)
FN:565,(anonymous_15)
FNF:16
FNH:0
FNDA:0,render
FNDA:0,(anonymous_1)
FNDA:0,(anonymous_2)
FNDA:0,(anonymous_3)
FNDA:0,(anonymous_4)
FNDA:0,(anonymous_5)
FNDA:0,(anonymous_6)
FNDA:0,(anonymous_7)
FNDA:0,(anonymous_8)
FNDA:0,(anonymous_9)
FNDA:0,(anonymous_10)
FNDA:0,(anonymous_11)
FNDA:0,(anonymous_12)
FNDA:0,(anonymous_13)
FNDA:0,(anonymous_14)
FNDA:0,(anonymous_15)
DA:4,2
DA:5,2
DA:8,2
DA:9,2
DA:455,2
DA:457,2
DA:460,2
DA:461,2
DA:462,2
DA:468,2
DA:471,2
DA:479,0
DA:480,0
DA:481,0
DA:482,0
DA:483,0
DA:484,0
DA:485,0
DA:486,0
DA:487,0
DA:489,0
DA:491,0
DA:494,0
DA:499,0
DA:506,0
DA:507,0
DA:511,0
DA:530,0
DA:534,0
DA:535,0
DA:539,0
DA:549,0
DA:553,0
DA:559,0
DA:565,0
DA:570,2
LF:36
LH:12
BRDA:489,0,0,0
BRDA:489,0,1,0
BRDA:491,1,0,0
BRDA:491,1,1,0
BRDA:494,2,0,0
BRDA:494,2,1,0
BRDA:499,3,0,0
BRDA:499,3,1,0
BRDA:530,4,0,0
BRDA:530,4,1,0
BRDA:534,5,0,0
BRDA:534,5,1,0
BRDA:535,6,0,0
BRDA:535,6,1,0
BRDA:539,7,0,0
BRDA:539,7,1,0
BRDA:541,8,0,0
BRDA:541,8,1,0
BRF:18
BRH:0
end_of_record
TN:
SF:src/components/mobile/sub_components/MobileMapPinInfo.vue
FN:480,render
FN:498,(anonymous_1)
FN:506,(anonymous_2)
FN:511,(anonymous_3)
FN:516,(anonymous_4)
FN:520,(anonymous_5)
FN:529,(anonymous_6)
FN:533,(anonymous_7)
FN:533,(anonymous_8)
FN:537,(anonymous_9)
FN:540,(anonymous_10)
FN:555,(anonymous_11)
FN:560,(anonymous_12)
FN:572,(anonymous_13)
FN:573,(anonymous_14)
FN:573,(anonymous_15)
FN:578,(anonymous_16)
FN:583,(anonymous_17)
FN:606,(anonymous_18)
FN:617,(anonymous_19)
FN:624,(anonymous_20)
FN:634,(anonymous_21)
FN:640,(anonymous_22)
FN:643,(anonymous_23)
FN:645,(anonymous_24)
FN:655,(anonymous_25)
FN:673,(anonymous_26)
FN:682,(anonymous_27)
FN:694,(anonymous_28)
FN:698,(anonymous_29)
FN:705,(anonymous_30)
FN:708,(anonymous_31)
FN:710,(anonymous_32)
FN:720,(anonymous_33)
FN:733,(anonymous_34)
FN:735,(anonymous_35)
FN:742,(anonymous_36)
FN:748,(anonymous_37)
FN:756,(anonymous_38)
FN:764,(anonymous_39)
FN:772,(anonymous_40)
FN:780,(anonymous_41)
FN:788,(anonymous_42)
FN:796,(anonymous_43)
FN:805,(anonymous_44)
FN:812,(anonymous_45)
FN:819,(anonymous_46)
FNF:47
FNH:0
FNDA:0,render
FNDA:0,(anonymous_1)
FNDA:0,(anonymous_2)
FNDA:0,(anonymous_3)
FNDA:0,(anonymous_4)
FNDA:0,(anonymous_5)
FNDA:0,(anonymous_6)
FNDA:0,(anonymous_7)
FNDA:0,(anonymous_8)
FNDA:0,(anonymous_9)
FNDA:0,(anonymous_10)
FNDA:0,(anonymous_11)
FNDA:0,(anonymous_12)
FNDA:0,(anonymous_13)
FNDA:0,(anonymous_14)
FNDA:0,(anonymous_15)
FNDA:0,(anonymous_16)
FNDA:0,(anonymous_17)
FNDA:0,(anonymous_18)
FNDA:0,(anonymous_19)
FNDA:0,(anonymous_20)
FNDA:0,(anonymous_21)
FNDA:0,(anonymous_22)
FNDA:0,(anonymous_23)
FNDA:0,(anonymous_24)
FNDA:0,(anonymous_25)
FNDA:0,(anonymous_26)
FNDA:0,(anonymous_27)
FNDA:0,(anonymous_28)
FNDA:0,(anonymous_29)
FNDA:0,(anonymous_30)
FNDA:0,(anonymous_31)
FNDA:0,(anonymous_32)
FNDA:0,(anonymous_33)
FNDA:0,(anonymous_34)
FNDA:0,(anonymous_35)
FNDA:0,(anonymous_36)
FNDA:0,(anonymous_37)
FNDA:0,(anonymous_38)
FNDA:0,(anonymous_39)
FNDA:0,(anonymous_40)
FNDA:0,(anonymous_41)
FNDA:0,(anonymous_42)
FNDA:0,(anonymous_43)
FNDA:0,(anonymous_44)
FNDA:0,(anonymous_45)
FNDA:0,(anonymous_46)
DA:4,2
DA:5,2
DA:8,2
DA:9,2
DA:391,2
DA:393,2
DA:396,2
DA:397,2
DA:398,2
DA:404,2
DA:411,2
DA:414,2
DA:422,2
DA:427,2
DA:430,2
DA:433,2
DA:436,2
DA:439,2
DA:442,2
DA:445,2
DA:446,2
DA:447,2
DA:451,2
DA:452,2
DA:455,2
DA:458,2
DA:461,2
DA:462,2
DA:467,2
DA:473,2
DA:481,0
DA:482,0
DA:483,0
DA:484,0
DA:485,0
DA:486,0
DA:487,0
DA:488,0
DA:489,0
DA:490,0
DA:491,0
DA:492,0
DA:493,0
DA:494,0
DA:495,0
DA:496,0
DA:498,0
DA:507,0
DA:508,0
DA:511,0
DA:516,0
DA:520,0
DA:529,0
DA:533,0
DA:534,0
DA:537,0
DA:540,0
DA:555,0
DA:560,0
DA:572,0
DA:573,0
DA:574,0
DA:578,0
DA:583,0
DA:606,0
DA:617,0
DA:624,0
DA:634,0
DA:640,0
DA:643,0
DA:645,0
DA:655,0
DA:673,0
DA:682,0
DA:694,0
DA:698,0
DA:705,0
DA:708,0
DA:710,0
DA:720,0
DA:733,0
DA:735,0
DA:742,0
DA:748,0
DA:756,0
DA:764,0
DA:772,0
DA:780,0
DA:788,0
DA:796,0
DA:805,0
DA:812,0
DA:819,0
DA:831,2
LF:94
LH:31
BRDA:498,0,0,0
BRDA:498,0,1,0
BRDA:506,1,0,0
BRDA:506,1,1,0
BRDA:516,2,0,0
BRDA:516,2,1,0
BRDA:516,3,0,0
BRDA:516,3,1,0
BRDA:516,3,2,0
BRDA:516,3,3,0
BRDA:522,4,0,0
BRDA:522,4,1,0
BRDA:522,5,0,0
BRDA:522,5,1,0
BRDA:522,6,0,0
BRDA:522,6,1,0
BRDA:522,7,0,0
BRDA:522,7,1,0
BRDA:522,8,0,0
BRDA:522,8,1,0
BRDA:547,9,0,0
BRDA:547,9,1,0
BRDA:547,10,0,0
BRDA:547,10,1,0
BRDA:547,10,2,0
BRDA:547,10,3,0
BRDA:567,11,0,0
BRDA:567,11,1,0
BRDA:567,12,0,0
BRDA:567,12,1,0
BRDA:598,13,0,0
BRDA:598,13,1,0
BRDA:598,14,0,0
BRDA:598,14,1,0
BRDA:609,15,0,0
BRDA:609,15,1,0
BRDA:609,16,0,0
BRDA:609,16,1,0
BRDA:624,17,0,0
BRDA:624,17,1,0
BRDA:645,18,0,0
BRDA:645,18,1,0
BRDA:655,19,0,0
BRDA:655,19,1,0
BRDA:673,20,0,0
BRDA:673,20,1,0
BRDA:694,21,0,0
BRDA:694,21,1,0
BRDA:710,22,0,0
BRDA:710,22,1,0
BRDA:720,23,0,0
BRDA:720,23,1,0
BRDA:735,24,0,0
BRDA:735,24,1,0
BRDA:805,25,0,0
BRDA:805,25,1,0
BRDA:812,26,0,0
BRDA:812,26,1,0
BRDA:819,27,0,0
BRDA:819,27,1,0
BRF:60
BRH:0
end_of_record
TN:
SF:src/components/mobile/sub_components/infopage_sub_components/MyComment_Mobile.vue
FN:12,(anonymous_0)
FN:21,(anonymous_1)
FN:29,(anonymous_2)
FN:43,(anonymous_3)
FN:46,(anonymous_4)
FN:53,(anonymous_5)
FN:68,(anonymous_6)
FN:70,(anonymous_7)
FN:76,(anonymous_8)
FN:89,(anonymous_9)
FN:95,(anonymous_10)
FN:108,(anonymous_11)
FN:114,(anonymous_12)
FN:121,(anonymous_13)
FN:229,render
FN:240,(anonymous_15)
FN:242,(anonymous_16)
FN:244,(anonymous_17)
FN:248,(anonymous_18)
FN:250,(anonymous_19)
FN:257,(anonymous_20)
FN:274,(anonymous_21)
FN:276,(anonymous_22)
FN:280,(anonymous_23)
FN:285,(anonymous_24)
FN:286,(anonymous_25)
FN:288,(anonymous_26)
FN:292,(anonymous_27)
FN:294,(anonymous_28)
FN:297,(anonymous_29)
FN:306,(anonymous_30)
FN:310,(anonymous_31)
FN:327,(anonymous_32)
FN:329,(anonymous_33)
FN:333,(anonymous_34)
FN:338,(anonymous_35)
FN:339,(anonymous_36)
FN:341,(anonymous_37)
FN:345,(anonymous_38)
FN:347,(anonymous_39)
FN:350,(anonymous_40)
FN:359,(anonymous_41)
FNF:42
FNH:0
FNDA:0,(anonymous_0)
FNDA:0,(anonymous_1)
FNDA:0,(anonymous_2)
FNDA:0,(anonymous_3)
FNDA:0,(anonymous_4)
FNDA:0,(anonymous_5)
FNDA:0,(anonymous_6)
FNDA:0,(anonymous_7)
FNDA:0,(anonymous_8)
FNDA:0,(anonymous_9)
FNDA:0,(anonymous_10)
FNDA:0,(anonymous_11)
FNDA:0,(anonymous_12)
FNDA:0,(anonymous_13)
FNDA:0,render
FNDA:0,(anonymous_15)
FNDA:0,(anonymous_16)
FNDA:0,(anonymous_17)
FNDA:0,(anonymous_18)
FNDA:0,(anonymous_19)
FNDA:0,(anonymous_20)
FNDA:0,(anonymous_21)
FNDA:0,(anonymous_22)
FNDA:0,(anonymous_23)
FNDA:0,(anonymous_24)
FNDA:0,(anonymous_25)
FNDA:0,(anonymous_26)
FNDA:0,(anonymous_27)
FNDA:0,(anonymous_28)
FNDA:0,(anonymous_29)
FNDA:0,(anonymous_30)
FNDA:0,(anonymous_31)
FNDA:0,(anonymous_32)
FNDA:0,(anonymous_33)
FNDA:0,(anonymous_34)
FNDA:0,(anonymous_35)
FNDA:0,(anonymous_36)
FNDA:0,(anonymous_37)
FNDA:0,(anonymous_38)
FNDA:0,(anonymous_39)
FNDA:0,(anonymous_40)
FNDA:0,(anonymous_41)
DA:4,2
DA:7,2
DA:8,2
DA:9,2
DA:13,0
DA:23,0
DA:24,0
DA:25,0
DA:30,0
DA:31,0
DA:32,0
DA:36,0
DA:38,0
DA:43,0
DA:44,0
DA:47,0
DA:48,0
DA:49,0
DA:54,0
DA:55,0
DA:56,0
DA:57,0
DA:61,0
DA:63,0
DA:68,0
DA:71,0
DA:72,0
DA:78,0
DA:79,0
DA:80,0
DA:82,0
DA:90,0
DA:91,0
DA:97,0
DA:98,0
DA:99,0
DA:101,0
DA:110,0
DA:116,0
DA:122,0
DA:123,0
DA:128,2
DA:130,2
DA:133,2
DA:134,2
DA:135,2
DA:143,2
DA:148,2
DA:154,2
DA:157,2
DA:160,2
DA:167,2
DA:170,2
DA:175,2
DA:178,2
DA:179,2
DA:187,2
DA:193,2
DA:196,2
DA:203,2
DA:206,2
DA:211,2
DA:214,2
DA:215,2
DA:223,2
DA:230,0
DA:231,0
DA:232,0
DA:233,0
DA:234,0
DA:235,0
DA:240,0
DA:242,0
DA:244,0
DA:248,0
DA:250,0
DA:258,0
DA:274,0
DA:276,0
DA:280,0
DA:285,0
DA:286,0
DA:288,0
DA:292,0
DA:294,0
DA:297,0
DA:306,0
DA:311,0
DA:327,0
DA:329,0
DA:333,0
DA:338,0
DA:339,0
DA:341,0
DA:345,0
DA:347,0
DA:350,0
DA:359,0
DA:362,2
LF:99
LH:29
BRDA:30,0,0,0
BRDA:30,0,1,0
BRDA:55,1,0,0
BRDA:55,1,1,0
BRDA:78,2,0,0
BRDA:78,2,1,0
BRDA:97,3,0,0
BRDA:97,3,1,0
BRDA:242,4,0,0
BRDA:242,4,1,0
BRDA:248,5,0,0
BRDA:248,5,1,0
BRDA:255,6,0,0
BRDA:255,6,1,0
BRDA:255,7,0,0
BRDA:255,7,1,0
BRDA:308,8,0,0
BRDA:308,8,1,0
BRDA:308,9,0,0
BRDA:308,9,1,0
BRF:20
BRH:0
end_of_record
TN:
SF:src/components/mobile/sub_components/infopage_sub_components/MyInfo_Mobile.vue
FN:499,render
FN:528,(anonymous_1)
FN:531,(anonymous_2)
FN:532,(anonymous_3)
FN:538,(anonymous_4)
FN:541,(anonymous_5)
FN:551,(anonymous_6)
FN:559,(anonymous_7)
FN:566,(anonymous_8)
FN:572,(anonymous_9)
FN:579,(anonymous_10)
FN:588,(anonymous_11)
FN:591,(anonymous_12)
FN:594,(anonymous_13)
FN:600,(anonymous_14)
FN:606,(anonymous_15)
FN:617,(anonymous_16)
FN:627,(anonymous_17)
FN:629,(anonymous_18)
FN:634,(anonymous_19)
FN:635,(anonymous_20)
FN:636,(anonymous_21)
FN:637,(anonymous_22)
FN:638,(anonymous_23)
FN:640,(anonymous_24)
FN:646,(anonymous_25)
FN:647,(anonymous_26)
FN:649,(anonymous_27)
FN:655,(anonymous_28)
FN:656,(anonymous_29)
FN:658,(anonymous_30)
FN:668,(anonymous_31)
FN:676,(anonymous_32)
FN:683,(anonymous_33)
FN:687,(anonymous_34)
FN:690,(anonymous_35)
FN:696,(anonymous_36)
FN:699,(anonymous_37)
FN:703,(anonymous_38)
FN:706,(anonymous_39)
FN:708,(anonymous_40)
FN:714,(anonymous_41)
FN:716,(anonymous_42)
FN:720,(anonymous_43)
FN:733,(anonymous_44)
FN:735,(anonymous_45)
FN:739,(anonymous_46)
FN:755,(anonymous_47)
FN:757,(anonymous_48)
FN:763,(anonymous_49)
FN:765,(anonymous_50)
FN:767,(anonymous_51)
FN:770,(anonymous_52)
FN:775,(anonymous_53)
FN:789,(anonymous_54)
FN:793,(anonymous_55)
FN:796,(anonymous_56)
FN:802,(anonymous_57)
FN:805,(anonymous_58)
FN:809,(anonymous_59)
FN:812,(anonymous_60)
FN:814,(anonymous_61)
FN:820,(anonymous_62)
FN:822,(anonymous_63)
FN:828,(anonymous_64)
FN:830,(anonymous_65)
FN:840,(anonymous_66)
FN:844,(anonymous_67)
FN:847,(anonymous_68)
FN:853,(anonymous_69)
FN:856,(anonymous_70)
FN:858,(anonymous_71)
FNF:72
FNH:0
FNDA:0,render
FNDA:0,(anonymous_1)
FNDA:0,(anonymous_2)
FNDA:0,(anonymous_3)
FNDA:0,(anonymous_4)
FNDA:0,(anonymous_5)
FNDA:0,(anonymous_6)
FNDA:0,(anonymous_7)
FNDA:0,(anonymous_8)
FNDA:0,(anonymous_9)
FNDA:0,(anonymous_10)
FNDA:0,(anonymous_11)
FNDA:0,(anonymous_12)
FNDA:0,(anonymous_13)
FNDA:0,(anonymous_14)
FNDA:0,(anonymous_15)
FNDA:0,(anonymous_16)
FNDA:0,(anonymous_17)
FNDA:0,(anonymous_18)
FNDA:0,(anonymous_19)
FNDA:0,(anonymous_20)
FNDA:0,(anonymous_21)
FNDA:0,(anonymous_22)
FNDA:0,(anonymous_23)
FNDA:0,(anonymous_24)
FNDA:0,(anonymous_25)
FNDA:0,(anonymous_26)
FNDA:0,(anonymous_27)
FNDA:0,(anonymous_28)
FNDA:0,(anonymous_29)
FNDA:0,(anonymous_30)
FNDA:0,(anonymous_31)
FNDA:0,(anonymous_32)
FNDA:0,(anonymous_33)
FNDA:0,(anonymous_34)
FNDA:0,(anonymous_35)
FNDA:0,(anonymous_36)
FNDA:0,(anonymous_37)
FNDA:0,(anonymous_38)
FNDA:0,(anonymous_39)
FNDA:0,(anonymous_40)
FNDA:0,(anonymous_41)
FNDA:0,(anonymous_42)
FNDA:0,(anonymous_43)
FNDA:0,(anonymous_44)
FNDA:0,(anonymous_45)
FNDA:0,(anonymous_46)
FNDA:0,(anonymous_47)
FNDA:0,(anonymous_48)
FNDA:0,(anonymous_49)
FNDA:0,(anonymous_50)
FNDA:0,(anonymous_51)
FNDA:0,(anonymous_52)
FNDA:0,(anonymous_53)
FNDA:0,(anonymous_54)
FNDA:0,(anonymous_55)
FNDA:0,(anonymous_56)
FNDA:0,(anonymous_57)
FNDA:0,(anonymous_58)
FNDA:0,(anonymous_59)
FNDA:0,(anonymous_60)
FNDA:0,(anonymous_61)
FNDA:0,(anonymous_62)
FNDA:0,(anonymous_63)
FNDA:0,(anonymous_64)
FNDA:0,(anonymous_65)
FNDA:0,(anonymous_66)
FNDA:0,(anonymous_67)
FNDA:0,(anonymous_68)
FNDA:0,(anonymous_69)
FNDA:0,(anonymous_70)
FNDA:0,(anonymous_71)
DA:4,2
DA:5,2
DA:8,2
DA:9,2
DA:388,2
DA:390,2
DA:393,2
DA:394,2
DA:395,2
DA:398,2
DA:401,2
DA:407,2
DA:410,2
DA:411,2
DA:417,2
DA:423,2
DA:431,2
DA:434,2
DA:435,2
DA:441,2
DA:448,2
DA:453,2
DA:458,2
DA:464,2
DA:470,2
DA:475,2
DA:478,2
DA:483,2
DA:489,2
DA:490,2
DA:493,2
DA:496,2
DA:500,0
DA:501,0
DA:502,0
DA:503,0
DA:504,0
DA:505,0
DA:506,0
DA:507,0
DA:508,0
DA:509,0
DA:510,0
DA:511,0
DA:512,0
DA:513,0
DA:514,0
DA:515,0
DA:516,0
DA:517,0
DA:518,0
DA:519,0
DA:520,0
DA:521,0
DA:522,0
DA:523,0
DA:524,0
DA:525,0
DA:528,0
DA:531,0
DA:533,0
DA:538,0
DA:541,0
DA:551,0
DA:559,0
DA:566,0
DA:572,0
DA:579,0
DA:588,0
DA:591,0
DA:594,0
DA:600,0
DA:606,0
DA:617,0
DA:627,0
DA:629,0
DA:634,0
DA:635,0
DA:636,0
DA:637,0
DA:638,0
DA:640,0
DA:646,0
DA:647,0
DA:649,0
DA:655,0
DA:656,0
DA:658,0
DA:668,0
DA:676,0
DA:683,0
DA:687,0
DA:690,0
DA:696,0
DA:699,0
DA:703,0
DA:706,0
DA:708,0
DA:714,0
DA:716,0
DA:720,0
DA:733,0
DA:735,0
DA:739,0
DA:755,0
DA:757,0
DA:763,0
DA:765,0
DA:767,0
DA:770,0
DA:775,0
DA:789,0
DA:793,0
DA:796,0
DA:802,0
DA:805,0
DA:809,0
DA:812,0
DA:814,0
DA:820,0
DA:822,0
DA:828,0
DA:830,0
DA:840,0
DA:844,0
DA:847,0
DA:853,0
DA:856,0
DA:858,0
DA:868,2
LF:130
LH:33
BRDA:531,0,0,0
BRDA:531,0,1,0
BRDA:532,1,0,0
BRDA:532,1,1,0
BRDA:533,2,0,0
BRDA:533,2,1,0
BRDA:559,3,0,0
BRDA:559,3,1,0
BRDA:566,4,0,0
BRDA:566,4,1,0
BRDA:594,5,0,0
BRDA:594,5,1,0
BRDA:600,6,0,0
BRDA:600,6,1,0
BRDA:600,7,0,0
BRDA:600,7,1,0
BRDA:606,8,0,0
BRDA:606,8,1,0
BRDA:606,9,0,0
BRDA:606,9,1,0
BRDA:627,10,0,0
BRDA:627,10,1,0
BRDA:638,11,0,0
BRDA:638,11,1,0
BRDA:647,12,0,0
BRDA:647,12,1,0
BRDA:656,13,0,0
BRDA:656,13,1,0
BRDA:683,14,0,0
BRDA:683,14,1,0
BRDA:708,15,0,0
BRDA:708,15,1,0
BRDA:716,16,0,0
BRDA:716,16,1,0
BRDA:735,17,0,0
BRDA:735,17,1,0
BRDA:757,18,0,0
BRDA:757,18,1,0
BRDA:765,19,0,0
BRDA:765,19,1,0
BRDA:789,20,0,0
BRDA:789,20,1,0
BRDA:814,21,0,0
BRDA:814,21,1,0
BRDA:822,22,0,0
BRDA:822,22,1,0
BRDA:830,23,0,0
BRDA:830,23,1,0
BRDA:840,24,0,0
BRDA:840,24,1,0
BRDA:858,25,0,0
BRDA:858,25,1,0
BRF:52
BRH:0
end_of_record
TN:
SF:src/components/mobile/sub_components/infopage_sub_components/MyMessage_Mobile.vue
FN:225,render
FN:238,(anonymous_1)
FN:240,(anonymous_2)
FN:242,(anonymous_3)
FN:246,(anonymous_4)
FN:248,(anonymous_5)
FN:255,(anonymous_6)
FN:266,(anonymous_7)
FN:276,(anonymous_8)
FN:279,(anonymous_9)
FN:284,(anonymous_10)
FN:285,(anonymous_11)
FN:287,(anonymous_12)
FN:290,(anonymous_13)
FN:296,(anonymous_14)
FN:307,(anonymous_15)
FN:317,(anonymous_16)
FN:320,(anonymous_17)
FN:325,(anonymous_18)
FN:326,(anonymous_19)
FN:328,(anonymous_20)
FN:331,(anonymous_21)
FNF:22
FNH:0
FNDA:0,render
FNDA:0,(anonymous_1)
FNDA:0,(anonymous_2)
FNDA:0,(anonymous_3)
FNDA:0,(anonymous_4)
FNDA:0,(anonymous_5)
FNDA:0,(anonymous_6)
FNDA:0,(anonymous_7)
FNDA:0,(anonymous_8)
FNDA:0,(anonymous_9)
FNDA:0,(anonymous_10)
FNDA:0,(anonymous_11)
FNDA:0,(anonymous_12)
FNDA:0,(anonymous_13)
FNDA:0,(anonymous_14)
FNDA:0,(anonymous_15)
FNDA:0,(anonymous_16)
FNDA:0,(anonymous_17)
FNDA:0,(anonymous_18)
FNDA:0,(anonymous_19)
FNDA:0,(anonymous_20)
FNDA:0,(anonymous_21)
DA:4,2
DA:7,2
DA:8,2
DA:120,2
DA:122,2
DA:125,2
DA:126,2
DA:127,2
DA:135,2
DA:140,2
DA:146,2
DA:149,2
DA:152,2
DA:159,2
DA:162,2
DA:169,2
DA:170,2
DA:179,2
DA:184,2
DA:187,2
DA:190,2
DA:197,2
DA:200,2
DA:207,2
DA:208,2
DA:217,2
DA:222,2
DA:226,0
DA:227,0
DA:228,0
DA:229,0
DA:230,0
DA:231,0
DA:232,0
DA:233,0
DA:238,0
DA:240,0
DA:242,0
DA:246,0
DA:248,0
DA:256,0
DA:266,0
DA:276,0
DA:279,0
DA:284,0
DA:285,0
DA:287,0
DA:290,0
DA:297,0
DA:307,0
DA:317,0
DA:320,0
DA:325,0
DA:326,0
DA:328,0
DA:331,0
DA:336,2
LF:57
LH:28
BRDA:240,0,0,0
BRDA:240,0,1,0
BRDA:246,1,0,0
BRDA:246,1,1,0
BRDA:253,2,0,0
BRDA:253,2,1,0
BRDA:253,3,0,0
BRDA:253,3,1,0
BRDA:265,4,0,0
BRDA:265,4,1,0
BRDA:294,5,0,0
BRDA:294,5,1,0
BRDA:294,6,0,0
BRDA:294,6,1,0
BRDA:306,7,0,0
BRDA:306,7,1,0
BRF:16
BRH:0
end_of_record
TN:
SF:src/components/mobile/sub_components/infopage_sub_components/MyPin_Mobile.vue
FN:117,render
FN:123,(anonymous_1)
FN:130,(anonymous_2)
FN:131,(anonymous_3)
FN:134,(anonymous_4)
FN:138,(anonymous_5)
FN:139,(anonymous_6)
FN:142,(anonymous_7)
FNF:8
FNH:0
FNDA:0,render
FNDA:0,(anonymous_1)
FNDA:0,(anonymous_2)
FNDA:0,(anonymous_3)
FNDA:0,(anonymous_4)
FNDA:0,(anonymous_5)
FNDA:0,(anonymous_6)
FNDA:0,(anonymous_7)
DA:4,2
DA:7,2
DA:95,2
DA:97,2
DA:100,2
DA:101,2
DA:102,2
DA:108,2
DA:111,2
DA:118,0
DA:119,0
DA:120,0
DA:121,0
DA:122,0
DA:123,0
DA:124,0
DA:130,0
DA:131,0
DA:134,0
DA:138,0
DA:139,0
DA:142,0
DA:154,2
LF:23
LH:10
BRF:0
BRH:0
end_of_record
TN:
SF:src/components/mobile/sub_components/infopage_sub_components/MyPost_Mobile.vue
FN:256,render
FN:270,(anonymous_1)
FN:272,(anonymous_2)
FN:274,(anonymous_3)
FN:278,(anonymous_4)
FN:280,(anonymous_5)
FN:287,(anonymous_6)
FN:304,(anonymous_7)
FN:306,(anonymous_8)
FN:310,(anonymous_9)
FN:315,(anonymous_10)
FN:316,(anonymous_11)
FN:318,(anonymous_12)
FN:322,(anonymous_13)
FN:324,(anonymous_14)
FN:327,(anonymous_15)
FN:336,(anonymous_16)
FN:338,(anonymous_17)
FN:343,(anonymous_18)
FN:360,(anonymous_19)
FN:362,(anonymous_20)
FN:371,(anonymous_21)
FN:373,(anonymous_22)
FN:377,(anonymous_23)
FN:382,(anonymous_24)
FN:383,(anonymous_25)
FN:385,(anonymous_26)
FN:389,(anonymous_27)
FN:391,(anonymous_28)
FN:394,(anonymous_29)
FN:396,(anonymous_30)
FN:401,(anonymous_31)
FN:408,(anonymous_32)
FN:413,(anonymous_33)
FN:414,(anonymous_34)
FN:416,(anonymous_35)
FN:420,(anonymous_36)
FN:422,(anonymous_37)
FN:425,(anonymous_38)
FN:428,(anonymous_39)
FN:431,(anonymous_40)
FN:435,(anonymous_41)
FN:440,(anonymous_42)
FN:441,(anonymous_43)
FN:443,(anonymous_44)
FN:446,(anonymous_45)
FNF:46
FNH:0
FNDA:0,render
FNDA:0,(anonymous_1)
FNDA:0,(anonymous_2)
FNDA:0,(anonymous_3)
FNDA:0,(anonymous_4)
FNDA:0,(anonymous_5)
FNDA:0,(anonymous_6)
FNDA:0,(anonymous_7)
FNDA:0,(anonymous_8)
FNDA:0,(anonymous_9)
FNDA:0,(anonymous_10)
FNDA:0,(anonymous_11)
FNDA:0,(anonymous_12)
FNDA:0,(anonymous_13)
FNDA:0,(anonymous_14)
FNDA:0,(anonymous_15)
FNDA:0,(anonymous_16)
FNDA:0,(anonymous_17)
FNDA:0,(anonymous_18)
FNDA:0,(anonymous_19)
FNDA:0,(anonymous_20)
FNDA:0,(anonymous_21)
FNDA:0,(anonymous_22)
FNDA:0,(anonymous_23)
FNDA:0,(anonymous_24)
FNDA:0,(anonymous_25)
FNDA:0,(anonymous_26)
FNDA:0,(anonymous_27)
FNDA:0,(anonymous_28)
FNDA:0,(anonymous_29)
FNDA:0,(anonymous_30)
FNDA:0,(anonymous_31)
FNDA:0,(anonymous_32)
FNDA:0,(anonymous_33)
FNDA:0,(anonymous_34)
FNDA:0,(anonymous_35)
FNDA:0,(anonymous_36)
FNDA:0,(anonymous_37)
FNDA:0,(anonymous_38)
FNDA:0,(anonymous_39)
FNDA:0,(anonymous_40)
FNDA:0,(anonymous_41)
FNDA:0,(anonymous_42)
FNDA:0,(anonymous_43)
FNDA:0,(anonymous_44)
FNDA:0,(anonymous_45)
DA:4,2
DA:7,2
DA:8,2
DA:138,2
DA:140,2
DA:143,2
DA:144,2
DA:145,2
DA:153,2
DA:158,2
DA:164,2
DA:167,2
DA:170,2
DA:176,2
DA:179,2
DA:184,2
DA:187,2
DA:188,2
DA:195,2
DA:200,2
DA:203,2
DA:209,2
DA:212,2
DA:217,2
DA:220,2
DA:225,2
DA:228,2
DA:236,2
DA:243,2
DA:248,2
DA:253,2
DA:257,0
DA:258,0
DA:259,0
DA:260,0
DA:261,0
DA:262,0
DA:263,0
DA:264,0
DA:265,0
DA:270,0
DA:272,0
DA:274,0
DA:278,0
DA:280,0
DA:288,0
DA:304,0
DA:306,0
DA:310,0
DA:315,0
DA:316,0
DA:318,0
DA:322,0
DA:324,0
DA:327,0
DA:336,0
DA:338,0
DA:344,0
DA:360,0
DA:362,0
DA:371,0
DA:373,0
DA:377,0
DA:382,0
DA:383,0
DA:385,0
DA:389,0
DA:391,0
DA:394,0
DA:396,0
DA:401,0
DA:408,0
DA:413,0
DA:414,0
DA:416,0
DA:420,0
DA:422,0
DA:425,0
DA:428,0
DA:431,0
DA:435,0
DA:440,0
DA:441,0
DA:443,0
DA:446,0
DA:451,2
LF:86
LH:32
BRDA:272,0,0,0
BRDA:272,0,1,0
BRDA:278,1,0,0
BRDA:278,1,1,0
BRDA:285,2,0,0
BRDA:285,2,1,0
BRDA:285,3,0,0
BRDA:285,3,1,0
BRDA:341,4,0,0
BRDA:341,4,1,0
BRDA:341,5,0,0
BRDA:341,5,1,0
BRF:12
BRH:0
end_of_record
TN:
SF:src/components/pc/PCForumPage.vue
FN:216,render
FN:227,(anonymous_1)
FN:228,(anonymous_2)
FN:240,(anonymous_3)
FN:249,(anonymous_4)
FN:253,(anonymous_5)
FN:263,(anonymous_6)
FN:268,(anonymous_7)
FNF:8
FNH:0
FNDA:0,render
FNDA:0,(anonymous_1)
FNDA:0,(anonymous_2)
FNDA:0,(anonymous_3)
FNDA:0,(anonymous_4)
FNDA:0,(anonymous_5)
FNDA:0,(anonymous_6)
FNDA:0,(anonymous_7)
DA:4,2
DA:5,2
DA:8,2
DA:9,2
DA:177,2
DA:179,2
DA:182,2
DA:183,2
DA:184,2
DA:187,2
DA:190,2
DA:193,2
DA:196,2
DA:199,2
DA:200,2
DA:203,2
DA:206,2
DA:209,2
DA:212,2
DA:217,0
DA:218,0
DA:219,0
DA:220,0
DA:221,0
DA:222,0
DA:223,0
DA:224,0
DA:225,0
DA:226,0
DA:227,0
DA:228,0
DA:240,0
DA:249,0
DA:254,0
DA:263,0
DA:268,0
DA:281,2
LF:37
LH:20
BRDA:274,0,0,0
BRDA:274,0,1,0
BRF:2
BRH:0
end_of_record
TN:
SF:src/components/pc/PCInforPage.vue
FN:131,render
FN:161,(anonymous_1)
FN:165,(anonymous_2)
FN:167,(anonymous_3)
FN:172,(anonymous_4)
FN:175,(anonymous_5)
FN:180,(anonymous_6)
FN:190,(anonymous_7)
FN:192,(anonymous_8)
FN:194,(anonymous_9)
FN:195,(anonymous_10)
FN:196,(anonymous_11)
FN:203,(anonymous_12)
FN:205,(anonymous_13)
FN:206,(anonymous_14)
FN:207,(anonymous_15)
FN:214,(anonymous_16)
FN:216,(anonymous_17)
FN:217,(anonymous_18)
FN:218,(anonymous_19)
FN:225,(anonymous_20)
FN:227,(anonymous_21)
FN:228,(anonymous_22)
FN:229,(anonymous_23)
FN:243,(anonymous_24)
FN:245,(anonymous_25)
FN:250,(anonymous_26)
FN:253,(anonymous_27)
FN:258,(anonymous_28)
FN:268,(anonymous_29)
FN:270,(anonymous_30)
FN:272,(anonymous_31)
FN:273,(anonymous_32)
FN:274,(anonymous_33)
FN:281,(anonymous_34)
FN:283,(anonymous_35)
FN:284,(anonymous_36)
FN:285,(anonymous_37)
FN:292,(anonymous_38)
FN:294,(anonymous_39)
FN:295,(anonymous_40)
FN:296,(anonymous_41)
FN:303,(anonymous_42)
FN:305,(anonymous_43)
FN:306,(anonymous_44)
FN:307,(anonymous_45)
FN:318,(anonymous_46)
FNF:47
FNH:0
FNDA:0,render
FNDA:0,(anonymous_1)
FNDA:0,(anonymous_2)
FNDA:0,(anonymous_3)
FNDA:0,(anonymous_4)
FNDA:0,(anonymous_5)
FNDA:0,(anonymous_6)
FNDA:0,(anonymous_7)
FNDA:0,(anonymous_8)
FNDA:0,(anonymous_9)
FNDA:0,(anonymous_10)
FNDA:0,(anonymous_11)
FNDA:0,(anonymous_12)
FNDA:0,(anonymous_13)
FNDA:0,(anonymous_14)
FNDA:0,(anonymous_15)
FNDA:0,(anonymous_16)
FNDA:0,(anonymous_17)
FNDA:0,(anonymous_18)
FNDA:0,(anonymous_19)
FNDA:0,(anonymous_20)
FNDA:0,(anonymous_21)
FNDA:0,(anonymous_22)
FNDA:0,(anonymous_23)
FNDA:0,(anonymous_24)
FNDA:0,(anonymous_25)
FNDA:0,(anonymous_26)
FNDA:0,(anonymous_27)
FNDA:0,(anonymous_28)
FNDA:0,(anonymous_29)
FNDA:0,(anonymous_30)
FNDA:0,(anonymous_31)
FNDA:0,(anonymous_32)
FNDA:0,(anonymous_33)
FNDA:0,(anonymous_34)
FNDA:0,(anonymous_35)
FNDA:0,(anonymous_36)
FNDA:0,(anonymous_37)
FNDA:0,(anonymous_38)
FNDA:0,(anonymous_39)
FNDA:0,(anonymous_40)
FNDA:0,(anonymous_41)
FNDA:0,(anonymous_42)
FNDA:0,(anonymous_43)
FNDA:0,(anonymous_44)
FNDA:0,(anonymous_45)
FNDA:0,(anonymous_46)
DA:4,2
DA:5,2
DA:8,2
DA:104,2
DA:106,2
DA:109,2
DA:110,2
DA:111,2
DA:114,2
DA:117,2
DA:118,2
DA:119,2
DA:122,2
DA:125,2
DA:128,2
DA:132,0
DA:133,0
DA:134,0
DA:135,0
DA:136,0
DA:137,0
DA:138,0
DA:139,0
DA:140,0
DA:141,0
DA:142,0
DA:143,0
DA:144,0
DA:145,0
DA:146,0
DA:147,0
DA:148,0
DA:149,0
DA:161,0
DA:165,0
DA:167,0
DA:172,0
DA:175,0
DA:180,0
DA:190,0
DA:192,0
DA:194,0
DA:195,0
DA:196,0
DA:203,0
DA:205,0
DA:206,0
DA:207,0
DA:214,0
DA:216,0
DA:217,0
DA:218,0
DA:225,0
DA:227,0
DA:228,0
DA:229,0
DA:243,0
DA:245,0
DA:250,0
DA:253,0
DA:258,0
DA:268,0
DA:270,0
DA:272,0
DA:273,0
DA:274,0
DA:281,0
DA:283,0
DA:284,0
DA:285,0
DA:292,0
DA:294,0
DA:295,0
DA:296,0
DA:303,0
DA:305,0
DA:306,0
DA:307,0
DA:318,0
DA:324,2
LF:80
LH:16
BRDA:161,0,0,0
BRDA:161,0,1,0
BRDA:167,1,0,0
BRDA:167,1,1,0
BRDA:192,2,0,0
BRDA:192,2,1,0
BRDA:203,3,0,0
BRDA:203,3,1,0
BRDA:214,4,0,0
BRDA:214,4,1,0
BRDA:225,5,0,0
BRDA:225,5,1,0
BRDA:245,6,0,0
BRDA:245,6,1,0
BRDA:270,7,0,0
BRDA:270,7,1,0
BRDA:281,8,0,0
BRDA:281,8,1,0
BRDA:292,9,0,0
BRDA:292,9,1,0
BRDA:303,10,0,0
BRDA:303,10,1,0
BRDA:318,11,0,0
BRDA:318,11,1,0
BRDA:318,12,0,0
BRDA:318,12,1,0
BRDA:318,13,0,0
BRDA:318,13,1,0
BRDA:318,14,0,0
BRDA:318,14,1,0
BRF:30
BRH:0
end_of_record
TN:
SF:src/components/pc/PCLoginView.vue
FN:146,render
FN:157,(anonymous_1)
FN:160,(anonymous_2)
FN:162,(anonymous_3)
FN:170,(anonymous_4)
FN:173,(anonymous_5)
FN:179,(anonymous_6)
FN:182,(anonymous_7)
FN:188,(anonymous_8)
FNF:9
FNH:7
FNDA:1,render
FNDA:1,(anonymous_1)
FNDA:2,(anonymous_2)
FNDA:0,(anonymous_3)
FNDA:2,(anonymous_4)
FNDA:0,(anonymous_5)
FNDA:1,(anonymous_6)
FNDA:2,(anonymous_7)
FNDA:2,(anonymous_8)
DA:4,2
DA:5,2
DA:8,2
DA:9,2
DA:120,2
DA:122,2
DA:125,2
DA:126,2
DA:127,2
DA:130,2
DA:140,2
DA:143,2
DA:147,1
DA:148,1
DA:149,1
DA:150,1
DA:151,1
DA:152,1
DA:157,1
DA:160,2
DA:162,0
DA:170,2
DA:173,0
DA:179,1
DA:182,2
DA:188,2
DA:199,2
LF:27
LH:25
BRDA:162,0,0,2
BRDA:162,0,1,1
BRDA:173,1,0,2
BRDA:173,1,1,1
BRF:4
BRH:4
end_of_record
TN:
SF:src/components/pc/PCMapHomepage.vue
FN:468,render
FN:488,(anonymous_1)
FN:490,(anonymous_2)
FN:494,(anonymous_3)
FN:498,(anonymous_4)
FN:505,(anonymous_5)
FN:505,(anonymous_6)
FN:510,(anonymous_7)
FN:529,(anonymous_8)
FN:533,(anonymous_9)
FN:534,(anonymous_10)
FN:538,(anonymous_11)
FNF:12
FNH:0
FNDA:0,render
FNDA:0,(anonymous_1)
FNDA:0,(anonymous_2)
FNDA:0,(anonymous_3)
FNDA:0,(anonymous_4)
FNDA:0,(anonymous_5)
FNDA:0,(anonymous_6)
FNDA:0,(anonymous_7)
FNDA:0,(anonymous_8)
FNDA:0,(anonymous_9)
FNDA:0,(anonymous_10)
FNDA:0,(anonymous_11)
DA:4,2
DA:5,2
DA:8,2
DA:9,2
DA:445,2
DA:447,2
DA:450,2
DA:451,2
DA:452,2
DA:458,2
DA:461,2
DA:469,0
DA:470,0
DA:471,0
DA:472,0
DA:473,0
DA:474,0
DA:475,0
DA:476,0
DA:488,0
DA:490,0
DA:494,0
DA:498,0
DA:505,0
DA:506,0
DA:510,0
DA:529,0
DA:533,0
DA:534,0
DA:538,0
DA:541,2
LF:31
LH:12
BRDA:488,0,0,0
BRDA:488,0,1,0
BRDA:490,1,0,0
BRDA:490,1,1,0
BRDA:494,2,0,0
BRDA:494,2,1,0
BRDA:498,3,0,0
BRDA:498,3,1,0
BRDA:529,4,0,0
BRDA:529,4,1,0
BRDA:533,5,0,0
BRDA:533,5,1,0
BRDA:534,6,0,0
BRDA:534,6,1,0
BRDA:538,7,0,0
BRDA:538,7,1,0
BRF:16
BRH:0
end_of_record
TN:
SF:src/components/pc/PCPageHeader.vue
FN:205,render
FN:216,(anonymous_1)
FN:217,(anonymous_2)
FN:220,(anonymous_3)
FN:223,(anonymous_4)
FN:226,(anonymous_5)
FN:229,(anonymous_6)
FN:232,(anonymous_7)
FN:236,(anonymous_8)
FN:239,(anonymous_9)
FN:242,(anonymous_10)
FN:245,(anonymous_11)
FN:249,(anonymous_12)
FN:252,(anonymous_13)
FN:258,(anonymous_14)
FN:261,(anonymous_15)
FN:262,(anonymous_16)
FN:264,(anonymous_17)
FNF:18
FNH:0
FNDA:0,render
FNDA:0,(anonymous_1)
FNDA:0,(anonymous_2)
FNDA:0,(anonymous_3)
FNDA:0,(anonymous_4)
FNDA:0,(anonymous_5)
FNDA:0,(anonymous_6)
FNDA:0,(anonymous_7)
FNDA:0,(anonymous_8)
FNDA:0,(anonymous_9)
FNDA:0,(anonymous_10)
FNDA:0,(anonymous_11)
FNDA:0,(anonymous_12)
FNDA:0,(anonymous_13)
FNDA:0,(anonymous_14)
FNDA:0,(anonymous_15)
FNDA:0,(anonymous_16)
FNDA:0,(anonymous_17)
DA:4,2
DA:5,2
DA:8,2
DA:9,2
DA:187,2
DA:189,2
DA:192,2
DA:193,2
DA:194,2
DA:197,2
DA:201,2
DA:204,2
DA:206,0
DA:207,0
DA:208,0
DA:209,0
DA:210,0
DA:216,0
DA:217,0
DA:220,0
DA:223,0
DA:226,0
DA:229,0
DA:232,0
DA:236,0
DA:239,0
DA:242,0
DA:245,0
DA:249,0
DA:252,0
DA:258,0
DA:261,0
DA:262,0
DA:264,0
DA:276,2
LF:35
LH:13
BRDA:217,0,0,0
BRDA:217,0,1,0
BRDA:223,1,0,0
BRDA:223,1,1,0
BRDA:229,2,0,0
BRDA:229,2,1,0
BRDA:234,3,0,0
BRDA:234,3,1,0
BRDA:236,4,0,0
BRDA:236,4,1,0
BRDA:241,5,0,0
BRDA:241,5,1,0
BRDA:242,6,0,0
BRDA:242,6,1,0
BRDA:249,7,0,0
BRDA:249,7,1,0
BRDA:262,8,0,0
BRDA:262,8,1,0
BRF:18
BRH:0
end_of_record
TN:
SF:src/components/pc/PCPostPage.vue
FN:498,render
FN:509,(anonymous_1)
FN:510,(anonymous_2)
FN:522,(anonymous_3)
FN:526,(anonymous_4)
FN:532,(anonymous_5)
FN:537,(anonymous_6)
FN:542,(anonymous_7)
FN:544,(anonymous_8)
FN:545,(anonymous_9)
FN:547,(anonymous_10)
FN:553,(anonymous_11)
FN:563,(anonymous_12)
FN:565,(anonymous_13)
FN:569,(anonymous_14)
FN:571,(anonymous_15)
FN:576,(anonymous_16)
FN:579,(anonymous_17)
FN:581,(anonymous_18)
FN:589,(anonymous_19)
FN:591,(anonymous_20)
FN:597,(anonymous_21)
FN:601,(anonymous_22)
FN:607,(anonymous_23)
FN:609,(anonymous_24)
FN:613,(anonymous_25)
FN:615,(anonymous_26)
FN:619,(anonymous_27)
FN:621,(anonymous_28)
FN:625,(anonymous_29)
FN:629,(anonymous_30)
FN:629,(anonymous_31)
FN:635,(anonymous_32)
FN:637,(anonymous_33)
FN:641,(anonymous_34)
FN:643,(anonymous_35)
FN:647,(anonymous_36)
FN:648,(anonymous_37)
FN:650,(anonymous_38)
FN:659,(anonymous_39)
FN:661,(anonymous_40)
FNF:41
FNH:0
FNDA:0,render
FNDA:0,(anonymous_1)
FNDA:0,(anonymous_2)
FNDA:0,(anonymous_3)
FNDA:0,(anonymous_4)
FNDA:0,(anonymous_5)
FNDA:0,(anonymous_6)
FNDA:0,(anonymous_7)
FNDA:0,(anonymous_8)
FNDA:0,(anonymous_9)
FNDA:0,(anonymous_10)
FNDA:0,(anonymous_11)
FNDA:0,(anonymous_12)
FNDA:0,(anonymous_13)
FNDA:0,(anonymous_14)
FNDA:0,(anonymous_15)
FNDA:0,(anonymous_16)
FNDA:0,(anonymous_17)
FNDA:0,(anonymous_18)
FNDA:0,(anonymous_19)
FNDA:0,(anonymous_20)
FNDA:0,(anonymous_21)
FNDA:0,(anonymous_22)
FNDA:0,(anonymous_23)
FNDA:0,(anonymous_24)
FNDA:0,(anonymous_25)
FNDA:0,(anonymous_26)
FNDA:0,(anonymous_27)
FNDA:0,(anonymous_28)
FNDA:0,(anonymous_29)
FNDA:0,(anonymous_30)
FNDA:0,(anonymous_31)
FNDA:0,(anonymous_32)
FNDA:0,(anonymous_33)
FNDA:0,(anonymous_34)
FNDA:0,(anonymous_35)
FNDA:0,(anonymous_36)
FNDA:0,(anonymous_37)
FNDA:0,(anonymous_38)
FNDA:0,(anonymous_39)
FNDA:0,(anonymous_40)
DA:4,2
DA:5,2
DA:8,2
DA:9,2
DA:435,2
DA:437,2
DA:440,2
DA:441,2
DA:442,2
DA:445,2
DA:448,2
DA:451,2
DA:454,2
DA:457,2
DA:460,2
DA:463,2
DA:466,2
DA:469,2
DA:472,2
DA:475,2
DA:476,2
DA:479,2
DA:482,2
DA:485,2
DA:488,2
DA:491,2
DA:494,2
DA:499,0
DA:500,0
DA:501,0
DA:502,0
DA:503,0
DA:504,0
DA:505,0
DA:506,0
DA:507,0
DA:508,0
DA:509,0
DA:510,0
DA:522,0
DA:526,0
DA:532,0
DA:537,0
DA:542,0
DA:544,0
DA:545,0
DA:547,0
DA:553,0
DA:563,0
DA:565,0
DA:569,0
DA:571,0
DA:576,0
DA:579,0
DA:581,0
DA:589,0
DA:591,0
DA:597,0
DA:602,0
DA:607,0
DA:609,0
DA:613,0
DA:615,0
DA:619,0
DA:621,0
DA:625,0
DA:629,0
DA:630,0
DA:635,0
DA:637,0
DA:641,0
DA:643,0
DA:647,0
DA:648,0
DA:650,0
DA:659,0
DA:661,0
DA:672,2
LF:78
LH:28
BRDA:542,0,0,0
BRDA:542,0,1,0
BRDA:545,1,0,0
BRDA:545,1,1,0
BRDA:563,2,0,0
BRDA:563,2,1,0
BRDA:569,3,0,0
BRDA:569,3,1,0
BRDA:581,4,0,0
BRDA:581,4,1,0
BRDA:589,5,0,0
BRDA:589,5,1,0
BRDA:613,6,0,0
BRDA:613,6,1,0
BRDA:625,7,0,0
BRDA:625,7,1,0
BRDA:641,8,0,0
BRDA:641,8,1,0
BRDA:650,9,0,0
BRDA:650,9,1,0
BRF:20
BRH:0
end_of_record
TN:
SF:src/components/pc/PCRegisterView.vue
FN:274,render
FN:289,(anonymous_1)
FN:293,(anonymous_2)
FN:295,(anonymous_3)
FN:304,(anonymous_4)
FN:306,(anonymous_5)
FN:319,(anonymous_6)
FN:321,(anonymous_7)
FN:332,(anonymous_8)
FN:341,(anonymous_9)
FN:350,(anonymous_10)
FN:353,(anonymous_11)
FN:362,(anonymous_12)
FN:365,(anonymous_13)
FN:374,(anonymous_14)
FN:376,(anonymous_15)
FN:380,(anonymous_16)
FN:397,(anonymous_17)
FN:399,(anonymous_18)
FN:403,(anonymous_19)
FN:417,(anonymous_20)
FN:419,(anonymous_21)
FN:422,(anonymous_22)
FN:426,(anonymous_23)
FN:429,(anonymous_24)
FN:434,(anonymous_25)
FN:437,(anonymous_26)
FN:441,(anonymous_27)
FN:447,(anonymous_28)
FNF:29
FNH:20
FNDA:3,render
FNDA:3,(anonymous_1)
FNDA:6,(anonymous_2)
FNDA:0,(anonymous_3)
FNDA:8,(anonymous_4)
FNDA:0,(anonymous_5)
FNDA:6,(anonymous_6)
FNDA:0,(anonymous_7)
FNDA:3,(anonymous_8)
FNDA:6,(anonymous_9)
FNDA:6,(anonymous_10)
FNDA:0,(anonymous_11)
FNDA:6,(anonymous_12)
FNDA:0,(anonymous_13)
FNDA:4,(anonymous_14)
FNDA:0,(anonymous_15)
FNDA:2,(anonymous_16)
FNDA:4,(anonymous_17)
FNDA:0,(anonymous_18)
FNDA:2,(anonymous_19)
FNDA:3,(anonymous_20)
FNDA:0,(anonymous_21)
FNDA:2,(anonymous_22)
FNDA:0,(anonymous_23)
FNDA:2,(anonymous_24)
FNDA:2,(anonymous_25)
FNDA:2,(anonymous_26)
FNDA:4,(anonymous_27)
FNDA:4,(anonymous_28)
DA:4,3
DA:5,3
DA:8,3
DA:9,3
DA:245,3
DA:247,3
DA:250,3
DA:251,3
DA:252,3
DA:255,3
DA:265,3
DA:268,3
DA:275,3
DA:276,3
DA:277,3
DA:278,3
DA:279,3
DA:280,3
DA:281,3
DA:282,3
DA:283,3
DA:284,3
DA:289,3
DA:293,6
DA:295,0
DA:304,8
DA:306,0
DA:319,6
DA:321,0
DA:332,3
DA:341,6
DA:350,6
DA:353,0
DA:362,6
DA:365,0
DA:374,4
DA:376,0
DA:380,2
DA:397,4
DA:399,0
DA:403,2
DA:417,3
DA:419,0
DA:422,2
DA:426,0
DA:429,2
DA:434,2
DA:437,2
DA:441,4
DA:447,4
DA:461,3
LF:51
LH:42
BRDA:295,0,0,6
BRDA:295,0,1,2
BRDA:306,1,0,8
BRDA:306,1,1,2
BRDA:321,2,0,6
BRDA:321,2,1,2
BRDA:341,3,0,2
BRDA:341,3,1,4
BRDA:353,4,0,6
BRDA:353,4,1,2
BRDA:365,5,0,6
BRDA:365,5,1,2
BRDA:376,6,0,4
BRDA:376,6,1,2
BRDA:399,7,0,4
BRDA:399,7,1,2
BRDA:419,8,0,3
BRDA:419,8,1,2
BRDA:426,9,0,3
BRDA:426,9,1,2
BRF:20
BRH:20
end_of_record
TN:
SF:src/components/pc/sub_components/MapPinInfo.vue
FN:499,render
FN:520,(anonymous_1)
FN:525,(anonymous_2)
FN:534,(anonymous_3)
FN:544,(anonymous_4)
FN:560,(anonymous_5)
FN:565,(anonymous_6)
FN:571,(anonymous_7)
FN:572,(anonymous_8)
FN:575,(anonymous_9)
FN:579,(anonymous_10)
FN:586,(anonymous_11)
FN:591,(anonymous_12)
FN:599,(anonymous_13)
FN:601,(anonymous_14)
FN:607,(anonymous_15)
FN:614,(anonymous_16)
FN:616,(anonymous_17)
FN:620,(anonymous_18)
FN:623,(anonymous_19)
FN:625,(anonymous_20)
FN:632,(anonymous_21)
FN:634,(anonymous_22)
FN:643,(anonymous_23)
FN:645,(anonymous_24)
FN:647,(anonymous_25)
FN:650,(anonymous_26)
FN:655,(anonymous_27)
FN:660,(anonymous_28)
FN:665,(anonymous_29)
FN:670,(anonymous_30)
FN:675,(anonymous_31)
FN:680,(anonymous_32)
FN:690,(anonymous_33)
FN:692,(anonymous_34)
FN:701,(anonymous_35)
FN:703,(anonymous_36)
FN:712,(anonymous_37)
FN:714,(anonymous_38)
FN:721,(anonymous_39)
FN:723,(anonymous_40)
FN:729,(anonymous_41)
FN:738,(anonymous_42)
FN:742,(anonymous_43)
FN:751,(anonymous_44)
FN:755,(anonymous_45)
FN:755,(anonymous_46)
FN:759,(anonymous_47)
FN:762,(anonymous_48)
FN:777,(anonymous_49)
FN:782,(anonymous_50)
FN:794,(anonymous_51)
FN:795,(anonymous_52)
FN:795,(anonymous_53)
FN:800,(anonymous_54)
FN:805,(anonymous_55)
FNF:56
FNH:0
FNDA:0,render
FNDA:0,(anonymous_1)
FNDA:0,(anonymous_2)
FNDA:0,(anonymous_3)
FNDA:0,(anonymous_4)
FNDA:0,(anonymous_5)
FNDA:0,(anonymous_6)
FNDA:0,(anonymous_7)
FNDA:0,(anonymous_8)
FNDA:0,(anonymous_9)
FNDA:0,(anonymous_10)
FNDA:0,(anonymous_11)
FNDA:0,(anonymous_12)
FNDA:0,(anonymous_13)
FNDA:0,(anonymous_14)
FNDA:0,(anonymous_15)
FNDA:0,(anonymous_16)
FNDA:0,(anonymous_17)
FNDA:0,(anonymous_18)
FNDA:0,(anonymous_19)
FNDA:0,(anonymous_20)
FNDA:0,(anonymous_21)
FNDA:0,(anonymous_22)
FNDA:0,(anonymous_23)
FNDA:0,(anonymous_24)
FNDA:0,(anonymous_25)
FNDA:0,(anonymous_26)
FNDA:0,(anonymous_27)
FNDA:0,(anonymous_28)
FNDA:0,(anonymous_29)
FNDA:0,(anonymous_30)
FNDA:0,(anonymous_31)
FNDA:0,(anonymous_32)
FNDA:0,(anonymous_33)
FNDA:0,(anonymous_34)
FNDA:0,(anonymous_35)
FNDA:0,(anonymous_36)
FNDA:0,(anonymous_37)
FNDA:0,(anonymous_38)
FNDA:0,(anonymous_39)
FNDA:0,(anonymous_40)
FNDA:0,(anonymous_41)
FNDA:0,(anonymous_42)
FNDA:0,(anonymous_43)
FNDA:0,(anonymous_44)
FNDA:0,(anonymous_45)
FNDA:0,(anonymous_46)
FNDA:0,(anonymous_47)
FNDA:0,(anonymous_48)
FNDA:0,(anonymous_49)
FNDA:0,(anonymous_50)
FNDA:0,(anonymous_51)
FNDA:0,(anonymous_52)
FNDA:0,(anonymous_53)
FNDA:0,(anonymous_54)
FNDA:0,(anonymous_55)
DA:4,2
DA:5,2
DA:8,2
DA:9,2
DA:418,2
DA:420,2
DA:423,2
DA:424,2
DA:425,2
DA:428,2
DA:434,2
DA:441,2
DA:448,2
DA:451,2
DA:459,2
DA:464,2
DA:467,2
DA:470,2
DA:473,2
DA:476,2
DA:479,2
DA:482,2
DA:483,2
DA:484,2
DA:488,2
DA:489,2
DA:492,2
DA:495,2
DA:498,2
DA:500,0
DA:501,0
DA:502,0
DA:503,0
DA:504,0
DA:505,0
DA:506,0
DA:507,0
DA:508,0
DA:509,0
DA:510,0
DA:511,0
DA:512,0
DA:513,0
DA:514,0
DA:515,0
DA:516,0
DA:517,0
DA:520,0
DA:525,0
DA:534,0
DA:545,0
DA:546,0
DA:552,0
DA:554,0
DA:555,0
DA:556,0
DA:560,0
DA:565,0
DA:571,0
DA:572,0
DA:575,0
DA:579,0
DA:586,0
DA:591,0
DA:599,0
DA:601,0
DA:607,0
DA:614,0
DA:616,0
DA:620,0
DA:623,0
DA:625,0
DA:632,0
DA:634,0
DA:643,0
DA:645,0
DA:647,0
DA:650,0
DA:655,0
DA:660,0
DA:665,0
DA:670,0
DA:675,0
DA:680,0
DA:690,0
DA:692,0
DA:701,0
DA:703,0
DA:712,0
DA:714,0
DA:721,0
DA:723,0
DA:729,0
DA:738,0
DA:742,0
DA:751,0
DA:755,0
DA:756,0
DA:759,0
DA:762,0
DA:777,0
DA:782,0
DA:794,0
DA:795,0
DA:796,0
DA:800,0
DA:805,0
DA:823,2
LF:108
LH:30
BRDA:520,0,0,0
BRDA:520,0,1,0
BRDA:525,1,0,0
BRDA:525,1,1,0
BRDA:525,2,0,0
BRDA:525,2,1,0
BRDA:537,3,0,0
BRDA:537,3,1,0
BRDA:537,4,0,0
BRDA:537,4,1,0
BRDA:544,5,0,0
BRDA:544,5,1,0
BRDA:545,6,0,0
BRDA:545,6,1,0
BRDA:565,7,0,0
BRDA:565,7,1,0
BRDA:579,8,0,0
BRDA:579,8,1,0
BRDA:591,9,0,0
BRDA:591,9,1,0
BRDA:599,10,0,0
BRDA:599,10,1,0
BRDA:614,11,0,0
BRDA:614,11,1,0
BRDA:625,12,0,0
BRDA:625,12,1,0
BRDA:634,13,0,0
BRDA:634,13,1,0
BRDA:645,14,0,0
BRDA:645,14,1,0
BRDA:692,15,0,0
BRDA:692,15,1,0
BRDA:703,16,0,0
BRDA:703,16,1,0
BRDA:714,17,0,0
BRDA:714,17,1,0
BRDA:721,18,0,0
BRDA:721,18,1,0
BRDA:738,19,0,0
BRDA:738,19,1,0
BRDA:738,20,0,0
BRDA:738,20,1,0
BRDA:738,20,2,0
BRDA:738,20,3,0
BRDA:744,21,0,0
BRDA:744,21,1,0
BRDA:744,22,0,0
BRDA:744,22,1,0
BRDA:744,23,0,0
BRDA:744,23,1,0
BRDA:744,24,0,0
BRDA:744,24,1,0
BRDA:744,25,0,0
BRDA:744,25,1,0
BRDA:769,26,0,0
BRDA:769,26,1,0
BRDA:769,27,0,0
BRDA:769,27,1,0
BRDA:769,27,2,0
BRDA:769,27,3,0
BRDA:789,28,0,0
BRDA:789,28,1,0
BRDA:789,29,0,0
BRDA:789,29,1,0
BRF:64
BRH:0
end_of_record
TN:
SF:src/components/pc/sub_components/infopage_sub_components/MyComment.vue
FN:12,(anonymous_0)
FN:19,(anonymous_1)
FN:27,(anonymous_2)
FN:41,(anonymous_3)
FN:44,(anonymous_4)
FN:51,(anonymous_5)
FN:66,(anonymous_6)
FN:68,(anonymous_7)
FN:74,(anonymous_8)
FN:87,(anonymous_9)
FN:93,(anonymous_10)
FN:106,(anonymous_11)
FN:112,(anonymous_12)
FN:119,(anonymous_13)
FN:237,render
FN:243,(anonymous_15)
FN:260,(anonymous_16)
FN:262,(anonymous_17)
FN:266,(anonymous_18)
FN:271,(anonymous_19)
FN:272,(anonymous_20)
FN:274,(anonymous_21)
FN:278,(anonymous_22)
FN:280,(anonymous_23)
FN:283,(anonymous_24)
FN:292,(anonymous_25)
FN:296,(anonymous_26)
FN:313,(anonymous_27)
FN:315,(anonymous_28)
FN:319,(anonymous_29)
FN:324,(anonymous_30)
FN:325,(anonymous_31)
FN:327,(anonymous_32)
FN:331,(anonymous_33)
FN:333,(anonymous_34)
FN:336,(anonymous_35)
FN:345,(anonymous_36)
FNF:37
FNH:0
FNDA:0,(anonymous_0)
FNDA:0,(anonymous_1)
FNDA:0,(anonymous_2)
FNDA:0,(anonymous_3)
FNDA:0,(anonymous_4)
FNDA:0,(anonymous_5)
FNDA:0,(anonymous_6)
FNDA:0,(anonymous_7)
FNDA:0,(anonymous_8)
FNDA:0,(anonymous_9)
FNDA:0,(anonymous_10)
FNDA:0,(anonymous_11)
FNDA:0,(anonymous_12)
FNDA:0,(anonymous_13)
FNDA:0,render
FNDA:0,(anonymous_15)
FNDA:0,(anonymous_16)
FNDA:0,(anonymous_17)
FNDA:0,(anonymous_18)
FNDA:0,(anonymous_19)
FNDA:0,(anonymous_20)
FNDA:0,(anonymous_21)
FNDA:0,(anonymous_22)
FNDA:0,(anonymous_23)
FNDA:0,(anonymous_24)
FNDA:0,(anonymous_25)
FNDA:0,(anonymous_26)
FNDA:0,(anonymous_27)
FNDA:0,(anonymous_28)
FNDA:0,(anonymous_29)
FNDA:0,(anonymous_30)
FNDA:0,(anonymous_31)
FNDA:0,(anonymous_32)
FNDA:0,(anonymous_33)
FNDA:0,(anonymous_34)
FNDA:0,(anonymous_35)
FNDA:0,(anonymous_36)
DA:4,2
DA:7,2
DA:8,2
DA:9,2
DA:13,0
DA:21,0
DA:22,0
DA:23,0
DA:28,0
DA:29,0
DA:30,0
DA:34,0
DA:36,0
DA:41,0
DA:42,0
DA:45,0
DA:46,0
DA:47,0
DA:52,0
DA:53,0
DA:54,0
DA:55,0
DA:59,0
DA:61,0
DA:66,0
DA:69,0
DA:70,0
DA:76,0
DA:77,0
DA:78,0
DA:80,0
DA:88,0
DA:89,0
DA:95,0
DA:96,0
DA:97,0
DA:99,0
DA:108,0
DA:114,0
DA:120,0
DA:121,0
DA:126,2
DA:128,2
DA:131,2
DA:132,2
DA:133,2
DA:141,2
DA:149,2
DA:155,2
DA:163,2
DA:166,2
DA:171,2
DA:174,2
DA:175,2
DA:183,2
DA:189,2
DA:197,2
DA:203,2
DA:211,2
DA:214,2
DA:219,2
DA:222,2
DA:223,2
DA:231,2
DA:238,0
DA:239,0
DA:240,0
DA:241,0
DA:244,0
DA:260,0
DA:262,0
DA:266,0
DA:271,0
DA:272,0
DA:274,0
DA:278,0
DA:280,0
DA:283,0
DA:292,0
DA:297,0
DA:313,0
DA:315,0
DA:319,0
DA:324,0
DA:325,0
DA:327,0
DA:331,0
DA:333,0
DA:336,0
DA:345,0
DA:348,2
LF:91
LH:28
BRDA:28,0,0,0
BRDA:28,0,1,0
BRDA:53,1,0,0
BRDA:53,1,1,0
BRDA:76,2,0,0
BRDA:76,2,1,0
BRDA:95,3,0,0
BRDA:95,3,1,0
BRDA:241,4,0,0
BRDA:241,4,1,0
BRDA:294,5,0,0
BRDA:294,5,1,0
BRF:12
BRH:0
end_of_record
TN:
SF:src/components/pc/sub_components/infopage_sub_components/MyInfo.vue
FN:463,render
FN:490,(anonymous_1)
FN:493,(anonymous_2)
FN:499,(anonymous_3)
FN:506,(anonymous_4)
FN:517,(anonymous_5)
FN:519,(anonymous_6)
FN:524,(anonymous_7)
FN:525,(anonymous_8)
FN:526,(anonymous_9)
FN:527,(anonymous_10)
FN:528,(anonymous_11)
FN:530,(anonymous_12)
FN:536,(anonymous_13)
FN:537,(anonymous_14)
FN:539,(anonymous_15)
FN:545,(anonymous_16)
FN:546,(anonymous_17)
FN:548,(anonymous_18)
FN:558,(anonymous_19)
FN:566,(anonymous_20)
FN:569,(anonymous_21)
FN:572,(anonymous_22)
FN:575,(anonymous_23)
FN:578,(anonymous_24)
FN:584,(anonymous_25)
FN:590,(anonymous_26)
FN:601,(anonymous_27)
FN:607,(anonymous_28)
FN:617,(anonymous_29)
FN:621,(anonymous_30)
FN:624,(anonymous_31)
FN:630,(anonymous_32)
FN:633,(anonymous_33)
FN:637,(anonymous_34)
FN:640,(anonymous_35)
FN:642,(anonymous_36)
FN:648,(anonymous_37)
FN:650,(anonymous_38)
FN:654,(anonymous_39)
FN:667,(anonymous_40)
FN:669,(anonymous_41)
FN:673,(anonymous_42)
FN:689,(anonymous_43)
FN:691,(anonymous_44)
FN:697,(anonymous_45)
FN:699,(anonymous_46)
FN:701,(anonymous_47)
FN:704,(anonymous_48)
FN:709,(anonymous_49)
FN:723,(anonymous_50)
FN:727,(anonymous_51)
FN:730,(anonymous_52)
FN:736,(anonymous_53)
FN:739,(anonymous_54)
FN:743,(anonymous_55)
FN:746,(anonymous_56)
FN:748,(anonymous_57)
FN:754,(anonymous_58)
FN:756,(anonymous_59)
FN:762,(anonymous_60)
FN:764,(anonymous_61)
FN:774,(anonymous_62)
FN:778,(anonymous_63)
FN:781,(anonymous_64)
FN:787,(anonymous_65)
FN:790,(anonymous_66)
FN:792,(anonymous_67)
FNF:68
FNH:0
FNDA:0,render
FNDA:0,(anonymous_1)
FNDA:0,(anonymous_2)
FNDA:0,(anonymous_3)
FNDA:0,(anonymous_4)
FNDA:0,(anonymous_5)
FNDA:0,(anonymous_6)
FNDA:0,(anonymous_7)
FNDA:0,(anonymous_8)
FNDA:0,(anonymous_9)
FNDA:0,(anonymous_10)
FNDA:0,(anonymous_11)
FNDA:0,(anonymous_12)
FNDA:0,(anonymous_13)
FNDA:0,(anonymous_14)
FNDA:0,(anonymous_15)
FNDA:0,(anonymous_16)
FNDA:0,(anonymous_17)
FNDA:0,(anonymous_18)
FNDA:0,(anonymous_19)
FNDA:0,(anonymous_20)
FNDA:0,(anonymous_21)
FNDA:0,(anonymous_22)
FNDA:0,(anonymous_23)
FNDA:0,(anonymous_24)
FNDA:0,(anonymous_25)
FNDA:0,(anonymous_26)
FNDA:0,(anonymous_27)
FNDA:0,(anonymous_28)
FNDA:0,(anonymous_29)
FNDA:0,(anonymous_30)
FNDA:0,(anonymous_31)
FNDA:0,(anonymous_32)
FNDA:0,(anonymous_33)
FNDA:0,(anonymous_34)
FNDA:0,(anonymous_35)
FNDA:0,(anonymous_36)
FNDA:0,(anonymous_37)
FNDA:0,(anonymous_38)
FNDA:0,(anonymous_39)
FNDA:0,(anonymous_40)
FNDA:0,(anonymous_41)
FNDA:0,(anonymous_42)
FNDA:0,(anonymous_43)
FNDA:0,(anonymous_44)
FNDA:0,(anonymous_45)
FNDA:0,(anonymous_46)
FNDA:0,(anonymous_47)
FNDA:0,(anonymous_48)
FNDA:0,(anonymous_49)
FNDA:0,(anonymous_50)
FNDA:0,(anonymous_51)
FNDA:0,(anonymous_52)
FNDA:0,(anonymous_53)
FNDA:0,(anonymous_54)
FNDA:0,(anonymous_55)
FNDA:0,(anonymous_56)
FNDA:0,(anonymous_57)
FNDA:0,(anonymous_58)
FNDA:0,(anonymous_59)
FNDA:0,(anonymous_60)
FNDA:0,(anonymous_61)
FNDA:0,(anonymous_62)
FNDA:0,(anonymous_63)
FNDA:0,(anonymous_64)
FNDA:0,(anonymous_65)
FNDA:0,(anonymous_66)
FNDA:0,(anonymous_67)
DA:4,2
DA:5,2
DA:8,2
DA:9,2
DA:376,2
DA:378,2
DA:381,2
DA:382,2
DA:383,2
DA:386,2
DA:389,2
DA:392,2
DA:395,2
DA:396,2
DA:402,2
DA:405,2
DA:410,2
DA:416,2
DA:419,2
DA:426,2
DA:431,2
DA:436,2
DA:442,2
DA:448,2
DA:453,2
DA:454,2
DA:457,2
DA:460,2
DA:464,0
DA:465,0
DA:466,0
DA:467,0
DA:468,0
DA:469,0
DA:470,0
DA:471,0
DA:472,0
DA:473,0
DA:474,0
DA:475,0
DA:476,0
DA:477,0
DA:478,0
DA:479,0
DA:480,0
DA:481,0
DA:482,0
DA:483,0
DA:484,0
DA:485,0
DA:486,0
DA:487,0
DA:490,0
DA:493,0
DA:499,0
DA:506,0
DA:517,0
DA:519,0
DA:524,0
DA:525,0
DA:526,0
DA:527,0
DA:528,0
DA:530,0
DA:536,0
DA:537,0
DA:539,0
DA:545,0
DA:546,0
DA:548,0
DA:558,0
DA:566,0
DA:569,0
DA:572,0
DA:575,0
DA:578,0
DA:584,0
DA:590,0
DA:601,0
DA:607,0
DA:617,0
DA:621,0
DA:624,0
DA:630,0
DA:633,0
DA:637,0
DA:640,0
DA:642,0
DA:648,0
DA:650,0
DA:654,0
DA:667,0
DA:669,0
DA:673,0
DA:689,0
DA:691,0
DA:697,0
DA:699,0
DA:701,0
DA:704,0
DA:709,0
DA:723,0
DA:727,0
DA:730,0
DA:736,0
DA:739,0
DA:743,0
DA:746,0
DA:748,0
DA:754,0
DA:756,0
DA:762,0
DA:764,0
DA:774,0
DA:778,0
DA:781,0
DA:787,0
DA:790,0
DA:792,0
DA:802,2
LF:120
LH:29
BRDA:493,0,0,0
BRDA:493,0,1,0
BRDA:517,1,0,0
BRDA:517,1,1,0
BRDA:528,2,0,0
BRDA:528,2,1,0
BRDA:537,3,0,0
BRDA:537,3,1,0
BRDA:546,4,0,0
BRDA:546,4,1,0
BRDA:578,5,0,0
BRDA:578,5,1,0
BRDA:584,6,0,0
BRDA:584,6,1,0
BRDA:584,7,0,0
BRDA:584,7,1,0
BRDA:590,8,0,0
BRDA:590,8,1,0
BRDA:590,9,0,0
BRDA:590,9,1,0
BRDA:617,10,0,0
BRDA:617,10,1,0
BRDA:642,11,0,0
BRDA:642,11,1,0
BRDA:650,12,0,0
BRDA:650,12,1,0
BRDA:669,13,0,0
BRDA:669,13,1,0
BRDA:691,14,0,0
BRDA:691,14,1,0
BRDA:699,15,0,0
BRDA:699,15,1,0
BRDA:723,16,0,0
BRDA:723,16,1,0
BRDA:748,17,0,0
BRDA:748,17,1,0
BRDA:756,18,0,0
BRDA:756,18,1,0
BRDA:764,19,0,0
BRDA:764,19,1,0
BRDA:774,20,0,0
BRDA:774,20,1,0
BRDA:792,21,0,0
BRDA:792,21,1,0
BRF:44
BRH:0
end_of_record
TN:
SF:src/components/pc/sub_components/infopage_sub_components/MyMessage.vue
FN:231,render
FN:239,(anonymous_1)
FN:250,(anonymous_2)
FN:260,(anonymous_3)
FN:263,(anonymous_4)
FN:268,(anonymous_5)
FN:269,(anonymous_6)
FN:271,(anonymous_7)
FN:274,(anonymous_8)
FN:280,(anonymous_9)
FN:291,(anonymous_10)
FN:301,(anonymous_11)
FN:304,(anonymous_12)
FN:309,(anonymous_13)
FN:310,(anonymous_14)
FN:312,(anonymous_15)
FN:315,(anonymous_16)
FNF:17
FNH:0
FNDA:0,render
FNDA:0,(anonymous_1)
FNDA:0,(anonymous_2)
FNDA:0,(anonymous_3)
FNDA:0,(anonymous_4)
FNDA:0,(anonymous_5)
FNDA:0,(anonymous_6)
FNDA:0,(anonymous_7)
FNDA:0,(anonymous_8)
FNDA:0,(anonymous_9)
FNDA:0,(anonymous_10)
FNDA:0,(anonymous_11)
FNDA:0,(anonymous_12)
FNDA:0,(anonymous_13)
FNDA:0,(anonymous_14)
FNDA:0,(anonymous_15)
FNDA:0,(anonymous_16)
DA:4,2
DA:7,2
DA:8,2
DA:118,2
DA:120,2
DA:123,2
DA:124,2
DA:125,2
DA:133,2
DA:141,2
DA:146,2
DA:154,2
DA:157,2
DA:164,2
DA:165,2
DA:174,2
DA:179,2
DA:182,2
DA:190,2
DA:195,2
DA:203,2
DA:206,2
DA:213,2
DA:214,2
DA:223,2
DA:228,2
DA:232,0
DA:233,0
DA:234,0
DA:235,0
DA:236,0
DA:237,0
DA:240,0
DA:250,0
DA:260,0
DA:263,0
DA:268,0
DA:269,0
DA:271,0
DA:274,0
DA:281,0
DA:291,0
DA:301,0
DA:304,0
DA:309,0
DA:310,0
DA:312,0
DA:315,0
DA:320,2
LF:49
LH:27
BRDA:237,0,0,0
BRDA:237,0,1,0
BRDA:249,1,0,0
BRDA:249,1,1,0
BRDA:278,2,0,0
BRDA:278,2,1,0
BRDA:290,3,0,0
BRDA:290,3,1,0
BRF:8
BRH:0
end_of_record
TN:
SF:src/components/pc/sub_components/infopage_sub_components/MyPin.vue
FN:103,render
FN:109,(anonymous_1)
FN:116,(anonymous_2)
FN:117,(anonymous_3)
FN:120,(anonymous_4)
FN:124,(anonymous_5)
FN:125,(anonymous_6)
FN:128,(anonymous_7)
FNF:8
FNH:0
FNDA:0,render
FNDA:0,(anonymous_1)
FNDA:0,(anonymous_2)
FNDA:0,(anonymous_3)
FNDA:0,(anonymous_4)
FNDA:0,(anonymous_5)
FNDA:0,(anonymous_6)
FNDA:0,(anonymous_7)
DA:4,2
DA:7,2
DA:81,2
DA:83,2
DA:86,2
DA:87,2
DA:88,2
DA:94,2
DA:97,2
DA:104,0
DA:105,0
DA:106,0
DA:107,0
DA:108,0
DA:109,0
DA:110,0
DA:116,0
DA:117,0
DA:120,0
DA:124,0
DA:125,0
DA:128,0
DA:140,2
LF:23
LH:10
BRF:0
BRH:0
end_of_record
TN:
SF:src/components/pc/sub_components/infopage_sub_components/MyPost.vue
FN:251,render
FN:265,(anonymous_1)
FN:267,(anonymous_2)
FN:269,(anonymous_3)
FN:273,(anonymous_4)
FN:275,(anonymous_5)
FN:282,(anonymous_6)
FN:299,(anonymous_7)
FN:301,(anonymous_8)
FN:305,(anonymous_9)
FN:310,(anonymous_10)
FN:311,(anonymous_11)
FN:313,(anonymous_12)
FN:317,(anonymous_13)
FN:319,(anonymous_14)
FN:322,(anonymous_15)
FN:331,(anonymous_16)
FN:333,(anonymous_17)
FN:338,(anonymous_18)
FN:355,(anonymous_19)
FN:357,(anonymous_20)
FN:366,(anonymous_21)
FN:368,(anonymous_22)
FN:372,(anonymous_23)
FN:377,(anonymous_24)
FN:378,(anonymous_25)
FN:380,(anonymous_26)
FN:384,(anonymous_27)
FN:386,(anonymous_28)
FN:389,(anonymous_29)
FN:391,(anonymous_30)
FN:396,(anonymous_31)
FN:403,(anonymous_32)
FN:408,(anonymous_33)
FN:409,(anonymous_34)
FN:411,(anonymous_35)
FN:415,(anonymous_36)
FN:417,(anonymous_37)
FN:420,(anonymous_38)
FN:423,(anonymous_39)
FN:426,(anonymous_40)
FN:430,(anonymous_41)
FN:435,(anonymous_42)
FN:436,(anonymous_43)
FN:438,(anonymous_44)
FN:441,(anonymous_45)
FNF:46
FNH:0
FNDA:0,render
FNDA:0,(anonymous_1)
FNDA:0,(anonymous_2)
FNDA:0,(anonymous_3)
FNDA:0,(anonymous_4)
FNDA:0,(anonymous_5)
FNDA:0,(anonymous_6)
FNDA:0,(anonymous_7)
FNDA:0,(anonymous_8)
FNDA:0,(anonymous_9)
FNDA:0,(anonymous_10)
FNDA:0,(anonymous_11)
FNDA:0,(anonymous_12)
FNDA:0,(anonymous_13)
FNDA:0,(anonymous_14)
FNDA:0,(anonymous_15)
FNDA:0,(anonymous_16)
FNDA:0,(anonymous_17)
FNDA:0,(anonymous_18)
FNDA:0,(anonymous_19)
FNDA:0,(anonymous_20)
FNDA:0,(anonymous_21)
FNDA:0,(anonymous_22)
FNDA:0,(anonymous_23)
FNDA:0,(anonymous_24)
FNDA:0,(anonymous_25)
FNDA:0,(anonymous_26)
FNDA:0,(anonymous_27)
FNDA:0,(anonymous_28)
FNDA:0,(anonymous_29)
FNDA:0,(anonymous_30)
FNDA:0,(anonymous_31)
FNDA:0,(anonymous_32)
FNDA:0,(anonymous_33)
FNDA:0,(anonymous_34)
FNDA:0,(anonymous_35)
FNDA:0,(anonymous_36)
FNDA:0,(anonymous_37)
FNDA:0,(anonymous_38)
FNDA:0,(anonymous_39)
FNDA:0,(anonymous_40)
FNDA:0,(anonymous_41)
FNDA:0,(anonymous_42)
FNDA:0,(anonymous_43)
FNDA:0,(anonymous_44)
FNDA:0,(anonymous_45)
DA:4,2
DA:7,2
DA:8,2
DA:138,2
DA:140,2
DA:143,2
DA:144,2
DA:145,2
DA:153,2
DA:159,2
DA:162,2
DA:165,2
DA:171,2
DA:174,2
DA:179,2
DA:182,2
DA:183,2
DA:190,2
DA:195,2
DA:198,2
DA:204,2
DA:207,2
DA:212,2
DA:215,2
DA:220,2
DA:223,2
DA:231,2
DA:238,2
DA:243,2
DA:248,2
DA:252,0
DA:253,0
DA:254,0
DA:255,0
DA:256,0
DA:257,0
DA:258,0
DA:259,0
DA:260,0
DA:265,0
DA:267,0
DA:269,0
DA:273,0
DA:275,0
DA:283,0
DA:299,0
DA:301,0
DA:305,0
DA:310,0
DA:311,0
DA:313,0
DA:317,0
DA:319,0
DA:322,0
DA:331,0
DA:333,0
DA:339,0
DA:355,0
DA:357,0
DA:366,0
DA:368,0
DA:372,0
DA:377,0
DA:378,0
DA:380,0
DA:384,0
DA:386,0
DA:389,0
DA:391,0
DA:396,0
DA:403,0
DA:408,0
DA:409,0
DA:411,0
DA:415,0
DA:417,0
DA:420,0
DA:423,0
DA:426,0
DA:430,0
DA:435,0
DA:436,0
DA:438,0
DA:441,0
DA:446,2
LF:85
LH:31
BRDA:267,0,0,0
BRDA:267,0,1,0
BRDA:273,1,0,0
BRDA:273,1,1,0
BRDA:280,2,0,0
BRDA:280,2,1,0
BRDA:280,3,0,0
BRDA:280,3,1,0
BRDA:336,4,0,0
BRDA:336,4,1,0
BRDA:336,5,0,0
BRDA:336,5,1,0
BRF:12
BRH:0
end_of_record
TN:
SF:src/components/sub_components/ManVerify.vue
FN:40,render
FNF:1
FNH:1
FNDA:3,render
DA:4,3
DA:5,3
DA:8,3
DA:33,3
DA:35,3
DA:38,3
DA:39,3
DA:41,3
DA:42,3
DA:47,3
LF:10
LH:10
BRF:0
BRH:0
end_of_record
TN:
SF:src/components/sub_components/NewPost.vue
FN:119,render
FN:132,(anonymous_1)
FN:134,(anonymous_2)
FN:138,(anonymous_3)
FN:141,(anonymous_4)
FN:143,(anonymous_5)
FN:150,(anonymous_6)
FN:152,(anonymous_7)
FN:161,(anonymous_8)
FN:163,(anonymous_9)
FN:165,(anonymous_10)
FN:168,(anonymous_11)
FN:173,(anonymous_12)
FN:178,(anonymous_13)
FN:183,(anonymous_14)
FN:188,(anonymous_15)
FN:193,(anonymous_16)
FN:198,(anonymous_17)
FN:208,(anonymous_18)
FN:210,(anonymous_19)
FN:216,(anonymous_20)
FNF:21
FNH:1
FNDA:1,render
FNDA:0,(anonymous_1)
FNDA:0,(anonymous_2)
FNDA:0,(anonymous_3)
FNDA:0,(anonymous_4)
FNDA:0,(anonymous_5)
FNDA:0,(anonymous_6)
FNDA:0,(anonymous_7)
FNDA:0,(anonymous_8)
FNDA:0,(anonymous_9)
FNDA:0,(anonymous_10)
FNDA:0,(anonymous_11)
FNDA:0,(anonymous_12)
FNDA:0,(anonymous_13)
FNDA:0,(anonymous_14)
FNDA:0,(anonymous_15)
FNDA:0,(anonymous_16)
FNDA:0,(anonymous_17)
FNDA:0,(anonymous_18)
FNDA:0,(anonymous_19)
FNDA:0,(anonymous_20)
DA:4,3
DA:7,3
DA:109,3
DA:111,3
DA:114,3
DA:115,3
DA:116,3
DA:120,1
DA:121,1
DA:122,1
DA:123,1
DA:124,1
DA:125,1
DA:126,1
DA:127,1
DA:128,1
DA:129,1
DA:132,0
DA:134,0
DA:138,0
DA:141,0
DA:143,0
DA:150,0
DA:152,0
DA:161,0
DA:163,0
DA:165,0
DA:168,0
DA:173,0
DA:178,0
DA:183,0
DA:188,0
DA:193,0
DA:198,0
DA:208,0
DA:210,0
DA:216,0
DA:221,3
LF:38
LH:18
BRDA:132,0,0,1
BRDA:132,0,1,1
BRDA:143,1,0,0
BRDA:143,1,1,0
BRDA:152,2,0,0
BRDA:152,2,1,0
BRDA:163,3,0,0
BRDA:163,3,1,0
BRDA:208,4,0,0
BRDA:208,4,1,0
BRF:10
BRH:2
end_of_record
TN:
SF:src/components/sub_components/mappage_sub_components/MapPinAdd.vue
FN:153,render
FN:166,(anonymous_1)
FN:168,(anonymous_2)
FN:172,(anonymous_3)
FN:175,(anonymous_4)
FN:177,(anonymous_5)
FN:184,(anonymous_6)
FN:186,(anonymous_7)
FN:195,(anonymous_8)
FN:197,(anonymous_9)
FN:199,(anonymous_10)
FN:202,(anonymous_11)
FN:207,(anonymous_12)
FN:212,(anonymous_13)
FN:217,(anonymous_14)
FN:222,(anonymous_15)
FN:227,(anonymous_16)
FN:232,(anonymous_17)
FN:242,(anonymous_18)
FN:244,(anonymous_19)
FN:253,(anonymous_20)
FN:255,(anonymous_21)
FN:264,(anonymous_22)
FN:266,(anonymous_23)
FN:273,(anonymous_24)
FN:275,(anonymous_25)
FN:281,(anonymous_26)
FNF:27
FNH:1
FNDA:1,render
FNDA:0,(anonymous_1)
FNDA:0,(anonymous_2)
FNDA:0,(anonymous_3)
FNDA:0,(anonymous_4)
FNDA:0,(anonymous_5)
FNDA:0,(anonymous_6)
FNDA:0,(anonymous_7)
FNDA:0,(anonymous_8)
FNDA:0,(anonymous_9)
FNDA:0,(anonymous_10)
FNDA:0,(anonymous_11)
FNDA:0,(anonymous_12)
FNDA:0,(anonymous_13)
FNDA:0,(anonymous_14)
FNDA:0,(anonymous_15)
FNDA:0,(anonymous_16)
FNDA:0,(anonymous_17)
FNDA:0,(anonymous_18)
FNDA:0,(anonymous_19)
FNDA:0,(anonymous_20)
FNDA:0,(anonymous_21)
FNDA:0,(anonymous_22)
FNDA:0,(anonymous_23)
FNDA:0,(anonymous_24)
FNDA:0,(anonymous_25)
FNDA:0,(anonymous_26)
DA:4,3
DA:7,3
DA:143,3
DA:145,3
DA:148,3
DA:149,3
DA:150,3
DA:154,1
DA:155,1
DA:156,1
DA:157,1
DA:158,1
DA:159,1
DA:160,1
DA:161,1
DA:162,1
DA:163,1
DA:166,0
DA:168,0
DA:172,0
DA:175,0
DA:177,0
DA:184,0
DA:186,0
DA:195,0
DA:197,0
DA:199,0
DA:202,0
DA:207,0
DA:212,0
DA:217,0
DA:222,0
DA:227,0
DA:232,0
DA:242,0
DA:244,0
DA:253,0
DA:255,0
DA:264,0
DA:266,0
DA:273,0
DA:275,0
DA:281,0
DA:286,3
LF:44
LH:18
BRDA:166,0,0,1
BRDA:166,0,1,1
BRDA:177,1,0,0
BRDA:177,1,1,0
BRDA:186,2,0,0
BRDA:186,2,1,0
BRDA:197,3,0,0
BRDA:197,3,1,0
BRDA:244,4,0,0
BRDA:244,4,1,0
BRDA:255,5,0,0
BRDA:255,5,1,0
BRDA:266,6,0,0
BRDA:266,6,1,0
BRDA:273,7,0,0
BRDA:273,7,1,0
BRF:16
BRH:2
end_of_record
TN:
SF:src/components/sub_components/mappage_sub_components/PlaceSearch.vue
FN:230,render
FN:241,(anonymous_1)
FN:244,(anonymous_2)
FN:246,(anonymous_3)
FN:249,(anonymous_4)
FN:250,(anonymous_5)
FN:251,(anonymous_6)
FN:253,(anonymous_7)
FN:259,(anonymous_8)
FN:276,(anonymous_9)
FN:276,(anonymous_10)
FN:285,(anonymous_11)
FN:286,(anonymous_12)
FN:287,(anonymous_13)
FN:292,(anonymous_14)
FN:301,(anonymous_15)
FN:302,(anonymous_16)
FN:303,(anonymous_17)
FN:306,(anonymous_18)
FN:312,(anonymous_19)
FNF:20
FNH:0
FNDA:0,render
FNDA:0,(anonymous_1)
FNDA:0,(anonymous_2)
FNDA:0,(anonymous_3)
FNDA:0,(anonymous_4)
FNDA:0,(anonymous_5)
FNDA:0,(anonymous_6)
FNDA:0,(anonymous_7)
FNDA:0,(anonymous_8)
FNDA:0,(anonymous_9)
FNDA:0,(anonymous_10)
FNDA:0,(anonymous_11)
FNDA:0,(anonymous_12)
FNDA:0,(anonymous_13)
FNDA:0,(anonymous_14)
FNDA:0,(anonymous_15)
FNDA:0,(anonymous_16)
FNDA:0,(anonymous_17)
FNDA:0,(anonymous_18)
FNDA:0,(anonymous_19)
DA:4,2
DA:5,2
DA:8,2
DA:130,2
DA:132,2
DA:135,2
DA:136,2
DA:137,2
DA:141,2
DA:142,2
DA:150,2
DA:157,2
DA:163,2
DA:168,2
DA:173,2
DA:178,2
DA:182,2
DA:183,2
DA:191,2
DA:198,2
DA:204,2
DA:209,2
DA:214,2
DA:219,2
DA:223,2
DA:224,2
DA:231,0
DA:232,0
DA:233,0
DA:234,0
DA:235,0
DA:236,0
DA:241,0
DA:244,0
DA:246,0
DA:249,0
DA:250,0
DA:251,0
DA:253,0
DA:259,0
DA:276,0
DA:277,0
DA:285,0
DA:286,0
DA:287,0
DA:293,0
DA:301,0
DA:302,0
DA:303,0
DA:306,0
DA:312,0
DA:318,2
LF:52
LH:27
BRDA:246,0,0,0
BRDA:246,0,1,0
BRDA:249,1,0,0
BRDA:249,1,1,0
BRDA:250,2,0,0
BRDA:250,2,1,0
BRDA:251,3,0,0
BRDA:251,3,1,0
BRDA:259,4,0,0
BRDA:259,4,1,0
BRDA:269,5,0,0
BRDA:269,5,1,0
BRDA:271,6,0,0
BRDA:271,6,1,0
BRDA:271,7,0,0
BRDA:271,7,1,0
BRDA:286,8,0,0
BRDA:286,8,1,0
BRDA:292,9,0,0
BRDA:292,9,1,0
BRDA:292,10,0,0
BRDA:292,10,1,0
BRDA:292,10,2,0
BRDA:302,11,0,0
BRDA:302,11,1,0
BRDA:305,12,0,0
BRDA:305,12,1,0
BRF:27
BRH:0
end_of_record
TN:
SF:src/components/sub_components/mappage_sub_components/SwitchPos.vue
FN:176,render
FN:187,(anonymous_1)
FN:190,(anonymous_2)
FN:191,(anonymous_3)
FN:198,(anonymous_4)
FN:200,(anonymous_5)
FN:211,(anonymous_6)
FN:218,(anonymous_7)
FN:219,(anonymous_8)
FN:221,(anonymous_9)
FN:227,(anonymous_10)
FNF:11
FNH:0
FNDA:0,render
FNDA:0,(anonymous_1)
FNDA:0,(anonymous_2)
FNDA:0,(anonymous_3)
FNDA:0,(anonymous_4)
FNDA:0,(anonymous_5)
FNDA:0,(anonymous_6)
FNDA:0,(anonymous_7)
FNDA:0,(anonymous_8)
FNDA:0,(anonymous_9)
FNDA:0,(anonymous_10)
DA:4,2
DA:5,2
DA:8,2
DA:9,2
DA:169,2
DA:171,2
DA:174,2
DA:175,2
DA:177,0
DA:178,0
DA:179,0
DA:180,0
DA:181,0
DA:182,0
DA:183,0
DA:184,0
DA:187,0
DA:190,0
DA:191,0
DA:198,0
DA:200,0
DA:211,0
DA:218,0
DA:219,0
DA:221,0
DA:227,0
DA:238,2
LF:27
LH:9
BRDA:187,0,0,0
BRDA:187,0,1,0
BRDA:200,1,0,0
BRDA:200,1,1,0
BRDA:219,2,0,0
BRDA:219,2,1,0
BRF:6
BRH:0
end_of_record
TN:
SF:src/router/index.js
FN:10,(anonymous_0)
FNF:1
FNH:1
FNDA:1,(anonymous_0)
DA:5,2
DA:10,2
DA:15,1
DA:16,1
DA:17,1
DA:18,0
DA:20,1
LF:7
LH:6
BRDA:17,0,0,0
BRDA:17,0,1,1
BRDA:17,1,0,1
BRDA:17,1,1,1
BRF:4
BRH:3
end_of_record
TN:
SF:src/router/routes.js
FNF:0
FNH:0
DA:9,2
LF:1
LH:1
BRF:0
BRH:0
end_of_record
